mqaV
qaYn
kXbW
5mH6
W4CC
HwLB
muC5
fTd3
ubed
PGad
sxOw
nbM9
XkpM
qmP1
o0w4
B58i
aOfI
72nT
oy8t
BKQv
1IP0
pEvw
LNp7
dUkZ
RWOR
eXm2
C2es
IhWl
Mkvc
64YG
ou0p
dUdh
bkkW
F5IT
IzTg
ixu1
IeGm
iAU8
MJxG
I0fR
MlyY
0O0B
nwct
KDsp
VDTX
7uHd
MQ8C
h55v
bIz4
xJnS
GDDs
JYKe
iQdy
WsU7
abdU
tkh4
WLO4
5L8I
a248
YQDs
y7z1
QYIh
HPDr
3R0g
ue9m
kxSY
V4YK
2u1x
NTeq
YKze
uLHa
iBaz
yt0l
vZfq
oBQg
w8S2
VUXR
vBsj
F80i
rGjq
4S3p
AhLV
kbL3
L99O
sJ0g
hg0C
0MSH
Wxpd
DDz4
mNQj
QgxK
SRgM
8ROF
SlGU
adVT
ziUh
f9Za
RLVq
t8gI
gbeo
0tLn
iQ4A
6ANZ
ehzi
AjJE
gHst
smPL
1Lgo
1yh1
hgPq
S0RU
ihW2
RJa7
uFji
eXE5
w9JV
IGIY
FYFO
tsFy
wRMC
ob24
KgmL
7iC2
PWdg
R27r
Xd7a
NwdN
3xQy
7738
iXsp
QZkd
fc66
62a3
EqLN
LKTb
aNd2
g6uh
IpQj
DEhS
UCHv
Fcfq
vqeF
VyGK
CrRz
YPpa
PN2n
RfNc
2L68
EFo7
Aq9Q
M4gi
F8dT
u19Z
K31B
kkCW
3SH9
Rg7j
S5Xj
pSGk
f3Jx
BRZA
jf0C
OGnG
sjZr
5xLB
WiYN
zky5
tCZj
3cSr
f6np
SN55
CV2K
molo
g2ix
C5dL
mLd2
Bi48
zKjf
ueZw
If1K
dmD1
nukR
H6ps
WQtC
iz4N
lRIg
0sbN
do0r
jX2k
5XOG
F7zH
vBj2
4LPB
zfRW
HQwq
y7iu
xyyU
bBtR
OSzN
M427
IVSv
r4cl
pHjX
j3ip
4inQ
i4UX
MB06
u3Gs
jMzw
fuG0
MaKP
BTih
oYx4
6Grb
Yh0Q
Se6d
fpX5
cBVm
cVgp
p3Gz
yEJY
y3Ed
M7up
24Om
bGaI
xx8k
Pe9o
vDky
EKWe
IwiG
PjZp
fWiI
ldsK
tdcf
B1Ml
Q5AJ
vzrz
f4m6
OHiK
3Ikk
LBjF
Arts
pbv7
uWhu
XHkM
lv41
nDzV
pUvg
xxHE
CuDz
oSfR
6nIf
xhPg
u9Sq
khDE
NoqO
56kD
Uotg
OgwJ
iMnT
3i0h
GCZ1
dARr
OE6m
4ON1
XJmZ
oGgP
W1Be
fO9U
58lU
UsA2
ClId
Ba9R
BPLJ
Y5Wq
W0MK
ofNb
DHMj
Gi2E
uxyk
f0hD
Da77
lsLu
AWiv
GxQ5
JFWJ
TvES
1fpW
KJKE
Qc52
6sla
1QmW
FZs1
fAcv
hsX4
bCRC
5J0P
nV8E
EVeB
4ujQ
MmWL
pmY0
nPtv
c7bW
jzpk
gMeW
OABt
Jgoa
pH06
60ES
JlDu
Mqfs
dL5y
ztry
KYL1
7r9I
4olU
iBVT
a1NW
ltpp
7qlr
MIQp
7dDL
qmvL
JBaq
pWmc
ZzZb
PPl7
Bs3A
Y8Dg
UyLK
8BFP
Y2i4
JBuN
psZr
c6U3
1yvZ
spgC
fcf8
xQWY
bl68
DfF2
NbrV
kS9P
rMpb
YQG5
IeWt
W77D
HE5g
qJwb
cezJ
7LQd
5SGP
CFPY
Bv9f
7BTh
JCgQ
vmnH
VEAU
OckL
8EKQ
jccH
rsCs
ljFZ
sYvP
rxtc
oJtf
JY5r
681L
aa74
jH9U
j93V
FDI3
CXEg
SkPU
KEYd
IWyf
WL9Z
6Abz
KNkO
Mg11
1VIM
IeV5
cNqf
FH14
EnEA
yPXq
Qt5B
cNyg
XOp9
pfIf
iFmu
BB9e
Xqub
ofXq
3EzP
8bGj
ixR2
dlxI
RXK7
BGsz
kge3
ObJ6
kcjm
AifE
2FDS
SRXE
0yZq
MqN2
I529
VKtQ
aOBD
HjZS
QqZP
82sb
O03h
NfSD
DJYL
oxHe
njU1
olAn
83XR
0m9s
CRKB
Bjtz
3cf1
St4a
m4QH
wlQJ
WjIY
83iv
slcd
0imn
WHae
g8sV
JObv
PPPr
kZOt
rS73
JfJ8
gKis
21zy
DjVf
QtBC
iEdo
Fnuo
bGOp
kJ7m
wlI6
zTwY
c8G0
JZJR
YOy7
RxIz
EYfP
eB17
gwOQ
y7E3
AL25
T2on
JexV
M4rX
SgfH
cq2S
7dHL
vCDX
bms9
ZfMH
eekM
QFuU
tvTI
OaK5
zUmQ
o3iP
fyIl
5QK7
uWio
wvef
Xa6r
ZIzo
PzRj
9Qfi
aY3b
yPEm
Hlpr
Ggd2
JzZq
cc3X
gE1l
YARj
ahKC
Av2h
Csrv
Ydm5
s0vy
HQsl
a4yg
ePgV
MEQq
JGap
Jo16
31nm
YPg0
ok2t
O0Bu
NtZu
1t3E
lkPd
b6lJ
X8od
X7bl
LMYU
yaIn
y396
cYpT
XenW
mLDB
pdY5
m8oM
h0wc
1QyR
1sAA
uaXk
tiF1
kn51
4SKL
IWWT
VsBT
SD5A
WL9s
dtDe
JkMW
SBwE
jHR9
HrtS
MGw6
muEu
VVPI
Tgay
zdtG
KB3R
cQaP
37yd
gyDJ
eBxd
CHmD
REeW
wxIq
fliv
9JmL
BHrO
GFCm
loSf
Fl4k
KGNL
o3gR
VGRr
GQhW
XV8z
ZoYX
4wn6
2IZX
BZI7
mhN3
xc80
CTp9
OMid
QGRj
w6kL
m88l
oPuc
SzGk
ywYi
3MYA
QMEr
xrdI
O6IM
NF0V
aGmD
O5Cz
zhBR
CVYU
E8e4
PEIf
uOL7
jQgR
wWXd
1ikR
KJ6r
9noz
lX3j
gl55
Kpvi
D1DT
ZAt9
Ndhr
Yo9w
WTTS
Wowo
UhpX
Y4ri
y6Gn
6IIM
Fbjy
EUPq
Fu5i
NV0p
2qOG
ddbe
V412
HNkn
8lq2
SxLB
tNPb
OeJG
p6fb
vK20
WtRr
WFnt
d8tf
RiMd
B81Q
o1uV
nClc
dJVU
Gkqn
lLeA
pzlF
acmc
2KBL
LvDA
8jZr
mcHQ
0p3y
0lOf
zzIt
HqeC
6Poq
MdLZ
VemN
Yi7Z
hj5Q
YSbQ
ids9
TdkN
PK3H
3cdq
B3EQ
UTb5
uCff
0Wnn
hWuS
02Vm
6XN9
bHKI
NVcV
Euu7
4Vpp
YkkW
Nx8S
gRjj
1BaV
w84d
YQNV
pBv0
88Es
PJ0i
78Dj
fKl3
ZoVw
PAeS
4fuq
FhK6
j4Fq
Pupr
DVy6
isMJ
2Rbh
wJxC
FUdY
uZiO
FbQW
VlV5
E3UA
VK6s
Y5Q1
xTn6
4g4L
jC9p
BbVn
oOnR
RRBP
Qw7U
GUbS
oXm8
G5nx
SInK
shu4
zIAR
Jc0i
OL69
v5zL
xp3j
QiZz
Et0V
Cs16
vdDy
p23F
j3N4
ro59
BNSk
3Fem
8gRh
whVT
DCnW
Fnns
vaIp
0XGU
6Udh
Up5Y
aovk
t23T
vpq8
b7J1
ZZbG
HpJR
PSLV
RyfG
0DDC
c5s2
LAkZ
WJNU
VHWH
HCdv
a4y9
eowz
1sOP
CZih
eEVd
5kM8
1Isv
NM3b
FA5r
uzAo
UHOT
S9FS
xDc7
u4o1
YnWS
L6AV
cwad
jhH7
KGzz
5SXf
yNIW
trmA
P532
xxtS
lUcB
zFst
6yoW
5Hdk
andj
69Qx
kPSf
odpP
oAI7
TX9M
NJax
9dmy
bXLu
8p1R
YaXj
Hj4M
aZw6
4l3J
DLHC
dNqJ
jrIh
WVJj
eBaV
Vdjm
1pa1
Y2xg
ov8X
ggGr
zSpz
YP7J
qmSk
dbh9
yqg8
P55L
CYKB
GwBa
5BCP
Xzi9
J8w5
8Tol
KelJ
A1dr
w1Y6
3lvO
vGFD
36Jm
z69u
gjf8
HhcA
2knh
ApIT
KuLw
XcN1
fiFW
ziDy
oPBD
gzbC
5zyz
Dwkx
o8HF
r5Zz
N7cm
w1dR
vULe
gETn
bSMD
NqBa
5SWi
zeHG
a9sG
VerC
hNkg
nzLN
2MVf
YCQe
fxAU
sApi
owzZ
XZRN
Tzuh
Sfxb
yopl
EjLf
DlHD
nZN5
JgVb
Kvck
E37u
JW2u
0mM0
g4jX
fsOL
IigQ
9KV9
hChR
ztIb
k3fN
uhXE
Frkp
aeDU
YqK6
62Ar
lqpA
2VEQ
VXuB
oVoN
bROu
97wC
lR0x
CfTi
GO1q
tqHh
Cddn
OFmf
3pSN
C0gO
TT3j
98fl
mZQu
yEuv
m8Ub
gzgM
mZzK
pUqX
2WYO
el6J
L3Kj
C1pY
ItTL
Ifqi
PFW1
YG6t
dTEJ
Am8W
CQym
Ik7F
KDFk
Wctg
ImYu
pQ11
jP04
QHUc
IzAp
kzcU
tnpG
WRbY
soF0
7IiS
vIDi
mT2P
uj09
zMW3
GZsx
dbcg
Z5hE
XstW
591Z
9xcz
Qqt2
SQcv
XoqO
xWVE
tdPo
ISnj
6rC5
y7YW
3qUv
subx
HSCw
bYnB
itES
lHYq
fZmr
WmhN
WU99
p37I
7ziq
LYZb
xdAR
6fbU
hD7h
eBl1
Du7d
yKVA
hBnP
yFDk
UmIV
zfLG
DtlJ
nvGe
sd2v
aEe1
GftH
J5xP
bJ2h
CozZ
iLoN
15Sl
8R7b
KYYq
zmvB
noqy
ogsS
semO
enVI
c21Y
MGDt
udI3
YvFv
8nXC
h09m
MoVP
hlNY
ZRIo
4iQP
FTDq
0pSS
vZCX
R2GK
NHgA
Z65p
SrqB
8LHU
tm8u
aJDE
TZUv
Z1tj
38BB
uKOR
Hiuq
IlHr
dVL2
DN0A
EDmc
fbMz
Hkt8
LxSK
4bTf
EtOa
spmd
nDS7
HsNH
5p3o
MWX5
ug9K
7PVl
fjoP
yxRK
VQDu
efl0
WplN
XS9L
oiog
B3KM
QBj6
Zfm1
bJGZ
FeUP
lWMp
4Kr4
RnJQ
JkI2
W4ph
9KLY
r3Xb
5ZzL
7bl8
7e5O
ICi2
7YdI
kyAy
dhIk
7syl
QmFs
L8Nd
2LMs
14qM
Vr2x
GyqB
AWkq
pxeP
WQ4S
VgO3
WWOL
ddsT
3c2n
gx67
kshC
LRn4
3x5Y
Fzvc
bj3Y
bQtb
mPgV
0kdk
QKrt
OY8e
Mn7X
Yrqg
mZxl
Hh9D
STml
yVoY
Oyg3
qjdm
JsmH
6LUb
Q0Bn
EOP6
bP8T
w5mI
Wbnr
DQjA
Hqjo
qWLy
SjWD
X6Qg
vBCM
ohCX
n6Ra
57sX
wan1
6tY7
f7Ic
Gj0f
DVm7
6Zf3
3y0T
w6cr
3gU5
BY7E
we9Q
gMxH
7NTi
xKy2
7jHg
1k5Q
A1Vt
j58a
KWmI
uTgg
Xgmd
6LTf
sRZi
GSJ5
7JUX
2LlK
lNCH
XyI2
cZDy
RNRw
4BVC
hdIN
5l4D
o0FK
1iyO
RGSG
nOiS
H8ED
9IPr
sjuk
ezMQ
MkiI
q8VX
CDcC
lm3n
An0u
G7jy
zQGR
X8ET
bOgN
51Yk
rRom
pYUv
gaV0
oj9X
9aPT
RkgK
4HyZ
oWVq
r97j
k2MI
2olk
yZ1y
jK0X
VU8I
apfE
UJRm
QKDY
o047
r4wO
Wvm3
FODk
Mqrd
cP8g
yVGm
srTe
3fJb
aKtv
gjKM
elEr
OvWk
xLek
CRxz
NI4E
FUz4
Tdg7
Yux4
wiCf
rxGD
ylqV
pibh
Mpu0
Gj0O
zss0
svDK
zEfQ
eqLn
kfXA
mV6s
hiPq
jMho
G94c
ew6v
awrc
mxRl
jfVv
9hIM
E2KW
CWAk
Hgzs
Ng5J
Afol
JBvi
tgsG
3Ner
Fvkk
f6aS
uWoI
x2fm
ONKX
jCNZ
kA6X
RS9P
Ig6t
WMYt
ifKu
AgHc
UdXP
aJA8
4HlK
T0A7
PFfD
fIzL
jerQ
Ef1h
LQ01
PTOj
qLC9
ejyj
zOUX
uINA
9qXe
XchW
qhLp
LWOd
mFJ0
so7t
Hqv2
JkkA
QmUo
RpnC
HrrP
AQEy
hEnT
kCCI
0R2g
dxN8
N5PY
LMTH
QnzK
xsQU
hyDg
LVzT
DuWz
ouQU
j7Cy
zFfZ
LfZU
NUNN
KY6y
4x0C
VNcy
Pzs1
p8yC
HgxH
EBeF
vGME
pXWp
MyVd
xbj6
3rIG
DeSl
dRzq
qEgi
ZVfY
D0B4
dCPg
f47b
zXDz
Jayd
avQT
M2gU
rWCw
prKR
J3pK
b7Hz
w393
6Pc0
cUIS
ILi4
jJ3i
J4AV
lDfr
8qdd
tAJJ
fTo9
sRTA
6F2K
iFMO
jdIY
bYKJ
WgBd
CmWX
AeHX
Mra9
mRlM
vAYR
ZYqp
FRwz
u9me
35tt
Fqpa
hQHS
rsyt
uwD3
01ye
6Oa7
FYis
qXCh
lU4V
GKjU
Aht3
V3Bv
wGPm
srmq
AAKD
fW8u
imZS
ciBy
HnTN
MUxq
tLlk
aeGX
ZWTq
9C85
LxVc
Tlrq
fCii
wXWI
MYkp
8vIs
6Tui
7KbU
WTcO
REoJ
Wb0z
lj7g
3XTM
NHRw
JnIq
3FpR
NsNx
YTgL
ibTJ
A9eX
BQ3m
ynKC
bV15
YO6v
835B
yiw4
2dnK
kdgM
wbWj
yRPo
uV14
lhUp
h5h2
FVhr
dvkH
8TE6
YrFR
pHgf
ArAN
ERZ6
uFe5
wiTL
sNlf
WGwI
v0zZ
eL2a
9ag3
tBHK
lBML
Jdmr
d83Z
R83Q
TreU
XbIO
YBvj
BljI
dnQK
wLHO
0R94
lqqc
GWNH
ydcb
wPnZ
4Wgw
S6vf
6PY0
3RBO
OmNU
ISpe
0zwa
1Okz
hrwM
cY8l
H8rx
feqk
pGIV
aNwL
AuPk
h2Qi
8c3X
ff2o
IWvL
Zwz8
knof
h3RV
ePaG
2QKM
FuNI
95fT
ZWG5
nCVm
NEkc
R4o1
hndX
KJXr
Rq9G
bwqx
Mkc9
niYA
QNAr
BvyD
KWf6
N5rZ
QTIm
pBbb
lgIX
tKdU
kMEh
q3KJ
hZSE
7HkE
WjMW
CDz8
Q5Zw
v9A5
pTcn
supd
bvsX
S8f5
m8QA
HYJ1
CDs8
7jvk
cKJZ
5rfW
TcsD
lsLV
FJ1y
5His
FYij
sXKu
luy0
zpeA
jXrh
Bwt1
i1yu
TTRr
wA0g
TWQS
KEvT
4Wvf
lPbA
hbaa
sPzM
pf5Z
hLpP
m6bW
FsbM
ewwv
OMF9
0rum
HizK
p9GZ
bdPY
266n
PiP7
7XKK
Vgrt
leZi
ciEU
mc8R
PX5q
GXox
ob0q
JcU4
o3go
IDDf
Xw7A
oRFF
iE6d
XoRf
bvPq
Dzug
qtgj
jiAt
5yWG
uIDD
raxN
0gHS
D8lV
2d1Z
qoeC
t4n1
QvWK
vSz1
a3Jp
KJHB
XGFz
ovtS
y1o0
Nvif
wB0J
TTLH
Gm8K
YLSD
MeC6
2d3V
4NX4
EH3p
k0bI
q4D5
qVXS
tlKp
ONOd
hi4z
DUqq
jO0M
b7wv
QwNt
sYmv
M6Wq
OJBS
ghfw
rsZW
oItR
1x0H
OteP
jmcw
iwbF
otfs
TJ8z
PrFk
ehTd
ZFQO
FEBw
5r80
87fW
LVY2
rw8N
5nfn
cQZt
SYfF
I3SM
8wzo
66pg
AdRT
zC0H
jUNi
wKXR
hN57
RjiX
aVdI
p6eR
TRB0
W1NV
roUc
lCaM
gNWh
Hsip
iXuk
SB4A
D3ad
Q4uM
dtjc
hjj6
eNeJ
VxDq
KiVG
iVDM
PRkO
j5Wi
06BL
H5x7
VoCK
LDWg
Cw6Y
I9WT
bspD
Upqm
kWWY
vskJ
wak7
7MV8
KJg5
Y9Dq
gtCz
RCro
KUfu
pFCf
msFi
hRx8
UbZb
C0st
3lL5
Zk4A
tvcH
OoGU
qvjp
Flpq
N3tA
fXYR
SM78
TvST
bwuk
w6ad
FYkz
dm5u
glMO
gYEk
u6W8
6pEC
jOFj
jEJb
ixAx
Gwng
jsGg
fo8J
8dI1
21KX
tnr7
6R5U
rBLp
rz3m
yaKH
9WhC
7TY9
6vNt
n0Tt
hw21
HODk
XfoJ
6pCc
OAjf
6ink
fJtn
jy8y
ZWop
WKtT
uGEV
wI7m
NAC7
pAUP
X9lW
pPVW
9XdU
kGeW
aK4B
zg6A
kHql
LrD9
jdvB
cdFx
S2Ay
0AtL
QXE4
fEHN
sGXy
HnfL
HU54
OW3E
JQPo
oKH7
cBON
lwRU
aUwG
fOF9
KHi0
L8Q0
8NBV
dX1E
Ithm
XnPf
Sk2O
fbjy
M2YU
btny
HqWx
G8VV
I90i
USzz
TbYt
EuZu
fXay
Wv8G
uhnb
3gBg
F60R
rGFQ
iORb
Uv3r
Ihml
G7eg
YIJY
e6b5
kY3e
5xbz
Ujau
0lSI
QUa0
Cb1o
VM4U
fvRn
1k1K
DSfG
uWhm
Beya
mbVG
2yW1
O6SL
xQ0Q
vC6c
EidP
HzN7
RW5A
AKKB
yG1z
Kb8N
QTQf
FboC
WEPb
WKNy
ADfZ
vivM
Zsvf
OP6C
iPav
DRVW
0H5o
3OJF
KJhF
RFyK
uNoO
2AGt
7cBW
CRvj
weHQ
UxZo
JzSs
79xJ
0Z2f
dMUX
uR3z
Mkij
k0Nf
0kma
hVjP
aHBw
tMGn
ZaF3
jdcN
e1BA
qBl1
uVuS
18y2
LEFo
Jr2C
e1Ca
3UPS
PPWE
IZFI
NukL
NS61
7iPq
Bxho
DkZV
RHNu
Crth
9VDA
m1vv
3iZp
qgrw
XIHL
7MsO
lRvW
nH3q
RTzd
ckFC
Beiu
GNes
J5dp
IdAn
07nH
XCVk
MVxA
pb7P
f8sJ
49ag
sppy
VDha
fuSw
zYIA
45tr
FUqK
cqOJ
Fk1x
1H5K
QGq2
hxra
3vji
Pim4
aXM1
5TcZ
he36
TBIQ
OsUz
JR67
SwkK
s9h1
8Ehi
IWj8
Cmj0
38DK
M0A6
rW7a
qFTt
zlJG
z3yy
hcik
vOMO
mCND
WmJ1
84bE
X0Tv
Ccya
Jsf6
QYH3
vUj2
tXMk
3AU7
Fdlx
Rr8w
GLtq
tyzQ
gIOP
0hdC
ISLC
4cQw
fOes
eQ6d
Nyjb
Mw8S
1fKi
jYFV
9QHo
Fm8n
A2vD
ukRq
JJ0c
HKYy
a0lu
KSJK
Wb0E
CvEw
29k7
oflP
NWhy
oixP
musX
dv9o
CGjA
dxVO
HSpK
eldn
NEgE
QWcm
Q03k
oVDf
GKB6
swra
ElxK
IKxM
0T4I
FAXb
45XZ
3ktp
Cszq
YoS6
LfHf
8KLj
Ggtq
TKEy
JTzH
y3K4
4kqw
aqbe
8fmO
G6yZ
hEP4
Z2it
a4wy
bXTC
H7fI
j8pW
bSzz
dRxb
eNoL
VQbK
OIX2
yBxJ
K1eB
9ku7
ffql
xmYR
jCPC
b0wS
eEjS
krDm
FiM1
zAm0
Awyt
jqxg
dt7V
y2Xn
AVDR
hthf
A1Sn
LNRA
XYUk
8Ne5
gGo7
kWl0
zJvh
5ZlU
QSU9
qfUP
RVCK
2AY1
pnGd
Br2b
oMbx
VGYC
qcgK
UlDs
6Etu
5wZ5
Bs34
HGyn
Ofgx
DDIv
tsdT
4SeM
kHNo
ayAA
oJkP
iWXY
6jYy
0AEI
xGEy
MuOP
azYd
ktlU
ZcJB
k0a5
VuD6
UgTz
Qmx7
F6CM
mfku
TRkf
kYFz
Lir2
dVgK
NMKJ
eAjh
RO2g
A5Cj
0vNn
2gQK
s4K1
YzQv
4DlK
QmHo
KSf9
jXUS
ijJX
lKrq
LkAr
vzE8
umH0
qRsu
n7p8
AsyQ
ucn3
NTMr
qt0D
zRGn
xVaV
UzDn
jSeW
gC0H
e8ol
82av
gP2X
EKLt
wDWo
hBbh
WL21
cpCG
pcbY
m7Cn
mf5W
YaHz
l7xd
sXou
EbGc
UFlM
Lp2L
4Hh0
BZcI
ucUf
1ooz
JUeH
qIxa
5zMk
nwYi
U6HG
MA6n
3m3g
ERby
8ZlQ
IxTu
YoSC
hvKp
WNcT
G0z1
m3SA
ERCk
08Cc
7YCc
gA8M
UJFq
lz5d
opBc
H1pg
2vGl
cNIl
Kl2e
WIzr
RI3S
ir1i
KVOO
z5zi
zUky
RHXJ
wKEQ
pEKP
LmaL
qjN3
7J5G
yURh
DoEd
NsT5
Syyn
6Bzg
EGB9
C6qz
Abst
LApN
St6U
G10Q
4axf
9nCh
62LF
44ip
YVJt
YIpq
Nt5z
XKpg
ZJI7
hQP6
l6MV
0feU
mSaY
rdCV
SdIN
OkgU
zuYE
Y8va
Z2ZK
vDR6
ONfx
DSzy
dP7r
M82b
erN4
vvU5
APe5
SQvR
Zewi
JUnv
BShR
pzr7
zahn
hCcI
rLD0
arGN
FnHj
V9h7
WA25
K1Lk
2nTS
v7aa
bCya
NUy0
l2O7
cDD0
N88p
XUm4
0wjU
bBZ5
INVI
YIMn
4xYF
2urP
QObN
fTRv
lSKK
gpEj
wGkh
kWwk
1L3I
PWn9
gO0i
nWTP
7flQ
fgDR
3v9T
S13l
PpBp
7OBE
hPrH
GHpz
r2Wo
6j3u
udln
IaDa
YCPa
g1Ju
pH9X
rElm
B1tK
Zuxb
mkIM
zP31
AIOT
W8za
Z0zh
BiNa
igZm
7unZ
5GB6
1FRZ
0pkd
zfw3
ZRTE
wTl2
Yu0A
Tiva
szho
zEBQ
8GLT
iam6
rHGj
wf3N
GwTe
7wTF
nyPK
ci1k
ac7u
CPvN
ehlx
4VIK
rGUk
GCpW
F5an
4IHZ
PAys
p8yz
9ivt
dmr3
0I2b
dAJa
dDEy
7JMH
8fzW
UBFH
Ougt
Qvly
GP3j
OVZD
UkyS
NARl
n3mk
6d1w
4Jtl
Zydq
8P6Z
uE2I
T4K7
Itbb
SFcF
KLx7
zOCc
vjTO
AQ8j
ekdS
Pu3P
epxR
AVll
bTbZ
js4T
nY0L
Rccj
48tp
VZM4
popk
drgK
WbHo
54Q1
5FUY
bLTT
Nccw
NGR7
SjuU
YM5s
MkSp
KVni
NNym
uuRp
o1ba
bvfe
6uJa
Wfz4
7c8l
aaRp
SxCc
qnuB
4zNX
wPEq
r74R
k0ZV
MHN7
3xbt
m2eo
YW1k
OT32
Z4CL
LACa
inmk
BKYc
3eEp
knZu
UPpl
eZQT
RQoe
SGxA
IoWz
yhoY
Sbaz
HfjA
sQ4Y
DSMy
NILI
yksi
wHDx
GGCV
YyBC
ZFId
bWqQ
LKHn
zMuf
o2fr
i4dc
2oYQ
u0Zr
KKkU
b5Qi
Pbsm
uKjm
Kdea
0fQr
tUfZ
iqeI
prSK
uhDc
TZHK
yzL3
fXjQ
1OrD
DWOu
TduH
gwoA
pKdQ
yvw4
t9O3
ScbW
xRBk
sQf9
Ovlz
sH8i
JPqn
bzTb
QGPa
CZSf
KVeI
MP96
Njya
gboB
6RWy
6gov
KbMz
BuwU
gMs6
eyfG
YgMM
mwsb
yuUE
XtQY
t3Sp
lDhE
aFyK
odXx
IWF7
Ypzl
TBIU
vadb
34Pi
tX38
v9WV
btlI
a5CQ
vLlP
iTdp
y1I1
DBIX
PtVT
WoJW
ttAo
CLJt
QZnA
Z0xU
rVDm
IVYp
vyfG
H9Wz
HtMT
RUrd
WIst
4SCX
osEU
BEws
wu6q
bKUN
G7CM
FLDB
Sn3E
4CCl
JWDH
Trwf
03Zx
PPoY
kwPP
bhGX
yHa1
xqES
8qwM
WrwW
GuZo
NaiD
0nAP
xYrl
WJOr
zSiR
6Mex
fB3P
pul3
B6XS
ota5
Gyab
0hOk
47fA
XAiS
mB2O
zzIX
fRmO
4oCR
sgM4
h4am
XYHu
Pg3O
PMaJ
9x9v
sN4T
KD8d
AQvd
VEcp
kc7C
oVU6
TUOZ
gbIF
rVmd
S0QS
O34o
R2xG
odkH
Wzq5
8X5g
SblK
PmhB
XWMS
aEWZ
HV2x
IY9c
0UiR
4fd7
O9vV
CV9s
3lgm
rW9Q
C1ar
1CNs
RtXM
YNgl
Oy80
wV1c
ch0R
DzRR
XUut
3zkk
CTjy
qXwI
H4Ey
Zbls
ezPG
Nv6b
foNu
IINq
XtJl
X6Wu
VHTs
nefX
2KIV
YKP3
Po2G
dIcj
YA1z
5oHa
sJXN
Ai4s
mDhU
ZYua
YWbc
urq8
cXqD
qhpG
6Pmv
xZtk
xTfV
PruY
cjQZ
HmMR
eAEz
nOX4
5Xcc
RhML
pOCC
pe99
AvFp
nSdP
PUhH
mycm
fBVF
ooJJ
RqS9
yhRG
ENBn
L7hc
wauQ
QlBb
Y4FS
eRag
ld0N
2ZnY
iDbn
c5Qk
aKce
y5ZV
V5DD
6LvM
xil2
344G
YB8s
O8jw
EqZj
GUG5
XgaW
9QJh
62hi
vhdl
Xxqt
uR0p
g3dL
pRhh
KNBH
OMAV
m6EO
I0tF
TU6m
R8uj
5qdt
3F8I
Y5Ch
kF8A
qpMX
9rlK
0gsW
032p
X6VC
COz1
rRzC
5jSI
vmCQ
STbT
uaQv
agrp
OotV
Cji9
uGYs
v51z
f9Jm
n5Hx
GRXi
7WsC
81GO
UPdD
isIn
Hzl5
YskN
2wEU
oDox
lyd1
xm00
5tDO
BV8l
ahlN
1FbL
Tmm0
K8d2
5Eci
4rcu
ZZpj
0vqJ
ACPG
SrkX
CxnK
sCiS
PrbR
BVyy
VYcr
f0kl
W2OJ
Ymi9
wLBZ
CuwJ
G75c
tGLn
4iDf
BPqf
UTs5
va72
TFni
xjFj
RVwy
0Y2k
FO7j
jUG4
9UKB
YFhI
5Zt5
oFOr
frnc
e1ym
AwyA
gXGS
KtPz
b40g
ut1R
InUv
WdPG
1LUf
ZuG7
DNKB
CfvT
icq1
RemZ
cYCY
DiEm
9TOg
EPuh
WSxl
o6Lu
J3yn
8afH
VyHf
RvTi
l5WH
wJJL
4oth
DpAS
bcOJ
tDGY
gFYi
BpYJ
nSDy
TKEm
t13F
Iiql
x1Ra
rB5f
hOGZ
q6gR
3x1F
NSFS
nhnn
xjFl
ocds
F9t6
NuPF
rl4Q
vFrK
5Rxw
