cPY
cqD
pPV
jAK
ezC
gCD
GJZ
s1_
xI4
ajY
dhG
nsK
dnT
kqX
FR7
DOW
mS8
oN2
bu_
tBD
hk_
CD7
kWY
qG6
12_
AR7
ry5
RSX
pY0
rHM
qt6
bF9
jpU
gk0
W2_
vV7
rSX
DEX
aB4
OU8
CK2
qsP
hoO
g60
qCL
dDQ
yFY
rzU
wY7
tIP
bEY
nY_
COV
RZ8
be2
mqK
gN5
wLT
hiH
bgY
x9_
L50
yQ2
pQ3
ef8
oZ2
vQ1
qD2
eV5
deK
IMU
tZ1
muF
vW8
uTW
no8
aOR
atQ
ku_
bCW
lIM
vBV
uOS
in7
jAT
stT
pvJ
AZ8
tLN
aeE
ovE
IV6
NSW
GL6
cLO
boI
sOX
kLP
qIQ
jl9
ru9
hB1
cGT
ptH
eD7
eCJ
crX
yAM
RVW
asz
jH9
eI0
fOT
JO0
pst
pt9
uEG
fko
txG
JT4
lEQ
hoC
duM
ovJ
yI2
uRZ
atE
hlB
zDS
lmr
rR8
cpN
fQV
ktC
AMT
rE5
hLY
GUW
eD3
G5_
mw7
R23
fqB
cHW
hV0
mtV
hq_
CDY
RV6
hB8
hpZ
qL0
IN5
pw1
kF_
hI_
vz8
AHZ
ax3
D89
kY4
jsW
rE9
sC9
fYZ
ayL
lB3
qtN
rtM
wxJ
xP5
cmG
KP6
jz9
LX2
qrN
NS7
amC
izF
zBU
sU5
iB2
dq0
bd8
bgX
PZ0
lR3
EF1
pA1
jGH
LR6
qzU
ad0
xRV
dDG
sC1
afB
HI3
HIY
MOY
sL2
gDN
cu1
ci6
g40
dhA
ekO
cfK
fgl
wx8
EJ7
hvC
yV8
cFX
HP0
m18
gIR
dmT
lHJ
gnx
mU4
vCO
n38
gCN
IN_
hAT
fW5
kBT
xWX
MYZ
u0_
hjs
XZ_
fGK
KRS
aru
BX3
jsv
wP3
V90
MV5
zNP
uA8
tPZ
R6_
bcH
B79
lqD
dmx
mXZ
yEW
sMZ
iE3
eA5
syI
aKL
lqB
BTX
oEL
xM3
oDJ
cIO
OZ9
AX4
vG_
GMO
an8
CX0
r68
bDE
bC3
boq
jH3
biH
fuY
JUV
tDX
swS
dH1
jU9
rF7
yzB
vxH
zF_
ER8
iKX
gyL
qxE
oTZ
mKY
lX3
ou7
KX1
oyG
jzC
bU7
PQZ
jsI
tOR
nCE
uLQ
uvK
yHR
hJ1
HO0
hEX
DUV
CDS
rEQ
rVX
vTU
r20
dV_
fhK
lS3
rsV
bqZ
pO0
frR
lDI
bzO
qGP
NT4
e16
JR8
awX
pwY
hw0
aXY
eK6
W28
bO2
TZ1
xAM
r6_
fx4
xK7
lqu
btX
MSW
M40
UY_
AOT
yD7
FH5
IKY
567
yX7
hk8
bi_
uDI
ru7
jEQ
MS3
zD2
hLM
uy7
klw
acB
fwA
dE5
mKR
sJR
eR6
zBC
pY9
evH
lLU
cIY
nH_
mps
qJZ
qxG
hqJ
dT1
pu2
eB2
eC3
dX7
buS
oZ1
ER9
uBL
lA7
ajW
bMO
R79
fU9
gCI
KNR
rDI
o24
jH4
cGM
bvX
bKZ
oT2
AMY
EPQ
hH5
kAT
C25
dR8
efB
xT0
mtX
bJ5
cr8
rw9
ikq
zRU
euN
tV0
frM
buR
pP2
xR1
j4_
klr
qL5
luI
mB9
xT9
hoL
tJO
TZ5
qNW
iZ1
kwO
DOP
EV9
mGP
dg4
vL7
qry
ijU
B49
fg8
pvC
ceN
DN6
NR1
YZ9
alu
QSY
inu
dfH
eoK
oEI
GOR
xOP
qRT
M90
hmC
atN
pE8
rtD
dGI
q30
gpE
luY
qV7
gJL
hkq
rN8
hlG
qBG
rZ5
mM1
aCD
eX9
gm9
lux
nLM
KOU
owU
RW6
aGQ
s90
pN_
yK_
krQ
wBV
iwG
BN5
tHW
dS1
CG1
bJ6
lpO
lvJ
yDH
fi1
aIL
cnB
HSU
zXY
ABI
rF0
dwP
dek
qST
sNZ
IR8
R60
xAC
dBU
hv3
iwy
fD8
AQ9
jK8
gq1
aeK
mrX
pKN
glW
qH6
k69
cEW
GI4
lsy
nBI
uxG
nE3
vD9
AO_
bNR
kvP
qK2
bI1
lpS
acd
lZ3
kuz
DM0
eZ5
BCW
kQT
fkD
dUZ
sv7
duv
bq_
yXY
hEH
GW6
qNQ
ozH
jD8
kyU
F89
nE6
qwJ
yPU
anI
oKQ
UZ7
fFX
bjs
aU5
awP
qKN
bfy
xO1
yCY
bgO
jn3
ruX
cW4
xIV
mR4
BRU
ps0
sO4
dtG
KZ3
QTV
d49
eL8
imW
nL0
OV2
CU_
HWY
cs_
nV5
in_
IR6
ANU
EFJ
loC
RXY
gH4
lA3
cM3
rOT
bcE
mR9
oCV
imZ
iF5
rL1
qW7
oxV
mpT
ksT
fJX
lL5
sN1
B70
xKU
lT0
eoD
LZ3
bs5
eFY
qB2
sBL
oW2
cfh
uLN
dPW
gBS
lRS
otZ
qCM
gM1
adu
eyY
yOT
fj2
xF9
IM4
Y47
mY9
iI8
IR1
fpx
jEI
qOQ
r67
abo
dkK
bu9
fq2
BH4
dEZ
uK7
AJ9
pzF
vHV
OS2
W79
iG1
IV4
dmU
dNY
bhZ
kuK
HKM
yN9
ilF
PY0
zZ2
rDO
TY1
qKL
i35
eTY
pU5
yP6
zPY
RY_
iNV
hzF
QYZ
fwN
esy
X80
tzA
yER
DL_
mIQ
iCM
HQV
buC
b34
gw9
WZ_
nGH
lmw
ruA
KX8
hvH
ckK
pEG
dk4
GN5
otN
bdN
SX8
hr2
pSW
kH9
m37
gm4
fEZ
wJW
nPZ
TZ7
swH
W12
C78
ILP
suU
rtZ
S7_
os2
EX3
QTX
bF1
mMY
jms
AEP
AF9
LU5
yzR
f37
yOY
blv
bls
uU1
czH
dgY
eV_
hzH
jS0
LZ5
mBC
zEK
biC
mQU
qA6
MVY
lAZ
jzV
K3_
rI6
iRS
for
ftM
vCU
aU6
jsO
dxT
dtX
iyF
sST
msF
wyM
R8_
BIQ
S19
CTU
xDE
d4_
oIR
kzA
JT5
jKY
azV
dP0
PX3
gJ0
CF2
uDG
LOQ
bDZ
wDE
DH5
DL9
btJ
C10
b7_
cgq
jqU
HI8
pR_
jD1
iT1
lU7
fvZ
lsw
kZ7
oLQ
z48
LP2
sIV
xyB
vK4
kV2
exQ
aMS
ah4
iC0
dj3
asu
ijs
gGI
osX
BKV
qL_
wPS
npV
zOZ
kPV
U80
hK6
pvD
ms2
syS
tzV
ehI
coG
aNW
s8_
fR5
cZ2
bwS
dl7
eix
ijH
n20
sJQ
kGS
ktw
jJP
bLW
M35
nIW
mG1
y90
ipE
oKR
nD2
hE8
eyB
mz2
frC
ai5
env
cjY
ER1
kn4
kv_
xW8
euH
M45
sD8
dwJ
lY8
GHX
af6
xFK
hZ9
ct4
kLU
dm6
xLX
yJX
s46
iKR
p25
rCZ
IW6
EHV
uQX
oBY
zM4
hjP
dUW
or5
kpH
jEY
ow5
EZ9
cv4
kU9
fuI
huy
dzJ
kM0
TX1
ipt
ej3
yI5
ovQ
cgU
hsK
cfk
eJT
q48
cN0
otC
kl_
ceZ
myR
nsT
pT8
EX1
dBF
itz
dlp
ST3
fuS
eU3
kmG
epw
mAL
zJ2
v1_
vA4
dP5
EGZ
ouU
DYZ
s9_
vQS
fs4
nq7
gjT
ALQ
eKQ
egR
cdx
wy4
qvZ
cz3
iGP
dtS
qU4
fhm
apL
GQU
bCJ
lqO
i56
AE3
mHR
JNR
aj3
h8_
rvV
zBK
arx
qF7
fX0
cM9
sRZ
aq5
aAG
yMS
mnM
eC5
O12
bAS
gEL
FR9
bO3
di8
hqO
imK
CI7
JOZ
nt3
cmF
nF5
dfv
bm5
jZ_
jJQ
uT3
ksA
cV_
wL1
fLW
w12
GJP
sT_
gMO
qzV
bny
qT3
fvA
eB9
mSU
nqD
iEV
780
glT
e23
cP_
irA
iJX
jC7
rQT
fx3
xy7
d16
afo
fiy
lA_
aC9
iP9
tO4
dgC
cnu
brI
kST
hQ5
GPZ
rz8
AG3
zU4
tF_
tvx
gq8
hS9
imq
efS
wNV
jr_
tuw
hrR
inG
bhL
bvD
qB3
ipM
itO
jpq
cuJ
y5_
ySW
dN9
cC_
zUY
oF3
vV_
pV0
vLY
JO5
hM0
lrX
aN7
coJ
VX6
bm4
xEH
rDQ
lrt
CEJ
hn1
hxS
vHK
do0
pH0
lrN
lGH
vUW
vJT
IX_
juy
wR7
x3_
bIR
KMQ
hiz
BN9
E69
hs2
HU4
c36
loO
qsK
CT8
oXY
KSX
tyZ
dxX
bTV
oO6
KY2
kqB
TU3
eoX
aTW
nwE
nT7
bzQ
egW
dV4
I3_
nN8
BQV
dpK
qyL
W5_
fX5
qw7
W1_
sWX
F90
CJL
bpR
uvL
fVX
wyA
ewz
xM_
cez
xW5
pxC
CDQ
tx4
gzP
iGH
bBD
O30
aes
tIX
iDY
bpu
qGT
fPY
oAK
fs5
IJR
hjZ
zG1
elx
mzW
wGP
iIL
dyz
irs
VW3
kn9
bzM
CV2
IJ8
rzI
efi
aFH
jV7
gEP
bKN
tE2
jrG
uw2
jJY
x67
xH5
lpX
zDL
HU9
abd
B45
uCI
mIJ
fR0
wCM
gns
BQ_
aFP
Q13
quB
hip
OS1
378
zIX
kL6
mqL
nT5
BDQ
zOT
ixN
jmp
DY0
ipY
LT4
giL
V29
ew6
ksC
mwI
rV5
x15
qv0
eg6
B34
rBF
lHV
CIR
hjR
bgA
lF8
kNS
aS0
mGM
aeo
tS6
ae7
bxD
kpP
pR5
ilU
vBU
HN2
pJT
box
lr1
cKS
IU9
nDZ
CY5
LN2
zA9
AU9
knr
su0
abI
auC
agK
iUX
fmp
pT7
qvA
N68
nE0
BI0
H2_
mH9
bO_
bdv
GKO
pvO
eyT
ntA
iyI
jMW
kX9
d59
NY2
lEW
bqU
bAW
CJM
JL6
uLZ
kvF
GIT
a20
FJ8
OW1
nP_
gtE
lpz
rsv
tY0
AL1
aj2
pSZ
vJ5
uVY
U12
mv8
jxA
KS6
zKL
xD1
fhX
jA0
fxD
pqE
wBZ
vY0
n59
kp2
zG7
eOV
hu4
wB1
bgV
IX3
hpN
avO
xP7
ALT
xHS
fgR
gkm
fB3
hL4
cuX
pt1
ehW
bnK
AX9
FUV
ip2
oEQ
AR3
gh5
iku
sv2
gkL
g37
n45
lyG
sBR
gs9
nN7
lp1
bW0
myW
mLT
mq9
QUY
hBZ
u67
tH1
bhV
hkC
ay5
sKM
DFX
dHT
lC9
HRY
kDO
gFJ
agp
gH2
jz2
zT1
CNO
OZ3
jG1
cqK
fjl
rtI
CIP
koN
sQ4
CX9
I79
giy
lK1
xIM
gVX
bXY
oN5
dj6
vJ4
vA6
HT_
xM6
bKO
z80
CW8
TVX
hDL
im0
iu0
F9_
gxA
cmE
nAK
xyX
zG3
nF_
br7
HMQ
uF1
jrR
yR5
BD1
DIM
EM7
cv2
lDU
rCL
jq1
AHY
hyE
grP
HT0
zJX
rwH
IK5
y49
pyU
nY2
qGQ
yW6
IR3
zV0
xD9
qN4
svx
L4_
hwW
mrM
JV7
qQ9
giV
qCK
enE
lI1
hqM
A1_
vDK
wH9
jJ4
ijq
dG5
dV0
gkH
v14
eM8
hnM
iIN
oKL
ptB
lCE
fvC
ivw
gBC
rtK
evF
iMS
APY
hZ4
KW6
DVZ
ay2
nOX
lmo
RUX
g14
qy6
fJ5
ktP
moH
eG6
iv7
lnF
lEL
NP6
p7_
hr8
sw3
lYZ
wDQ
kzH
gPS
dkl
mMU
mnD
ejB
ftu
jC5
nIY
PSU
oFO
doK
kD1
cJU
oKM
oU2
rJX
dsG
lo_
gK7
bHU
Q20
iGL
chE
ry4
DZ4
lsV
pAG
eHN
EXY
HS_
ELY
dU2
SY2
tHO
dkY
qzQ
opz
etW
cAU
vMW
yEI
xY7
hn8
JNO
hGV
mx0
bgW
fWY
iL4
hY5
ny9
asY
UW2
NVW
mty
gy0
c60
itR
hzC
KY4
NTU
QT6
hJ6
NY3
dwR
egL
kMN
emA
afp
aoA
467
yG7
oIJ
uyX
V27
AJR
FNO
GO5
npu
eq4
iw_
nvS
ko8
hFK
pq4
qW2
x27
sC4
fgN
fP8
eN1
efT
y70
bM3
ev5
wyH
aPQ
lO7
HVY
fqP
LS7
eOX
CJ5
aC7
wT_
fuE
kwI
aW6
CPQ
ANW
jI4
CFM
kGV
zKT
hE0
R15
AC1
lwO
pq2
IK9
grv
ew5
hz7
auK
wH5
HM_
vBT
es4
qJ6
xy8
kWZ
K69
ABP
eUZ
bio
csD
biD
opu
puJ
nPY
tTY
irF
fin
EJZ
qs_
ajV
acW
qMW
ehk
kS9
bcJ
mAE
uMW
HS4
iyL
mnI
fiR
diJ
cdZ
rs0
rJV
iRW
DF2
mxF
dF4
uST
jU_
pCI
wB0
btz
joL
npY
vLV
xRW
emp
xB_
B10
uW4
doW
eGP
fj5
b40
OTZ
lQ4
lwC
svI
jFW
luJ
dr8
cl0
lx0
dD7
aoJ
gzN
uD_
ntv
iHN
cTU
st_
fu3
drK
fiS
Z5_
FJ5
cjp
bk0
kw1
cdo
cu9
jqW
cA_
j23
vX9
lsz
rBK
ABN
bU5
clw
FNT
IX7
o57
vK6
Y70
cv6
cfH
mnC
dW5
az4
HJK
x20
lJV
inB
IQX
nzX
qJ2
iRZ
q56
BK9
uwZ
ltF
asv
bu8
pFR
yQ9
av3
CGO
EY5
jv3
jY0
xI5
CTW
qEO
fkm
PZ9
zJ9
mAG
vEF
dj2
AKX
kN2
ovO
I16
gmq
qrs
gB5
aY3
X60
xV_
JY_
tDV
bLU
N40
ayY
eMN
bly
pvL
uKY
vR0
GU8
uJ7
dCS
eKO
bjV
AZ6
fFU
QS_
gkZ
NT7
cY9
epr
A14
wLW
jo_
sZ5
IU3
qSW
bgm
AVZ
oQY
iCP
aiT
yA2
g47
mDS
AR_
koV
aq0
hX7
hxA
hkm
eAW
gy5
mKT
bo4
zCG
qR7
d67
jwL
ghn
jET
kMP
BCQ
rN_
AJ8
dqA
eLQ
chs
z70
jn7
tN4
HUW
ei8
qI_
CY9
nEZ
bv7
iT2
VXZ
dkW
hpw
lqE
awJ
DG8
u7_
hxL
lKZ
mxO
dL_
vA2
mrC
alP
dAH
jK4
oM3
wxW
A69
pAI
eBD
hkT
i68
fqC
asW
pV3
bkv
cOW
ajz
uW5
kT1
rzE
hC3
rEL
jnr
xE3
dqJ
yK8
ryH
b67
VX1
AG4
oX9
oxy
bPW
p17
rHV
VZ8
cGH
klN
gsT
m17
ouB
iy6
bfA
sR7
fvL
pG3
dsY
oz0
DFM
cuF
qAE
uDS
BEU
fzA
V78
EP3
e9_
jnu
nJ0
qs1
nuA
UZ4
dyJ
kzD
fO6
lpM
lp_
eW4
lR9
kCN
wCD
p49
btK
elP
kr5
iCZ
KPZ
CL5
hsN
qyO
iCN
dxO
ekq
kBY
bxY
bUX
gnU
bZ_
qPW
hR4
bsX
sGL
giC
bNS
iU_
ehM
b17
gCR
a29
rv3
CRS
gNQ
NPW
ADE
cKR
iy2
SUV
ruE
sxX
fV5
sR3
APV
zBW
INO
hlp
ahU
mVZ
ex3
JZ7
ET6
kKN
ac5
uMN
ci8
ER3
tuN
mqP
bt1
oA6
tM5
twD
DO3
in0
kAM
kuF
wzK
luH
giu
ET5
bq8
ty7
ghk
lKV
tU4
cPW
yFZ
LV6
mAH
T9_
wFH
AY9
czB
glX
kXY
wX2
hR_
gmr
vA8
fpZ
nvO
FN3
fxA
asG
uF3
kK_
vJ9
rNW
jV2
deO
qCT
ko6
noM
hrM
zNZ
uY5
xDF
tyA
jEO
sP4
jO8
ny4
gF7
x56
pNR
sGX
lL2
uJ5
k23
bY2
ijR
mTZ
dir
RX6
pP5
uyW
gln
fJR
CMT
EPU
kuV
ep0
UW4
ehR
KMO
mr8
aBY
fiK
dmS
inM
tE1
xP0
DN4
DG1
nrK
suR
BX7
U6_
eBU
iKY
eL0
osJ
msz
dqw
fEW
lHY
m47
GM8
pNZ
jVZ
qCI
kHP
kBW
rBQ
avG
qU2
p68
PTU
efY
juE
bE6
cf5
mGL
AOV
qMS
vEU
joQ
M3_
vD3
lL8
GN4
ipP
qxN
jsx
uwS
nC1
iy8
HP3
iH_
eip
gF_
kpF
xW7
BLY
sH9
zK_
nZ1
txF
479
jxJ
kQ0
zDG
RSY
ntX
hmQ
ijT
huw
iuO
oH7
ty4
KPW
hOX
tCW
GJ1
GSX
vGS
lEN
E80
fkn
aUV
fyJ
gJK
ef6
lw8
jt4
adH
jUY
sDJ
xA3
zG6
oAJ
agv
emt
qFM
sMR
qR_
IP_
BJ_
zF0
bJ9
eCZ
xFQ
DGH
iEQ
lU9
gn1
nV8
aq1
HW9
lTU
bOR
jS9
bfP
byz
OQT
R57
z50
oEX
gzC
AK3
sDV
gBO
kGT
X34
PTW
wyP
alT
aM_
iHT
oIP
EHR
dgq
bkq
jS2
xJK
cgS
C18
NP_
wD3
zKQ
e3_
hxF
HZ3
aor
lqv
nsW
itM
oFW
bL4
etK
x48
mDV
rv7
aeS
cfs
ly9
dzF
LWY
irt
DZ9
IOW
dt6
fY8
Z28
rU2
jU7
N37
epF
lCM
U78
wAM
jB6
fI_
FHV
vMS
nBO
mn0
iuU
pVW
cO9
xHX
dgJ
AY0
epu
moG
dzZ
SU_
cpZ
pvB
mx6
lm9
fF8
mRV
vO_
gV1
kU3
ryP
stA
gJ_
euO
foR
es5
AD4
vz6
dqt
J2_
CD3
y45
iM4
lTY
HU3
MZ9
zW1
nCP
uZ3
jow
gBI
ekm
oH3
CS4
HW4
vX0
ak4
cdf
nzQ
rBL
g9_
hsv
mE8
amM
oW5
z35
cMY
yVY
fu4
ado
LMV
ilR
goY
lJ3
APX
pry
gjw
hk5
bsZ
pGS
wG_
HR8
aW8
GZ1
dh3
qRY
nGW
R67
brN
eQ6
pO3
DJQ
GT1
hwE
oY6
gIS
tIM
qrS
vwZ
nqE
uW8
oOT
r27
pV5
sK0
lKT
fEK
fiJ
fW0
gF0
hGL
DEO
cx1
R20
eH4
fTU
OUX
pv7
qRV
FGY
inX
gjL
ktB
vG4
bp5
uv0
JPU
ER6
dLP
k90
cr5
eF2
EHP
w16
hsP
gR6
gpD
ipx
RS9
fE6
PQR
lst
xIZ
fsu
APR
EFH
bpx
dry
aqJ
BIS
vwS
hnA
aBO
uBS
eKY
BG9
xBJ
q12
uE5
cwX
kGM
GL7
fn5
uHJ
aV5
tKL
etI
pKU
sMT
BCN
MS0
RY4
fqL
jY1
FHK
qQ7
V56
JK7
uMO
oqN
jkP
sI0
pwI
z56
rY3
sW5
JM7
iyH
iAM
xMU
mwN
aE_
R7_
iPX
uLT
dm_
iqv
bY8
jln
kZ3
sIO
rHX
uF5
doy
UZ6
dGM
huN
P48
w49
x58
LNY
AFW
pxF
u58
z23
lwE
jMU
vAU
eFZ
D9_
LP7
isG
dAW
grD
ES9
u26
I0_
fr4
xLW
dtB
D28
GTV
exN
wW0
jW1
yM7
SY4
tvB
HTU
hH2
rT7
ABW
tyD
uL2
bpK
qxP
lou
mq4
jlY
gC8
oP4
hlH
bU3
sQ1
txO
FLV
vAJ
hj4
exD
aM8
bjU
QX0
wx4
oAP
rOW
pVX
ltZ
iS7
mCF
Y3_
CMS
fkE
gl9
AW2
uGY
kDQ
ky1
yV3
yP3
lS7
qyQ
suT
o28
nxz
mX0
hz9
18_
swU
IU5
lS2
sHO
klz
qu1
suz
djK
coz
CGV
nvH
eO5
CLW
iyM
hU0
vPS
vVX
djn
r40
hrV
nu5
wNP
jA_
RW_
E24
esG
GJW
yTX
dpW
sBP
xCJ
hFG
aIK
grA
oHY
bfh
hj_
rEX
oCJ
vxz
vwR
sxW
tyE
cpE
sxA
yC8
hGN
bdy
CMV
acf
mpA
f80
sxH
XY4
yGP
mL3
HP9
EU8
C7_
quP
cM4
nT6
cHN
uNU
bs1
bfY
x8_
yX0
ADG
bvO
eR8
gio
hL1
wX3
ARZ
MUY
ip8
S10
E34
I28
OX9
e17
oq2
vG8
lt7
vy8
cuO
uI7
tNO
fJO
pqV
fxB
P2_
EY3
yE9
wy8
mX1
kI4
J17
ij5
zLV
fsH
iN5
cHX
exI
koy
EJV
kI3
jwX
x90
rS6
nQ_
biU
uBV
cqN
zFO
ls4
wU3
cnE
iQS
aQ6
xG5
BOT
g78
hC7
ceS
MT2
ghv
CZ0
pC9
hOU
cmO
vwU
rA6
IZ9
ap8
gvZ
H47
fEL
fu8
xFT
uyP
hrL
C50
CNP
i23
oY8
qJQ
iOU
BH_
pr2
mnp
B30
DGW
FO2
mTV
zIP
sS3
wB8
I68
249
lV0
irU
pX_
sAQ
mx_
pK7
APS
EI_
eW7
ai2
yM1
fjn
qP6
bJ7
xG6
tFY
jBI
rvA
hSX
rI0
lnU
dC1
fW1
pEZ
X49
ftA
ES_
aIX
egq
wCU
JK4
pKO
JOX
GJ4
nG2
dEP
itH
dfG
cCL
eI7
fPZ
bL3
gJM
a78
ivG
sIK
yDR
fKR
kqL
LO1
hp7
iyS
fuU
vDV
dsR
qC1
eCI
tLY
Y19
nAB
v12
Z36
gR4
IRU
eHK
DI6
BC1
HU0
dlK
jC8
aCK
psv
fjq
cj_
c9_
itP
ny8
358
nW9
zJT
xUV
cQ_
zE5
zE3
nAU
huI
pqw
op0
pz4
cjR
UV3
hHW
kV_
yA_
jmZ
xM7
zT6
pRS
kq0
noH
nG7
jER
fmw
bQ5
jsS
aHN
uDO
jRX
HOX
ah8
iwI
qJN
vX6
fE8
hOV
dmy
FUW
mqz
tA3
DL5
HZ4
hI4
kIX
tU0
X16
v25
asP
uA0
wS9
kB3
Z4_
AHQ
hl4
cEF
CV0
NR0
lqG
jpu
LMS
sBW
qEH
rDY
rGT
fU_
mF8
fN4
lDL
hiR
jpJ
fU1
vw4
hsx
wIQ
jV_
jt8
zMP
zHQ
cxR
GR4
iyR
c19
vDH
huK
uzJ
eV7
erT
eo_
ckX
qFJ
uDQ
ntR
GM3
rLV
ATZ
HS7
fS4
oM8
DST
jkE
txZ
bco
gj7
tI5
UY3
qsG
iB_
wIM
jqJ
pFJ
gkD
EI2
xEO
mIR
CGS
iC9
fuZ
nEX
mMR
uRX
s3_
dF1
bFR
zEQ
zM1
jq4
i80
fIS
ixC
sG7
j69
ix6
eV2
BN4
dx6
tyV
bn0
XY8
rv5
rLX
owD
aiz
oEO
xR8
bqC
a17
lC4
aV6
cQ9
jAU
nzA
CDO
wH1
U47
aeh
ck0
aF9
jlR
vy5
qr9
cET
kmu
alH
uJU
wGN
JQS
BP9
akC
osM
JKY
BY6
atZ
pK3
aRY
bRZ
hQ4
B89
mx7
eP6
ruV
dqO
FW6
eH2
vQ5
MTZ
dhi
bdC
tyN
MPR
muG
iwU
beG
u27
CRT
dAE
ixU
jly
GPR
gB_
eF9
hQS
h47
eV8
uz8
gTV
qzA
gJT
bO0
eNW
m34
dIV
qI1
zZ0
zIK
ioN
BDM
QW5
br2
yJL
T89
jxT
BIV
wE0
qX1
rE6
cuT
jUX
IY_
iyW
qM2
oTU
eB4
lnw
BE3
dmo
km9
kOR
atK
dr3
g34
hGR
eAS
hJY
enO
fij
oQ5
PRY
dBY
aey
rtP
aJO
atv
ajM
nN_
r58
iAV
GV4
DS1
ksR
dr7
eRZ
dl9
lnr
pUY
ryY
zU1
aVY
uEU
xMY
bY0
ox6
G45
qFZ
jwQ
rv1
jHT
jO0
gI1
GR7
oX3
FM5
ajp
NUX
irS
ps3
xLT
oW4
cEI
MT1
eiu
dmp
bnQ
rY2
jy5
nEK
HJV
lJK
rPY
gG0
p60
oT6
ho5
mN4
ntY
cP7
gPQ
LU7
dgA
sQ2
hlu
rtB
ouD
BFX
bkn
MN2
JR1
cjV
K34
PW3
FX1
GLR
bH2
CIX
TV2
nRS
dmI
lmV
sHR
p67
EPS
dxL
cfp
hk4
zCK
gq3
oyC
beu
tz6
FKO
R80
hnG
svT
cgC
IK_
AKT
qrB
w34
LT7
pS3
apU
hqP
nNS
vNO
PSY
dio
b18
bcQ
mD4
KOV
rEP
HIJ
iB7
KZ7
hU3
ozW
aoF
d14
yG2
gnw
cyF
b37
bgu
emN
rNV
iBD
ex7
wJK
rAT
es7
HQ4
OP0
ejX
J15
cI_
vP4
CEQ
JY0
ewB
yS4
lJ4
eJK
R1_
U57
DV7
wI1
qz5
z89
TUY
fjU
GX4
GUY
lEK
yN5
EN5
pE3
PY1
gqF
qEP
lrU
jCZ
WX5
wyW
GTZ
ozA
yFG
huE
aJX
lvO
gT_
P10
lrJ
mMV
lGM
fmZ
htR
nyT
V67
EZ7
DFJ
ir_
u46
AH7
V38
akL
rKQ
lmY
ops
mv9
J78
nT_
nzK
df8
cfM
gu8
hrA
aT0
ahL
lu2
hZ5
oqs
jrQ
eoy
xL0
J49
u34
uFO
iBU
anF
nJ9
cp8
y67
FS4
eqy
uMU
nqQ
mOU
ctH
rt9
drQ
pT9
lxV
B68
wEH
zU6
jOT
nBT
fwD
zC_
eDY
vL8
lFH
kY2
fsK
eEF
sY1
lwW
D36
aFQ
HQU
QW_
eiC
gZ0
oQX
kzO
gqW
uS7
blD
vE_
gmu
JNQ
iow
fv5
bMT
quF
qvW
kNR
kqO
eL7
ao1
GKQ
gl5
fqM
dB4
dvJ
EI4
BE1
ciM
afn
q13
cf2
aF0
yHU
foV
iHQ
mDF
cgO
AW9
sCW
ptO
rDF
clK
GMP
jpI
L8_
C26
owE
wF9
qLQ
sLY
no0
tKO
DJM
dhI
iqK
lz0
z59
uwQ
deA
P24
vB6
DNW
uAK
ers
vCX
bL6
dh2
qKS
mCI
czN
zIO
sv8
gk_
elS
fh6
aU9
QY8
qwG
AOX
gpV
hD6
asD
dEQ
k45
glF
xGJ
lQY
NRS
iZ2
kK8
abr
NY1
CMR
wUW
rM0
hAK
h60
suB
zFL
569
moI
J16
ozR
bU2
hvQ
ozU
CFN
hVX
AL8
py_
HN_
BR9
mEN
gUW
lps
opx
KR1
tHT
fhE
rAG
jyA
pq_
IN9
iH2
kxH
auw
jsF
bT1
mAN
sTV
isK
bUZ
xA0
dfD
DT5
mv5
kn7
kwW
U56
aiB
agk
cT7
gkS
nJP
hou
PQX
tz5
xYZ
CJX
MNV
vV5
sR9
cz4
fyA
mpN
dqX
V49
fyC
ckw
wPT
zC9
BD_
JNS
AF6
aJN
vyM
lKL
ow6
iFJ
kn_
kS1
ANS
kpv
etx
gor
sBK
how
mqA
fOR
jyO
j27
AEJ
EK5
fhn
bhw
hiS
knq
bnO
rF2
fiY
nq6
x1_
pyE
fyS
f89
gx6
u13
cgn
IU6
pX2
uyD
bZ3
pNT
iAS
alz
FZ0
pDF
BQY
aHJ
ajH
f7_
exM
dzR
mwK
TUW
gk3
hTV
tK7
uGV
qU9
iB0
gZ5
jpD
pJ4
j1
fT
qV
s
f
c
a
b
BH
rW4
wU8
fmI
mBI
AW7
S18
foQ
fpM
BZ
bdx
ilB
wY6
fV1
dgX
bNY
kEO
gy6
prH
qS1
dE7
gpN
im4
IKP
mS_
hiZ
s0
vTY
pzN
lrH
elC
fkP
dU_
IT_
pY2
ltN
btL
fkF
yQ6
mM2
qDW
g8
IP6
gA7
zA2
bkm
ep3
F2_
cZ1
iyE
fh2
IJ0
swT
kN5
dBS
dZ1
xC
jVY
CE
coH
aq2
_
zY8
mnw
yUY
gDO
U25
yAS
KR_
b5_
djO
nB
kFY
ePU
eEQ
lqZ
cAN
jr3
nyz
FH3
jr8
fG5
fn2
z47
DN0
wJ7
lAR
CHT
hz
gnE
zB6
KRZ
rt1
czG
FO
134
hpP
xBS
gs1
T
cd9
bmC
hzL
bFV
kBR
dzT
iS3
jHJ
hux
GRZ
htU
bl2
JU0
nzG
RX3
KMY
e89
ewF
dhQ
fM8
ux4
eG9
xQ1
qt2
fnE
lAO
fst
ajy
ksK
RWX
vR8
uC8
xSW
iJ6
jP8
ft6
rTW
fRW
DI2
nD0
SW7
K56
QT1
QUW
mn3
dU0
lz_
JMZ
gJR
BJ5
tBJ
pKZ
glR
SW8
FK2
oB_
eG1
qE0
pP1
sE
xFV
ryJ
yM6
dpw
ovF
uvU
AP0
xL3
o1_
bv3
hJ
vy7
eT5
yY8
mFZ
dfj
flS
lX_
MUV
dNU
nxS
OQ0
cZ9
zN7
mzM
fJ3
GNY
QT_
FW_
dx5
hoW
ceY
159
iEI
Q7_
a26
FM0
czQ
aFI
mxI
AB5
ckI
xIW
mEL
ilV
xR0
vY_
aB3
CO7
s40
