CHYD
BGES
CPTC
BBOK
DHJC
AMKG
CWUG
AGRH
BCEW
CMND
ADYA
DJEN
CHDA
CXRK
AWVL
DDSP
BPLX
CSWR
BYRI
DARU
BWSK
CLJB
BHEQ
BWLP
CIRQ
CCHY
BXJK
DHWG
CWIQ
AROP
BNCQ
CJRT
DIKR
BPEA
BMMM
CLKX
BYLL
BEBW
BMYR
ANCJ
AVFK
CBSM
BECD
BAZH
AYRL
AMWG
CSCK
ASPW
CNXU
ASOF
BUDL
CVJA
BGBO
CCEH
CSCO
BVGB
BBRH
ALNQ
BKZO
BWID
CDRJ
BAJX
AZTC
COLU
AMRW
CEVP
ABTT
CPKH
CMEX
BOAE
AIWQ
AKSL
AKQN
ANRM
CTWB
DHDS
AJTP
BSKS
ACEM
AUHP
CIRP
DGXQ
CPQU
BAYI
BHTC
CMJC
CBGS
BRRU
CDTN
ALKW
BRDZ
AEOR
AGLV
AEPS
CMOY
AYMQ
BXCG
BBGY
BDWA
ACQA
CCOO
CSMF
BNZK
CGCU
DFCD
CIME
CLUN
BLWJ
CYNL
BOMK
CGWT
CEPK
BDDY
BFBC
CWZV
BQER
CXWF
ABJC
BHBB
ASFX
CKIV
BLSZ
BZNZ
AOYZ
AMMB
AKJK
AQJP
CJJY
BCOP
BYHI
DAOF
AHXY
BPMP
CSIY
BBON
CDIW
DKPG
CFSL
BHTX
ABQW
BLBP
AOKV
BJXC
DGMY
DDUC
AUCG
BJYL
BEWF
AYWW
AKKT
DKTE
BTKB
DARK
ACYE
BXDL
BPUI
CIEL
CJFJ
ABDI
AXHR
ATJZ
CSUN
CBKT
AYUO
CSVR
COCL
CTPY
BCZB
CTHE
BJPH
ADBO
CZDO
AEWW
DEYS
CBRE
DECM
CNIB
BDGH
CZFK
CSJY
DBAH
BJIG
CNJD
AANJ
AVBD
AOIO
CHEL
AOYY
DCRC
CNKU
CVVZ
CTXS
BAMR
DKKO
CFOM
BCCZ
DJVN
AKDV
BUWW
BEAT
BNXF
BNGR
AVEM
AMWN
AZDP
DAMN
BQZA
BAZE
AIEO
APEZ
AGVP
BNEO
AMHA
CVVX
AEFT
BDKG
CPEE
BVZK
ABLU
CEBH
CEBE
BXSX
CYSN
CUGF
BRCI
BTHM
CKBE
BFLQ
AOWP
AQOE
DDCJ
BITN
BSAW
ABBR
CSGZ
CJQT
CXOD
CEOZ
BXVT
AVUM
DDBL
BPUS
AGUQ
BJSO
BIQB
BUHH
ADIZ
CQAK
CEJK
AEPT
CTPA
BAXI
BIGW
CGVF
BTHT
ASWQ
AHDM
DAAO
AHOY
DHXU
CGEA
ASBQ
APDW
BWVO
BXCK
BDDZ
AIAN
CIWG
AZZA
DDJK
DCFB
AYRT
AOJK
BYYY
CSXL
ANNO
AXTD
AZEW
CQIF
ACDG
AJWR
ALTH
AKNV
DGWR
DACP
AZVR
BSQX
AWNE
BJGW
CKXY
DCGO
CCZP
CMSC
CRZG
ARKE
CLRJ
CXLP
BPPY
COCK
CIDD
CQIS
AYLI
AEJH
CSZY
BZCR
CJFV
BOIW
CBHX
DFQP
ARCT
BAAI
CAJI
COSK
ANEO
BWFM
AQTN
BVLL
BYOK
CKUJ
CMZW
CUEL
BIBU
BQYL
AKDZ
DJCO
BBAX
APPF
CBSN
CMRT
CXVW
ARFY
AZCP
CXHL
CPIZ
AKDS
ADOS
ALAB
AYLH
CADC
ANDR
DBNG
CNDJ
APMT
ABPX
CBYF
AVIK
DJXU
CIWB
DDHT
BHJR
BZET
BGBJ
CSMA
BITG
CWBH
AOVF
BOBV
BNAH
CNKC
APKT
CMJN
CEPU
BYNE
BUQT
BEOE
AHYD
AGEL
ALFL
BMMI
COLR
CGAA
ANGY
DFUV
BHPD
BKGB
BWHL
AMLN
CVMX
APXS
CHAA
DGVW
CSFI
BEXJ
BSAN
BSHZ
BQMW
ARGD
DGSL
AIJI
CIML
AGVR
AESH
BBZI
DGZG
ASBT
BXRS
DDUJ
AFTZ
BOTA
BCXO
CIVE
BOJH
AQFZ
CXCE
BLLN
AEBL
ACSR
BWKD
AUKL
CEES
AIEG
BPKC
CWLN
BPIM
CIVZ
CRLT
BUYF
CVQU
BFPZ
CZXJ
CTFO
DEDD
BPBK
BNBH
DAEJ
CYVH
DFTD
DIKH
AXJF
AQPL
CDIY
CLAL
BIGN
BJZI
AUYD
APYQ
BDBG
CYOD
CEZN
CINR
ANAX
CQPF
BHNO
AFWM
BPXI
AYRO
APMH
CNTF
AMOT
CAKR
ABEJ
AQSS
CRUT
CGQC
BJAQ
CIUE
CCZQ
AVGM
BEOX
DBRR
AKOR
DHOY
AGOL
DFDH
BMIL
AYJV
BTBE
BEUQ
AQTY
AUSY
BLPF
BXZT
BKIF
BMYT
DHNT
BDDN
ARLN
ALFK
DIWH
ALKG
BEIM
BNCF
AXUZ
CIDY
CRUS
CZAR
BZCG
CKYV
AFDZ
AEUI
BFMD
AXLV
CVPH
ABUB
BUME
BFGX
BPYO
DEGN
AQVA
BOCR
CZJC
AIME
BIWV
AIIL
DIHM
CLIU
AHHX
CULI
AAHX
BKHW
ADRM
AOIC
CYGJ
AITK
CVZM
CJMJ
BJCR
AUYZ
BQGD
AXNC
AUJQ
CCXS
BMOV
CPOB
BVYA
CKQP
CKBI
BMXO
CNMT
BHPQ
DFGF
CPVN
CVKY
AOTQ
ATEC
AUAW
DIQC
CPQD
BNPD
AAEW
AVAW
APEX
CLJX
ASVV
BMRZ
CQFB
BNZP
AHDV
CHRA
AXIK
AKXC
BUKE
AORX
CJUW
AEWH
BRMW
AVXR
AZPQ
BRED
BEKA
ARWN
AQYU
CODT
CPEW
BDCW
DFHA
CFHG
CHFC
CRYI
DFIG
BJKA
ALSC
AWLN
BBRZ
AQFR
ADOC
BGXD
BYAZ
CYII
CFJI
ASUG
BNHU
BUPX
DDEW
BDRV
BIID
DJXS
AKIX
DKTG
BJRU
BPTK
AZXE
DFPU
BYGG
CBMA
BVAK
CNAJ
CCHW
COJW
DCYU
CKEF
ALLD
CRJV
AQTL
ABID
ANRS
CNEN
DCSQ
CQDY
CPPF
DCAO
ANHL
BEFK
DEDY
BEPH
CUXW
AQEX
AYJU
BYGM
BJOU
CFBG
AKUG
DKIU
CMPU
AMOU
BGPP
BPXG
CNLR
CDTR
BPRP
AGQF
CIEQ
DAJB
ABFC
BLFX
BWVA
APHF
DJJA
ARVF
AASJ
CARU
CXWS
BIWQ
DAVR
DIUR
BRPY
DIZH
AMGO
CNZK
AKFW
AYIN
AUKS
AQZV
DFRW
CWRD
APGD
BCZD
BJOY
CWQH
BAOD
AFLA
CXZS
CEWG
BVLE
BEWC
CMCQ
CJYV
ACIK
AGWA
ARJM
BBVA
CPCD
CTJG
CFAD
CRZO
CGOQ
AGSV
CEMH
BZUC
BHVQ
CLQM
CWMQ
BGAP
ADJI
DFKE
CKLV
BJDC
CRPC
BCEI
BQCL
BJQG
AEYT
ACUZ
AADU
AFQL
BVTU
BVOO
BKJD
CUZD
AVTW
BTOH
AJZA
CVDT
AKNM
AKNH
DCVN
BDBU
ADQK
ABGD
COZK
DCVA
AXJW
CDOC
AXAV
BSLN
CCIF
ALXH
BROF
BIIR
BOVX
AOOS
AUUX
BCNY
CHWY
CHLS
AEWN
COWG
ALVJ
AKKD
BAES
CWPS
DEOD
CGDI
CHZJ
BJEC
DAUR
CKZN
BKNX
CNGW
APYD
DBGP
BWAK
BAEL
CQUI
BWSX
CGVS
ANFO
BYGR
DJJG
AALF
AZFW
AAMO
AWNR
BCYY
ABHI
BBVP
CFLI
CGNZ
AGTC
AKJJ
BKKM
BBRM
ADKF
AOWK
DAZS
AVCD
BGLY
AHKL
DAUA
DBSX
CHCP
CFDI
BKRQ
AMZM
BHKO
DGJZ
DJRP
BLRV
ARST
ARPY
DFTS
BWIY
CJRN
BGRV
BAOU
CXFO
CNJN
CGCH
ACWI
DIYR
DHUY
AOWV
COYP
AJJG
BYBA
AJAF
BBDZ
AUEO
DJJY
ADVA
AAAK
CLTN
CIRW
CMAL
ATTW
CQWV
BNZT
BWKZ
DJVG
AHXG
BELD
BDEZ
DKDC
DDUF
CTIF
DBGB
BPVG
BELQ
AZQG
AANW
AJVF
AQCM
BOIU
AYPC
DHML
AEGR
AEJG
DEBQ
AOOU
AOPA
AUBW
BLSS
BMOC
BZJK
CODE
CLHS
AGUL
CMMH
BAPH
AWFR
BNVX
AISO
BPGP
CMPN
BSFY
CRJN
CEOB
BVWI
BFZT
BKAX
CTHP
APBT
DAKD
BSMD
BPQV
BUWR
DJLJ
CSYC
BDDS
CEYW
BZOJ
CRPP
CFXP
DGWV
DKPC
BJLQ
BUQM
CTBZ
ALLU
BCKI
ACAA
BVZN
CAOC
CMOS
CNNB
DCGG
DHLL
DGYX
CJJR
BEGX
AUCR
BTKN
AICY
BBWC
BPEI
BDTP
BVUD
CHCD
BVPV
BJCJ
BOPJ
BRLG
AZYV
AFQP
CCLZ
ANSG
DHOJ
BTSW
AJTD
BKQC
DCBV
CSEK
BAPL
CAUG
AVIB
AQHT
AWJI
CLAK
AHPM
CCMC
ASQM
CWQU
AFCO
CNEG
AXFZ
BXLQ
AING
DALJ
BJQI
AEZT
CLNN
ANUD
BMHD
ABXH
CSTG
BZVU
BFCQ
BHKC
CRJA
CAFR
DIBP
CBCG
AUUE
DBUB
COYH
CVVD
ACUN
ATJN
BAST
BTRI
BKBQ
CMLI
CTNO
AUJO
BLTA
AHMJ
ANVG
BUSZ
BZSC
ACLX
AGDN
BEFQ
CMUA
BXSD
AXWB
DASC
DAFI
CZBD
DDXD
BGJF
ARJO
CCVC
BTVZ
BQXE
CPUJ
BRIJ
DDFQ
ABHJ
COTU
BYPH
BTWM
ALEH
AKZD
BSEO
BZWA
CMDT
DGFF
ADMQ
CZLR
CEXB
ADDP
DCEZ
CPJQ
DJGE
BBLE
CFWO
BIQE
CAAL
BKSU
CPXR
BNOB
CZPX
CSQO
BVZR
ATPC
AWOA
DAXU
AUDI
AEDY
AWSD
AWWK
CJHS
CCUF
BXZX
ADZJ
BGVH
CXHI
BZBY
ATDN
BFAG
AOHM
CWAM
BKKY
CDPZ
BGSD
CUTV
BFIM
CKEP
DJWL
AEWV
CRQN
DHIG
ADKC
AXLS
AURZ
BQKK
AGMB
BPPO
DDLA
DHBJ
CASO
CUJN
DIIX
CCHV
BCTV
CFMV
CGPZ
DDNR
ABUY
CXFD
AXKP
AVHS
CMIS
AJMT
CSUZ
DDJY
BZTZ
DIZE
CURY
CKQC
ALCW
CYHJ
AELH
BSJQ
ATIO
AFTN
CZSC
CYDB
CGET
ARQF
CDRO
CCSL
CPYS
CEDF
BNLD
CHNF
CFXL
DBPR
CHYU
APVX
BTZO
BVPB
BKBX
AZAV
DFUG
DGAY
AGSI
APTY
AXQH
BEMB
DKLA
AAFQ
BUAW
AGOF
DJTF
BJGK
BVPW
DEMA
CKNH
BSMN
CPJI
DJNW
CRKN
DAOM
BJVN
BSHM
CKAD
BBKH
AZWB
AOUU
BIOY
CPML
CATF
BTRU
BQPA
AKOV
BTCD
CWNO
BWRW
BXKB
BKEN
CYUD
CVRF
CERX
CZLV
BYXF
CPMR
AKHJ
CXSZ
BNPX
DFUS
AMAX
AVSB
CCAT
CDAU
CBJR
CMPT
CTEV
AVYU
DJHD
BWMB
ATPW
CGXW
ANOJ
CMUJ
DJOM
ALMX
ALCQ
APRS
AJDU
BEJL
BCDR
DKJE
CDUQ
AUKX
AKQU
ANFB
CPBW
CDWX
ANIN
BYXS
BLOM
BWNX
ATDK
CYBU
ALID
DIWL
APSX
CWFS
AGYK
DGQQ
AYES
AZOG
CVYS
CQEC
BEPK
AFOY
CMZB
CPDU
CXMB
BIRM
BXGC
CUJH
AHCP
BWNH
CADR
AYHL
AFQE
BYHQ
DDOL
BGJP
CTIL
DKEH
DEQR
AJVN
BLOB
CHUE
AKSV
CDRP
CRWS
CJGC
DADP
DCNY
BUZD
AAKY
BOKP
AJZJ
BJJH
CIQR
DGSJ
AIQL
AODC
AJNA
CZWG
CHNE
AWUO
CVSS
CSVS
BXJA
DDMN
CPRD
DCOR
AZML
CXAS
BRCS
CTRR
CCCD
ALZL
BEWM
AHTF
CFSY
ASXS
COKW
APZE
CJLL
DEHJ
CLPJ
AUWC
CIBP
BTAU
CPTL
CWSX
BTTR
BYTF
DDYK
CHZM
CVDP
BYQC
DBUN
BBBP
AGDB
BGRY
DDDM
BHXX
DIAV
CWLD
BHIQ
ATFC
CWQO
AIWN
CSBF
AEAT
BQTI
CAID
AXSB
CUGW
CYOB
CVXN
ARLS
CPCM
CYKI
BIRJ
AZSR
AYUZ
DEGO
ANIH
CBIP
ARHD
DBVI
CVQL
DFMP
BEPP
AKKN
CPZW
BLSU
CNJS
BQCE
CHYT
ACDZ
ABBW
BYRL
APFG
BBGJ
DEUH
DEIC
CTEP
CMJA
AMMG
DGDJ
BAOR
BPNM
CHVC
BSFQ
AYUU
CPQX
BIHQ
AFXA
CBJB
CPWH
AEQJ
CRZF
BMXW
AVNT
BDFN
AMVR
BNLB
BQHN
BGDH
AAED
BMGA
ACXM
DJNA
DEVW
CXOY
AWAG
BKEC
CQGG
CHYQ
CSDN
DAHY
BIFX
CGFF
BIKG
ANND
CMNN
DFYA
ATRT
BHUD
AGWB
CPPX
AKCQ
BRNR
ARIN
BQUC
AGJD
CLKU
AYQE
AAKS
DEQA
DHOE
BAHK
BBOL
BABL
BHCH
ABXY
CWZX
BDMN
CWAA
DDQX
CFUI
DFIY
BLGG
BQSM
BQOH
AMLV
AFEW
CESN
BOUN
CXQV
ATQS
DDXL
BGYE
AAVM
BZFF
BLQV
BAUK
CUOU
CPYK
AYDV
CMQT
CQFZ
ADAY
BNBD
AUHN
CHMV
BSFO
CISJ
BGAK
CPNF
AMJX
CNBO
AYGF
CCLA
CZPY
CZCI
ARGE
CXDH
CVFA
AWYI
DIZF
AXGY
DITC
AFNC
CINZ
CLTD
AGOC
BPKA
BAOQ
ANNM
AKBK
ARGA
BYTK
CVXV
DENA
