BNS
GaY
CnA
KvJ
JwZ
KBg
LSN
AiU
Hbl
AeF
IvM
FBT
Gcl
ANo
BAG
GqB
HIh
KoX
Ayw
BXL
Bez
IJb
CCQ
Dok
JFw
Anb
GxB
DLX
GUV
HUD
D_H
IRG
DnQ
Dxe
EEb
ABG
GOd
LIJ
JnN
LVe
CzZ
GdF
HHH
HXW
BkS
IIC
EzS
BnJ
BtH
Kun
CAz
Hhn
Ibz
BkF
DZA
an
JRO
Hlz
ARE
Emc
Grv
CtB
ALl
EiB
GhK
uq
LVa
GiI
CTs
GSF
GLW
FYD
BEx
HH
BWB
KHz
Jop
CNz
IJG
Agt
BLn
EDO
GbU
At
Yd
Kiv
HBa
GOD
BRG
KsK
DZv
HXB
JDN
IfC
FQK
E_v
DLx
LFQ
JSX
CMT
JwT
FxT
_A
ADc
KFW
Kmi
Fke
JBp
xN
EvG
JLB
BDP
BMQ
Hji
Exs
BXm
JMP
ACO
AhB
Cby
IYx
CGF
EAY
Hk_
BEI
IwQ
Kke
IEy
Kal
GQb
JrU
FIK
Icg
ILQ
Hxb
FeU
HdY
KFK
BSW
FKo
GpG
Gpb
LMK
AWP
BGF
DCF
yj
xI
Ayf
Gfh
BqV
Cqx
GrF
LJa
IAq
AdB
JcA
B
ATR
Bnl
Fsg
JyR
Ask
OZ
ASM
Cmx
XZ
Es_
HCA
ILq
CFO
HUQ
LLq
Hdp
Ksv
G_x
JBi
GTC
Fg_
EhI
Flo
FKK
HBl
EGB
HMi
Hqn
FXn
Hzo
CEG
CrP
EyT
ma
CmA
LAY
GoI
DEg
ci
Hw_
EEn
GSn
Ioy
Kpt
AYG
Gbz
Gnu
AYS
Lp
CDR
BKL
Alb
BvU
FTq
HDK
LSK
mx
ASx
JKf
ANg
Hps
KIV
KPS
Glu
IMQ
Iuk
KKS
ERO
KSi
DAU
Cn
Fko
Dcn
KIf
Atz
IRg
CKl
_h
JSY
XU
KrI
GSq
DCo
ElS
HQn
DtS
XS
KhJ
HfA
GHA
Cuk
IAB
FHX
BSV
Bnd
HUz
rW
GSM
JmE
pS
GaX
HOn
Jau
KRJ
Dqz
Igk
ARo
CTX
FQf
BVD
JQY
IKG
FJv
KRh
FnF
FtS
Kxq
IkI
Fcp
I_a
wm
DNa
IhL
AyL
zv
ICE
BOu
HCH
FSy
BpF
GZg
AKm
IGk
IAJ
Jpn
aE
Kbb
fH
Can
IPY
Bk_
IuL
BKb
ASR
D_P
JFD
BRq
EMO
FBz
BhV
VI
Eie
CuQ
Hop
LAG
BsG
DAp
CZQ
Jep
FF
Dcx
FXp
BHh
LPk
BLP
Iyj
E_B
KQk
IJn
Dlu
Arl
BPP
qy
Cez
AId
Jkt
jk
Igr
DIX
FvP
Dnp
KhL
KSk
BuG
AHv
Cee
Kc
Hjo
HzJ
Iof
KDj
AK
_Y
CVU
LNu
GTo
KhF
Eek
EcU
JqU
BBs
Akm
Cjm
AlW
CrA
DUN
BPR
CKY
EQm
qz
ATc
HVt
Ger
AQn
EzT
CHf
LPR
Dei
Dsp
Akn
HSQ
HVo
Knv
Kkc
Cme
FBC
Dzo
LXA
ISZ
FYL
LVB
AJy
KBW
LU
KOV
FSG
KUn
Adk
Ey_
IsP
JZG
HxT
CUz
CDZ
FdZ
Diz
KhK
CAY
HVx
rN
HUX
HOp
GWE
EnH
GQX
Ffb
GUt
KNV
EdL
KdW
FNN
DpC
Dkr
EdA
KNp
Eoh
AlD
Kho
Far
JgH
Ghx
Gcv
AfP
CAN
Im
JMj
KZM
DpV
Etb
BO_
HJY
lN
EQl
BkZ
FoZ
fe
KzB
LWT
CgR
GjD
Ahe
BY
Kgc
BdC
IZC
IpK
AcI
AFj
DXk
IAM
JAk
HkA
Euz
CMu
JCN
AYW
fE
DIC
GtS
HwM
Dbt
Cly
Hkz
ALh
DcD
BQC
Ijf
GPo
Imn
DDI
HsC
FJC
Hgj
DPo
Kqy
LSt
KUs
Cwc
Wm
HGD
DZD
JlU
HUu
ITs
Awr
CSG
CND
Jtv
IgJ
Fue
Dwy
EXI
LGT
FIb
HYO
GEm
FAl
HBj
LHe
DCO
DQA
bf
AUK
CgV
HtL
zt
ACc
BrE
DJc
TK
KlY
AEd
EUe
Jyc
KtI
CzV
BKI
LWO
AIW
HIL
ADZ
KHT
KFz
JZ
KOU
JcY
BPY
GPC
DL
LKz
HnM
IYI
Jca
ai
Idd
AI
ZZ
Imz
IZP
IWb
KRE
JyW
Hqv
Kpk
CSS
Bae
bn
LWp
FzY
EHt
md
Byx
CaB
BwT
ESP
DMa
AMB
EMh
Biu
AjU
AGo
FBf
HGE
Ef_
Jvg
KCQ
Glo
HrS
Crb
ARq
CuA
Djz
LKl
JPp
EaS
CNO
CQb
GZT
Buv
FrH
EeD
Dqt
ImH
KZD
Ccg
LJG
Aaw
AlB
Bkk
Hrc
BKF
FxL
EkF
FTW
AvD
CuI
ASn
Aev
KPf
yJ
JWr
CiU
Ehe
LIi
GJp
FFU
EIG
HLN
Uj
Aau
ATD
Nt
Afw
Fid
Mx
A_j
Krv
iM
IhM
EZm
Axa
ElP
Elh
HEE
Ezy
DvE
CZb
CPi
AHJ
Ffm
BFr
IU
HXE
K_g
Kyo
CJo
GCq
IYj
Kk
HnP
Dov
Fij
Grg
Aad
KAB
Dka
BkQ
AKZ
iE
EJJ
HVn
ELU
HYt
EZx
KdQ
FkI
Jxf
Fka
gz
BdW
CqN
ExO
J_X
HJF
Jwk
BUG
Gyx
DET
Ei_
Ar
Ddq
BiI
ABC
LOg
LPA
xa
LSU
KnM
CNR
KVG
Bu_
Iww
Ivn
ANB
IbV
CSo
D_J
AXP
AQX
BMS
GGK
KZA
JWw
FFx
JBz
FCA
DrF
Gpk
CrG
Agj
Dhd
DwB
Axw
Ccd
CmL
GFI
KqB
GMv
Des
Ddl
FRa
LDo
IqI
LEQ
jH
GHH
BFX
CxX
DAc
DFO
gk
Knf
AU
Jb
LND
BXz
ADL
HZ
FVK
FMv
ELB
GaV
LMC
Sw
nW
KVT
JrY
gX
JjL
JQq
KBa
AjF
DyU
xW
CqS
GZf
KMA
Hbe
JTU
EkY
AeS
IIV
LKk
Kpv
kX
KEj
CFi
DRe
AZp
DZj
Bpd
Kxc
HCE
DIt
F_m
ESX
Ear
AVQ
Vm
Jzv
Khq
Ifq
LVF
AZo
CrK
Duv
Cen
GUw
IdR
zD
Ddu
Jjg
CE_
Jil
FkO
Kif
AmW
Lg
FYV
iW
Jhc
ATf
IDp
AQa
LUa
ELR
FbY
FXx
Keq
HcB
LCv
HLw
HSe
CtN
CUb
F_n
EKp
Din
Hpl
EVG
Hvl
LMX
IFI
AJW
Cwv
EfW
HFC
DLQ
Csf
KIm
Kdu
LWj
GHb
Kf
Ftw
Hin
Dd
AV
CSO
K_x
DEW
Apg
NZ
CTd
AtW
AyI
IPA
CCY
Aml
GzR
DJj
KIx
Gtz
Ihg
Erp
Esi
IFS
DgP
JJF
ZJ
JNQ
DBe
DAK
FCE
BJe
JNf
Dtb
IBr
G_g
HVi
BJM
GQt
HOl
DXo
JvT
BgX
FUM
Kwa
KPp
HYN
GUF
EEl
FQp
JzM
KJo
HJk
KzD
CPt
EZ_
ITy
Fav
LSD
GJu
CCS
BPa
Gjz
C_M
CLz
Cf
FRe
EpO
DAL
Ccx
GUr
Cbb
EID
Bvn
FmU
Jdq
Fjb
Ft_
KKy
AJZ
Abx
BmJ
KvC
lS
Gjj
Kxy
HVR
Gxa
Ebf
KcS
BgF
KvP
CGy
HXQ
CKw
Gtq
Xi
JUC
pu
KSO
Atl
DQm
GsH
H_s
AVb
FfA
KjG
ApS
FC_
CIR
Awj
ALL
HB_
Frf
PF
JCD
LMk
KXh
rL
Bjs
DOW
GoC
ALP
Aee
GoF
IXx
AIt
Aqi
CUk
AEK
DNx
Grr
EyE
FeY
KDN
HPw
EAP
HeB
vI
Klb
JNH
IKC
KXr
CBS
Ktt
DCY
Kkl
Hmv
HGt
GIl
AbC
KdS
JsQ
LUT
TS
Clw
Dya
JNo
ELn
FyN
DFc
IuZ
EEw
IuE
CCj
BqN
BqI
KSG
LI
wc
Et
FSM
HrN
Ckv
IoL
HOY
ISf
LUJ
jP
IPd
EzI
ALq
IyZ
BPm
PZ
AAw
EhB
Dvt
Kww
DMq
EvY
DTf
DdT
Ns
CSD
Ibm
HkK
Krr
ERx
AkH
IxS
HYC
B_H
Gaf
KHh
JvA
CIC
DaD
Boy
JwS
Ifg
ATv
CyU
ANw
GkK
A_d
KtU
KZZ
Fff
AMH
BzI
JK_
ABe
ADg
IhF
KOX
GMO
GjB
KiQ
DRL
KbY
EDW
Afi
KkZ
Aci
Cgt
gu
Ahs
LRT
LCW
KoN
Kfo
FOE
Ae
FME
Buj
LFi
ALp
Ixq
AMs
oB
iu
Abw
GfV
Ivq
Fhn
Ayr
Zv
AeN
Wr
EDP
BQl
vg
AGM
xM
GiA
JsW
CGm
LQ_
EES
HFh
Fzw
Hio
KzG
KmM
K_a
ba
Kin
BRX
MA
CKR
JQU
np
HTm
Kle
FLI
Jxe
Adg
ig
ue
GxR
aY
ESf
Epq
Fiy
DO
JPB
BH
JZt
EtR
Jyo
fd
HiO
Hhx
Izn
GBb
CjR
Gyy
ByM
Jal
NX
Gdf
DzL
AFg
KPg
MG
AOj
HLV
KEq
KDl
AQB
Cws
Fzp
HTs
nM
HyA
FkV
COr
ISp
KFn
KDr
GkR
LCt
KYt
HaR
UP
JcJ
JUB
GQn
Kci
Kzv
Jsn
Eng
Gwp
AOm
FPA
tS
Kem
Qe
LMl
Fog
Bcl
BTX
CVT
J_Y
Hsy
EmD
ERi
Keu
_r
KIM
DOX
BZa
Ksn
JjX
Iu_
PP
AGv
ErK
DMZ
LWf
CMB
KvW
FQg
DmJ
LNi
KwD
DyL
Kwq
BOb
LMU
LDg
Dkd
FXg
Jwx
eJ
JBB
FuR
GuS
FjP
DMH
HiJ
Ihj
Qz
AWO
KP
Bt_
Gzo
Ezl
dj
DuR
Fwm
FPg
JxS
IHA
Drv
JoC
HVF
IFr
ErN
HYv
ATj
DCa
fQ
AnS
GDm
EGW
JLV
AIX
AnZ
Hue
FRK
Kdx
Iuq
Dgc
IJR
KIv
CLM
DiB
KrU
Hjh
EGU
R
B_E
FNw
JaD
InU
Etm
Azo
Ghk
AAE
LUi
Jic
BbL
Kur
Jbj
OP
DvQ
FZE
AHH
LGK
uO
CmV
AEv
CuC
bT
Se
HLd
BLT
DHc
ANu
Kol
IOz
Jmk
KHS
JSP
FkZ
Jui
HDM
BN_
CnW
BqS
Emd
JNy
Pa
hr
GQE
Kng
eT
DZK
FMK
HGn
JnU
AjR
GtT
KmJ
Bhu
BlC
CAt
nY
KJC
E_j
CBm
GvW
Ayg
AmM
DIo
JHK
Doa
BTD
GZL
GLE
ADK
KCM
LRU
GON
Kkm
qv
EM
KsI
Fmh
KSY
IVp
ARw
KzZ
Cyd
Bie
KwK
NQ
Di
JFo
Bqe
Fkl
Fta
EGi
Kv_
CmT
IIu
LRY
oE
Aoi
Mh
Kdq
ZT
Ixi
KGv
GUv
Kpx
KQl
FGD
Bwa
Ddp
BBI
FMF
Jeg
LBO
FEG
BnC
DeM
j
AIG
AGO
EOA
Dvl
FxK
GaH
JyJ
HMm
zu
Imc
Dgj
F_q
FFG
BRA
HdS
EKz
Amn
Jig
Jfx
FZi
BtF
lE
KdR
Zk
EqU
GCG
Aby
HCR
BJ
EIb
KgP
dh
Dhq
KPd
Fgv
Gad
XQ
KGi
AQE
DQr
ARW
Jtl
Jpj
hM
JV_
JTk
Kul
CWZ
GZo
BDc
JmC
FBn
LBe
KNr
CUx
yD
KNH
CoG
DlE
AMG
Fsf
A_m
KKC
CU_
Bzk
LFA
HGS
LCK
Me
KyL
GQg
ImP
Hd_
DUU
Hyo
CNs
IGl
Jzg
ADT
Hrd
LJU
oR
KKG
LPy
LVZ
EIQ
JaG
IRt
FJs
Ehp
HDz
IkF
Cxu
Bcd
CRD
Bds
Kvu
Gie
ATZ
ad
Cqs
LKr
CjP
ApZ
FvD
DzP
CxL
ExY
EB
FTP
AWk
APZ
ENo
Kep
GkV
KIF
Btp
EWT
Efo
EqV
B__
lb
AiG
IqS
BeB
JB
Czu
HrV
GYC
KSd
Amk
BIS
Bdu
Gbj
APb
EIB
HXg
Kt
GMn
Cfd
D_i
Dtf
Cjd
BuS
Hdz
DuB
CTw
GzX
Dzn
KhM
CZ
KZw
Aht
KFt
INI
Fgh
ISe
DSG
CLm
AKC
FPY
CRX
GHS
Ebs
Heq
Dxx
Ewb
IET
EL
Jqc
HkD
FCb
HBr
LUw
E_l
Egb
GLI
DDT
OS
KQw
FnK
HGg
GfR
DCH
Iph
Sc
DLG
CwI
Ete
KGU
gC
Ba_
InN
EMy
HpS
KiT
IkN
CiK
Cpg
Azz
JOW
Dtu
DIP
Cba
JHZ
LWr
ARH
BYX
Fqd
FDi
BoE
LVA
Ffk
gc
ny
HUC
uH
JkV
Dsv
Gfx
AMY
FWz
JhK
JSh
DEn
HuS
AVJ
AXL
KoM
UQ
LVt
IUJ
EpE
CGz
GQN
DHj
AGz
GQf
Kbq
FPI
LLE
IWj
BWc
DIM
LJf
AS_
AIj
LJx
GjM
LHU
KFb
Ipx
KLg
DZQ
xR
Jfh
ITY
KNZ
Yy
IKd
BzV
DLz
sA
EbY
GiK
BRe
EJC
Ajs
KgT
AmR
Cgj
Hoo
AKS
DQR
LQS
Kms
GrL
GaJ
UE
Dp_
BfS
KwC
JwQ
HGQ
Aal
EEJ
FPM
AAp
Eg_
AiL
AK_
Bbr
Fjq
Th
KEK
IOf
HjI
Ipe
fN
BZA
Fju
HW_
Hu
IWP
LRk
JVV
AGr
Amy
AC_
AvA
HWc
AXR
FwV
EJh
Eri
AXy
Gul
Bjp
IBL
ARt
Bl_
YO
KIs
CMI
CQM
LGJ
EPS
Krl
cG
Bry
GHk
ElE
IeD
BKk
GO
Ktb
LGD
VQ
CRm
Gfr
CyF
Sz
Kfu
ip
DIN
FJQ
HWG
Jmy
KHO
FRP
HTZ
KQE
FFn
CLg
IOZ
Jwu
wD
Jmj
Hfw
HxC
LSW
KaR
FXM
DoD
DpR
JSU
yt
LJI
DbO
CGW
ExD
Ilu
BGE
End
Tt
FCL
EpR
Hm
Ade
AST
LFc
Jmx
Cev
dT
FUX
CYs
LNf
Cjz
AYe
Kzc
GdR
Czb
jv
JvI
LRv
KEu
Fup
Jqo
AwY
CTv
KDG
ATI
AWV
IsS
JXS
Vs
KaY
CrN
IUO
Jwa
Iyf
JWc
LSL
BPS
INm
Kpq
ASf
Fwn
AIp
HfG
Dde
KPE
LOe
FNv
KCF
BAQ
LEu
BeA
Kvv
Kei
JGC
Acf
IGw
DTQ
IOE
BQt
GsE
ATu
Aap
GnK
Coc
AKc
A_v
Hn
BYM
HiY
EbR
COf
CDE
HRL
HiU
Fce
GDC
AnN
Gzq
IlG
Add
Jnn
CaS
HnC
GWc
DiK
Keb
GU
Iqj
BuK
JjK
pX
Fmt
GGa
GKk
AbV
DQF
BXd
HMA
DKX
FVa
JLu
Kfe
Dcp
Kpc
KtA
KNj
KQV
CZh
JVX
Jvj
JqR
F_O
AGN
IDP
Kki
LEY
DVz
LJl
Nk
HAy
GC
Eyx
BT
nf
Kcv
BBX
yI
ICj
Drd
EfS
KhT
KaA
INy
A_t
Boc
HJR
LKw
GNC
JTy
KMk
HMc
LAs
rm
APc
HeT
HzX
EWG
LBb
BNk
KrZ
Kqx
sY
vs
Fx
DcI
Dyo
HhI
CKW
BUv
Khv
LWY
AjB
Hc
pB
LBh
Afd
AhR
HIU
Klp
SU
OW
KAy
LWm
LBc
FIV
Abi
LHh
G_n
KTG
aw
Ajm
BEY
Gji
AVO
LDw
BQi
APV
GSh
Air
eV
Kye
AGa
JyH
JuH
Kwy
DWi
FPt
IlD
LRu
Jm_
Bpv
LEo
Kwh
TO
FXh
FLP
KHj
Fkw
Od
GEQ
FaC
HDp
Jvz
InK
FSF
Amd
Jsa
kq
KJV
FPK
AuF
nT
Ahi
uP
Jwm
KJ_
Ly
EOk
Bph
Jro
FrE
CL
Irz
FeS
GDU
Yf
Abm
YH
AhS
EFc
ICz
JXr
AQt
JJm
DeD
_T
JsD
EvD
HJi
HIg
LAy
BSt
Koi
Jwv
KcU
ALj
Dwa
xp
FCz
EIq
id
IMO
iG
Dqk
Igv
rP
JxR
CKk
HLc
AUX
GVl
Krf
CwL
LDM
JfC
IgD
JJg
GEX
IId
BxK
Fdy
QK
EHP
LVd
BTE
DTT
KLV
Dkt
IvG
Ckm
Aku
DQO
FA
IyM
CsJ
Eaf
JlN
yH
ESL
BGq
Gh
LXP
GZy
EUJ
Egl
KZu
Jvp
KVd
AiB
Ipq
HGp
EXc
BVm
LNm
HgI
Fgm
DJx
FBb
LGn
KnD
KkY
CmR
JqQ
GQU
LVD
JKd
hA
FBO
Cso
KTw
CUy
Ess
KCv
Gc_
KME
zM
BEK
CNF
OQ
ATL
BeQ
Jsh
KYG
AwV
IJf
Gdb
DSk
fn
JiT
Zt
LCe
HUo
EnP
Gl
TD
LHA
uQ
e
FgV
tg
KCj
I_f
JUl
et
Dws
HTD
ju
DGC
AOw
EFE
EBg
IW
LRg
dX
GPD
KUp
dp
WI
AIk
JsJ
DNX
Kte
Jhu
AGP
Dsw
AMU
HoT
GgB
LOH
Akg
HjR
GNj
ib
BgJ
Kiw
ABc
AlX
LKd
DFW
BLl
Jur
LCh
IUx
Oc
GXQ
FGs
Fap
AhW
LCw
DXI
Pm
IbA
FQM
LFR
JSn
HrC
Dgg
Kma
CAx
KCB
KTx
HGf
IZb
HqO
HGH
DAf
AZH
CRd
LDs
AyJ
Aai
KnN
KbC
DUc
DrO
Aec
KmV
HHx
WQ
ABj
DMR
Jto
ABX
KBy
Kds
HZb
AVy
FlL
JZs
B_g
IEQ
IPg
BFb
BPy
EjG
BmK
EKm
DVS
HGq
ElZ
KKp
DKf
AYf
Bc_
EHF
Bfu
Kdg
EIY
CbB
CrJ
DPb
Erg
AGi
AVm
Hq_
Knx
FoG
jE
JO
DPv
JIF
Elm
LTH
AWg
EoB
Hgy
ERF
xh
HDk
HHt
tY
LWc
AcT
AcS
JeO
HcZ
Isx
HnG
HMY
GMB
Dpe
Gjs
EQA
DC
AQV
ChQ
hL
ADq
W
Kme
HeH
AUq
Kyd
DPf
LBz
GWC
BqJ
GxD
IyO
Alr
AlO
IPQ
ACn
Dwx
KDR
BEt
HWw
Fyo
KqJ
AiI
HEl
JpJ
_m
KLp
GyI
IWg
KgY
LAq
ABk
LNg
KkE
FVy
CAH
I_k
APJ
SZ
LRD
AUe
Fye
FUA
Kc_
INt
dt
pM
AWa
BoL
IXd
Dw
KHf
JpW
JLS
AV_
GXa
KFo
FAm
Bpp
KRO
COM
IxQ
Csb
CWC
Wx
HyN
rj
DPU
Nv
BHb
LTo
ABW
Akz
DtN
BmF
hf
Cre
DCf
KyX
pK
KiO
AXl
Krm
Bgm
KX_
Jnv
CY
CbP
IXp
Kuj
DXt
GgE
GIZ
KWf
Did
EJe
DJw
FQT
a
KmT
EKc
DbT
DO_
Jjt
Ijh
FkL
CyT
BXk
KlQ
Fn
Fgq
DQf
GiW
KrB
LKg
DTc
Jl
BLJ
ym
KZE
EcM
AJt
FVb
LFX
Ccb
ELI
Chf
zl
GoR
KmN
CTB
LIq
CXd
JBg
F_U
HBy
KHJ
Duo
CJs
BKZ
DkS
Fnt
yR
AZg
CLP
LCx
Fwp
KES
Jwb
Gah
zJ
AEB
JnO
Kxo
LLy
Kgm
AKr
DHV
Xt
ILc
EDa
AIS
GwV
fb
ESS
Hlb
A_E
DAZ
Cio
Kj
Jbc
BKV
GGM
Amp
Cjt
Dv
Iwy
AgQ
AHW
KSr
A_Z
LUo
MR
KGS
ES
hX
Hsn
FEl
Ihb
ErQ
LAJ
HAa
KOL
IKN
IYz
HS
GBS
Hqe
IEm
KGW
CIN
LDZ
Gpn
LKy
eS
IcR
H_X
YM
GrY
Kop
GH
NO
LHg
KOv
KGk
CRB
Dek
HLm
kn
B_i
JOe
INX
KYT
IuP
JiD
EJX
FE_
EqP
LPf
KRt
KMP
A_G
KFS
BPX
Gxl
CFX
JqJ
or
DYp
Jsd
AFL
G_D
CcQ
FJr
AFK
GQu
CoJ
JGq
KWQ
LF
EBl
LSI
GWm
Dud
BLK
EHo
JIL
BzM
Jmf
tt
Ivx
JhU
JMX
AYc
vn
KiR
INf
GDT
EKw
iN
KpQ
LJo
AiS
KSw
IBX
FYE
DCU
Ni
Kuc
HMe
AuD
Jhk
FbN
KOq
FXR
JGB
LMh
Fai
LLh
FOd
LTu
us
LOx
Bch
KUt
yK
LBp
KaN
CBH
ICH
DBZ
Jbg
JOJ
FHi
g
IpD
Xg
LCT
KCK
LNp
BiS
KTJ
AXB
Khl
Kao
Dh
KBe
Dpz
KLh
KCU
Get
JKw
Gnd
IYY
EHc
LHI
Rw
E_z
Kjr
LES
LKn
Eh_
CKx
JxU
GlW
Jya
JKV
KWc
KgO
FcT
Chh
Htj
KgK
GOS
HYS
KED
BWr
Hbm
EuM
CgZ
KSI
El
AJI
Jk_
mO
LIr
FTb
cC
GJy
BiB
DA
HPO
EHn
FDU
Kkg
KXV
JFX
LEL
KRB
LWn
Fsi
lR
Kzp
JkL
HAZ
GdW
Cnh
GeU
ATU
KqL
Ghe
AUu
BWu
KvD
IeU
pC
Vh
Eys
HG_
Bfk
Jf
AMz
HAp
GXc
HAg
DDp
Cto
ADR
E_V
ICO
ASc
ADH
AcV
GWR
AVs
GJv
Kgj
Ftk
KNv
KTR
ErP
Zq
Yx
DId
EGs
CjT
ow
FvN
kr
Iyl
Qt
vo
JiY
ABg
Hte
KEo
Jlp
KiL
KQm
AJl
Hsi
be
Bwn
HLs
EAJ
LKP
Kix
KRC
PH
KYD
IAo
AlZ
Cja
IJk
Em
Aky
Jla
CDf
DtA
HHW
dF
JCI
Icr
cN
fC
Dva
AHw
JuW
JrF
DFQ
JQr
AMN
FXv
IWB
AEe
KDS
FlS
ALa
JoH
Yh
EGJ
FyK
Kta
LTT
Aae
FwW
KK_
Gye
KqY
GvK
FVu
APm
AFV
GUI
Cbi
KQe
CFP
ANZ
kl
IS
Ijy
KNl
AvM
IGA
DVW
DYc
LCa
BsN
KfF
ATr
JTY
KWz
JJd
KSP
BrM
AcA
KMI
aA
Jra
KGa
yo
AJG
WU
AaN
NR
YQ
IQp
IUB
ILY
ATt
KvI
Jtm
BaU
Aab
KmG
LQv
Jii
Dmv
JSI
GYl
GKR
IJ_
LTD
BRR
vk
JxY
BpN
D_s
CS
gT
Ds
Eeq
s_
AOa
Asn
zR
GSD
Jqv
Jjv
KtE
GXr
KpP
ADE
sW
Mn
KZO
LCF
YR
HP
FKU
ASa
FQb
InJ
EI_
GMT
Kxl
LCN
gj
JpQ
BRJ
JrW
Hhw
eo
LUp
IPL
Jta
ImO
KkI
LLo
KoK
IHS
Dvq
Jqa
EGL
ANA
KIA
Abo
JkJ
Jlh
EpL
AGt
CyJ
HBH
qe
zO
BAV
Eea
Jqe
AEt
EUV
GgY
IZ
AEL
JnD
KJt
FlN
KRZ
EtM
COI
BKq
LJv
aQ
ACW
AFI
CPg
KHQ
AMA
JtR
dn
Iol
Vo
Jl_
KsY
ItU
JvC
IoF
AOo
N_
CvC
EvS
HFW
zd
AiJ
Anx
Adn
Apo
LFm
Jno
uv
KaP
BZO
KPP
pY
HUJ
DCD
Bpk
Ama
AMt
PU
GWS
Ksa
CRH
GcO
Fvh
JuK
gi
Gpl
FgX
Ayo
KPJ
AUm
Zd
ApJ
KtN
Frc
IgG
EBE
CPe
INT
Km
Ifc
LLX
LIT
Kya
Kto
KRN
ZK
W_
KQZ
LHY
JTC
JmN
KIL
KaK
KdJ
Cgi
LAv
GiZ
BIi
KIa
KUZ
Bbo
Isp
BOv
so
COQ
JJY
uo
AkZ
AkR
LLz
tQ
CZW
AJ
Joz
Jmu
Fpk
LVY
GSE
IPI
KuR
Alc
FCy
LBV
JpE
KTH
Jqp
AXH
Kgr
TI
CFj
hH
A_S
Apy
VB
Wl
Cjx
KzX
DdD
HDa
LOP
Amh
Iyg
Ha
KKk
KaB
KTm
ii
Aax
FKJ
LEb
ISb
GxQ
zP
JjM
Aaj
Uh
Gox
rI
ANf
Jxa
Up
Abf
EfP
AoK
KpR
LQl
jF
B_e
ByQ
UL
LKf
KpO
Cbt
ps
LGR
Kus
Bdl
APz
Bf_
KVU
JmQ
JU
qZ
ClP
HVc
xk
EdG
AKL
GYV
Clj
IpH
KZU
Jte
LTW
BeO
HWy
KXY
KrY
KiF
ws
KZ_
KJj
HnL
LGN
by
KXO
KeK
KSf
DGW
InR
KYA
AoI
C_T
CSf
Bxl
LVQ
DkY
Kb_
LBT
KwB
JDU
ANI
Jbu
hC
FGj
LOU
FCS
Aey
JKi
KPG
Ero
LEd
AgY
KuN
FoA
Ghi
Kjy
Fhb
BKp
DIW
KZ
ZD
Ebt
Jqw
JH
AKG
FfY
HO
Djk
AXI
AZR
AVW
KYy
ID
oy
CKL
Fnv
v_
IqA
LCl
DiS
Br
Kwi
Hnj
KVP
AHz
GMV
FyZ
Jth
CdC
CRG
LLk
uU
GSp
KLc
LMA
GyN
ABa
GSC
AFn
EOP
Ikn
GVi
KKf
Ads
EYy
Ht
LMV
GiG
Acj
JjW
FAK
DY
DdH
EHI
CNw
Ioa
DEp
AZs
LIu
Amo
LWq
CAJ
Kgx
xv
FPD
ACt
Klv
GlD
KYZ
oX
BnQ
JTt
FNu
FVU
tO
KcQ
EY
Jn_
GGj
GVV
IkO
AEf
Knh
Bvf
Hfk
JKj
Gbe
JsE
JC
DZl
BdO
JQz
KJd
_b
DZi
Bfn
Gpe
GSV
EZR
KHw
Yu
HRF
FlK
JnV
ET
BVl
Ifd
Khm
yk
Iab
Fqz
dv
KNx
Jjo
Vw
KEy
AXh
LGj
Fmn
AmU
LWW
FzH
KOQ
eO
Kuk
ALi
Doo
DRj
Cpp
Ggs
mW
KWY
KuU
ALS
Cqw
Iiw
Csc
IuH
Dit
Gha
Isr
CMj
BNi
Brn
LMH
AcF
BXl
DqS
Ki
Jtk
JwF
ND
ANP
KwR
IXn
Buw
GhU
JyQ
PO
Ji_
Y
Cz
JmB
EwG
Dog
BSo
JpM
GK
Jqg
He
JFd
ISD
DSh
ErW
GFw
FSC
JIy
Qb
Jzd
ARO
LAQ
IYH
Hpr
KNf
dd
HVI
ItK
Jki
Bg
KJQ
_O
AvG
JNd
Cj
Jll
HFi
Dpi
DrX
CVY
Erl
BEQ
Hcv
FZe
DfJ
IwD
Bsj
AbH
LLJ
DuN
JDH
IWO
BwE
CnI
Dyz
CGG
IKI
HAw
Fih
KuW
ALU
JwO
NM
FUh
AhJ
LRL
FuD
ExV
AOs
Kxu
XX
KGZ
AoD
CoQ
Wy
KGA
Fsk
BYg
HLQ
HeV
BoG
FXP
Inz
zL
KiN
JeM
AGG
KpI
rz
KbB
Gzn
Eyt
FvE
CoD
DNL
Ebx
DOp
EUa
LSv
Ait
DKE
EJy
AWb
LFd
KxQ
AOO
IHF
Ixj
Kuy
ALw
Py
JzA
EvR
CnS
EZg
iw
KSy
FWK
GSY
Jgg
Baz
ACm
Klo
IDh
Cko
DrI
Amb
LWd
JhL
IRC
IaD
CHv
BFi
GnD
EJT
sO
KbQ
JdD
IOR
FUd
Bdn
BBA
FV
JoX
Jpd
Gb
BZP
CHL
IqJ
GVT
HZB
Apz
AiO
LSQ
GjE
IGY
Han
JgC
Esc
DJO
Kgk
xi
EJn
Ikq
EaG
BiJ
DbG
KVE
lC
HIe
Gxm
Axz
Boe
DGy
DGF
JOm
HvO
ARV
LAX
LUb
Ak_
JZv
Aq_
AYr
LHt
AHK
KqM
Dqp
CWL
EUs
Khs
yq
CXI
Jci
EtF
DvF
Ilj
JOX
HNC
HjB
DIk
ItB
EJq
LVE
AlC
DIn
LHN
AYL
Dt_
Hxi
DPQ
KQh
gf
Bu
Jkw
Fnw
KJs
_q
FxC
Dos
KUc
ka
BJD
Bdh
G_m
IVl
HUc
BLf
Eps
KLY
bW
E_
Jnb
Fll
Ddv
Iu
Jrw
Bug
HwT
AKJ
KtL
Jbn
LNo
Adm
ay
KLA
Tp
KCr
HPE
CLq
IwG
JWK
IHd
DPx
GBI
aM
KKO
Cm_
IgH
JBc
FSj
FjN
LAL
ARJ
CXe
KEm
Vk
Czf
ACd
Klf
Dvc
DQI
AJn
Ksp
Fgd
cp
KMr
Hrq
DAa
LSf
Aid
Etw
BOI
Aym
AVt
LEv
Fnr
Juh
Lf
Itz
ANH
KwJ
HLb
Egg
CwC
KYS
oQ
Bxj
AeR
LOT
Kly
ACw
Dxj
HNw
GNf
Huf
Hzg
Ejo
HXr
JFc
DHI
Eiz
DeP
Heg
BQO
Kxx
AOv
IKh
Dmd
Vr
KEt
GAY
GSf
Bgq
EDV
BTV
FVl
ARS
LAU
Bks
LFT
AWR
IFo
Efn
GJM
JuZ
LX
QV
JzX
GPb
JlW
CU
Egf
BtI
KDD
UB
hI
KRK
IUN
JTn
b_
KLb
DUK
Nd
Jwf
BaM
AyS
FoJ
H_I
Iit
IGH
FAj
ILa
IJa
AU_
LDb
CoX
KoU
AFS
vS
KeU
Hws
LIY
AZW
HNF
ETM
GRX
Gno
JTE
IED
Kwj
ANh
GIg
Jtf
Kd
bG
KLI
HMg
DZZ
CEA
DcX
CnV
EBN
Hxj
nC
KXE
HXU
Koq
AFo
AwI
IbR
AFD
KoF
AzF
Hml
GQm
HVe
Cbm
CGP
CEc
AeX
LOZ
Jiz
x
BrF
HKB
HQO
DNI
KDz
Ux
HkG
CsY
AzG
ImE
LOX
AeV
BWb
JuP
LN
AYh
LHj
Hua
Ijt
FRR
Gs
Jpu
CgN
Kfm
wk
Kva
AMZ
BYQ
BEC
Fdq
BtL
HUk
Ije
JdH
EKS
DON
EDr
qm
K_o
EWH
KxC
AOA
DAM
Dbb
AkI
LUK
KYe
oc
DkV
ATQ
LCS
HUH
A_M
LJO
HMk
Jyu
Ps
EYE
AVf
LEh
FlF
ILD
FiF
DZz
JTq
HSY
HGb
For
Hjj
Kla
ACZ
Isl
FPc
CGf
DVo
ISw
CGg
FMY
JVn
p
Jir
HkB
FwJ
Dlb
Ipv
ej
KOl
HDW
Kbo
sm
BRV
JM
JsO
EjR
BVs
CXY
HiD
C_t
Hc_
Ul
KDn
FaW
DuS
INz
LIc
AZa
Emh
H_p
DqD
CqI
EYB
CQu
LNw
Adu
DVg
Aao
LKq
ICQ
AfL
LPN
IPH
IuO
DuM
AnE
LXG
IDf
Cij
DnP
Jey
LIx
AZv
GZX
Ffa
Eod
BIl
JrR
IP
KMn
cl
CIj
Cy_
DVf
xG
KgI
Eai
ESA
JO_
CHl
JZp
FmB
AwM
EIh
KHB
Xz
Hsf
KYL
oJ
AqR
EYG
FSh
DMN
LVK
AlI
Bol
TB
KCD
Dh_
Fhh
Bvu
Ahb
LRd
Kiu
zs
Eol
Alt
LVv
Deu
EqJ
BDr
BcG
KnH
AEF
HJ_
KLr
bp
DVv
AqY
DlY
Afb
LPd
HFd
Anj
KUh
kf
JQJ
HSs
F_S
IgC
GRD
JRH
AAC
KjE
Aqp
I_w
Glv
Jnw
Eu
AFR
KoT
OI
JxK
CE
JlG
CFT
EFQ
CUD
BcP
en
KOp
ClT
Ddb
EbO
INV
KNA
cy
DfQ
Dkg
FZ
Joa
BKA
CFS
gx
KQz
IRO
CZs
KMi
cg
EYd
FCf
Kkx
ABv
HkW
GlE
Fyc
GBk
JpC
GA
Isb
Huo
JzR
QP
BLc
BLa
BgE
HUI
KGz
Xx
HpD
CJ
JlL
KLa
bZ
HZX
GBw
Fhd
ALe
Kug
CbN
ERC
DWU
DfZ
Cmc
GWw
WO
KFQ
EcE
KgQ
xO
Iik
Ftz
HAv
FJp
KGh
Xf
HQI
Gzm
Gc
Jpe
IIj
EYK
BrU
Aay
LLA
CtT
LMd
Acb
Bnc
EzW
DFx
OD
JxF
EdD
KAG
RE
AsT
Czv
CRx
Feb
BFC
DYF
AAl
Kjn
gL
KQN
Ddj
JMR
HIn
Czy
Knk
AEi
Kef
vd
AFW
KoY
sp
JZd
DXQ
KjJ
AAH
Ejs
GFR
JOi
JWh
GvF
Gzt
On
Jxp
DaE
St
KBv
KJL
_J
Fqc
FUU
JdK
AOG
KxI
AHk
Kqm
BjG
FiN
LXD
AnB
LOs
Aeq
HAS
JFF
It_
Hsj
JrZ
IX
GDG
FwT
LIO
AZM
Cxq
DGj
Jh_
GXW
NE
JwG
ExT
GRo
AUy
LEA
Bbk
Hkj
ITq
CoS
Ig_
Hur
Geo
Fzg
AdK
LNM
ASr
LBt
GGW
IjR
JeS
Cbx
HPx
AtB
GUj
Itq
KGn
Xl
CNE
LQJ
AgH
EzN
BkN
And
CXS
AxT
GJT
KCO
TM
JZC
KAX
RV
JxX
OV
Iqv
GYJ
Cp_
Azf
KDk
Ui
DfL
BVY
LWF
AmD
Ibj
is
KSu
DMD
EQf
GN
JpP
AJA
KsC
fL
KPN
Gsk
eF
KOH
AHI
KqK
CtV
DCN
LKN
AaL
AcQ
LMS
EZe
HNz
CMt
Hke
uG
KdI
IlN
KJP
_N
AHl
Kqn
CSA
Cod
D_X
LRE
AhC
FjR
Eyr
JJk
JFQ
Huq
FAg
Ia
Jrc
Icn
KyV
APT
FTQ
JoK
FI
Bpb
Bej
AEN
KnP
KjP
AAN
FTE
LHJ
AYH
ILz
A_c
LJe
Crp
CB
JlD
Ij
Jrl
Vz
KFB
HPI
FTu
Irw
Ixy
CgO
JiM
K
IFq
FwK
U
JiW
Exb
G_o
HiG
CYx
Idu
iq
KSs
Ikb
Fqu
AzP
DRo
Hrx
BtQ
LDd
AUb
JCG
FKm
FQI
IGr
KDY
UW
DGd
JmX
DV
EhP
LRR
AhP
JMc
GiE
BUx
eN
KOP
Bui
Fmc
Cut
GRM
IsZ
BEg
GdA
ArS
HSg
Jwd
Nb
KFv
Wt
Ck_
Cpi
DJD
wH
KfJ
JWW
ILf
LGw
AXu
sw
Kby
BGu
KMs
cq
CDU
KLK
bI
IiZ
JJO
CHJ
CUJ
CNt
UJ
KDL
HrE
Ixr
HuN
BKG
sq
Kbs
Czs
IWX
Inj
LFt
AWr
Hru
Eco
