dSU
CwA
wCa
bFA
loi
cpw
yYm
hyB
iWI
xrd
Dro
tUM
dWZ
dYA
lZo
yYS
dvW
kJu
zza
oMa
bcJ
lky
Dwv
iCo
gqu
Bql
dTX
tLL
hUq
yUu
sKv
kUl
azH
ckU
kHq
nfa
BPm
tKb
eaN
dRr
zbC
sQR
pQa
DzB
ghJ
sFr
ttL
Afx
loM
wKh
nDt
zdA
poC
zdI
pNJ
dQV
fEe
kRY
fKO
pjS
aCI
DZd
zxH
vbz
mWj
bhx
bCY
fac
dqq
bIo
zCz
BIS
ncF
reh
Cyt
gLu
yYX
cqU
wbn
mVF
urs
pVn
oMI
ggh
pnY
duG
rgS
EbB
oos
vfl
xWy
ysZ
cJE
hYO
hwl
bFf
Dsg
wlh
cmH
eas
cKN
Cxy
phZ
AFo
rxR
bHq
vxO
YV
cmJ
rcO
jii
maD
gMi
xmj
rJQ
chJ
iVZ
qVS
dnM
iyT
rAn
qpX
yxY
iXG
iWG
hll
vzX
tji
jhU
ncQ
kIr
kph
qqS
DVC
EeK
eEq
vbC
AKW
lxf
eAt
gpz
gHD
dzH
aGe
zcL
oMB
jMp
xVw
slB
lqb
lqW
sCZ
kNF
pSa
vBZ
aZr
dvR
eYi
pky
fdq
jcK
Dcb
oJu
bOc
kLN
ztp
Bpi
CrJ
rat
zwO
vuT
oGf
fHa
nEt
hsy
clO
zZu
AFO
plk
gey
Aff
cJY
BHl
xkU
pRm
bGj
lxC
oEz
qBA
lxK
wkW
vFU
bHR
poI
ezn
CuF
aFc
tMS
wKv
rvZ
bMN
hlb
xjB
COd
izD
oGb
tln
CNO
tPh
yzD
kJE
qVd
luC
mtw
iVS
nLx
hWH
jJY
tpa
fCm
tTO
sIz
coX
mqu
gHy
CSA
AaS
zGQ
jjm
siW
raE
hlY
acD
seW
rwF
qTG
cVT
BOt
Dzt
xnu
kUx
gnP
Wh
DYl
hOP
Ebx
xrZ
xiJ
qpB
tTr
uXG
pRo
wkH
CtS
uqc
fcT
ytz
xhY
yTI
Adt
rBi
yxa
vBs
wgj
htm
seH
kdr
hZw
ayh
shS
lon
dvz
eHD
knJ
oFg
yTj
Cxh
ZS
zYr
AaQ
ghn
nbz
gTr
ono
xlz
CxJ
psu
zdm
uVB
mXJ
sDR
qro
fcS
AiA
vzU
eza
gNS
opi
vBW
Dbi
tuS
Dsv
ojq
pMr
BOj
pYy
jFA
fFx
gVr
scs
sKn
bca
TF
cqp
cVm
jEz
mTY
ezw
veR
Dwq
yub
bGW
rEL
dyz
cSn
tjz
sDF
ibg
slq
baH
abo
bbL
psY
zah
tnJ
nFB
zcq
SM
weK
cWk
bHN
BkK
cJV
iuB
BKi
axf
bes
uwF
AEB
fAX
lpg
msG
bed
yrS
zcd
hrG
DZB
BKT
ALa
BjV
lOt
vaX
BLU
pli
BMv
cnS
jLg
tnB
AFA
Bor
hrx
bLf
nBN
wde
DDE
vIz
smw
msp
baJ
nzC
CPF
Csq
qrb
pZA
yoY
zaO
EfC
dom
gqe
eui
mzl
ohG
zDZ
qyu
aer
auQ
oIc
mWd
xnQ
wPR
Aie
tMR
ibv
wkD
muT
tLh
rcC
eHI
BpP
Dzk
cRu
sJy
ofH
qzn
lWV
qZW
wcD
bQl
cOI
cmK
bkF
hPl
rIe
lVF
cJk
mxa
kpN
fJm
BiU
sPl
huV
Edj
CRU
fAF
qYx
gkT
uvb
Bin
lwK
qTQ
Aae
xQA
CpH
cQh
Bro
aZM
sNW
qXx
zHj
DaN
uUn
fMF
oOU
gRS
kNA
Sz
aZQ
qvV
sIZ
dUi
rxP
gUt
DyJ
yrI
mEr
zAQ
gQx
Bih
EaW
ytU
fbR
obo
CkL
gNt
hpw
rIa
bDx
hmM
wHG
yoh
uVf
obX
uoN
gTa
baY
dQy
oHi
bhH
nzN
ytj
mwZ
cVa
bct
uWI
uUC
kNr
azz
weI
Ajd
hnh
DrB
nEN
jGp
cMZ
ysz
vzx
tjL
qpo
exV
wMQ
rBm
ppQ
qxI
azf
ofj
awz
AAF
mCE
tkA
Edb
cOi
vZg
wIJ
ACU
iGr
jFa
bbO
wPB
dZr
iCz
ghc
lVz
kgk
cLu
pvZ
pvi
maO
nfG
AEK
cNt
CrN
pno
nfN
xMZ
DZs
qvI
DWN
eYN
EfM
vHd
ckM
hyN
ofI
BgI
lRe
oga
xWr
bjU
yVt
kLo
gfj
hWq
iBR
cfI
pkg
rei
hQF
pSH
kqb
ncZ
eGg
CWj
Bhs
lXu
jiS
rJY
hpH
sFg
dQs
AkA
zGD
exo
fLr
rZY
uvt
CRS
vGO
mrn
mCA
qts
CmX
lRU
xMT
hpB
BPV
xJa
nfA
ADO
rBX
tQH
ztt
BOU
gKS
gNs
nER
iCB
cPC
qwB
pNO
wOu
rzU
xSo
rbN
qVI
oct
fOt
jLz
vDR
pPA
nCv
tUP
dpN
gKN
cnI
gSh
bHQ
etv
dXZ
jKN
BJC
sPR
rCA
hQC
yQv
AeE
ghC
pRg
icB
DxV
nGv
wDK
lnh
gop
crq
EgZ
fie
wOt
nDV
DWR
qzQ
pta
shZ
jLU
oMU
hmn
hXN
hWt
hmN
cUy
quZ
xWK
rDk
ABj
jAA
etF
uVF
lXM
kRl
jck
nhj
AEk
Brq
wDU
BLi
CVQ
pXI
xfL
AJO
yty
fFi
muJ
ocF
wml
vYy
DVl
wcs
pYL
fbV
gpY
hPz
uYu
avb
lQX
hPE
wPq
yoR
yyQ
wdz
iEh
gsb
BfU
jDX
wgH
nKy
hQN
tiH
uuR
klq
lND
vAX
lSv
AFT
qUN
isD
DxH
wmx
xSO
fOB
uvZ
CSv
zct
qpp
rZT
yss
Eaw
aGy
BdT
pNN
wMy
rZz
dUt
qpd
ryc
tOd
bmd
DZH
qwz
ivX
Dva
sGZ
sOu
Akt
wiH
uUG
sLL
edX
gSE
CSO
trc
gmi
uzy
rCh
fcA
lPc
nJU
qSO
kMK
yQi
lTC
hXR
xlZ
cVp
aJj
opr
pXP
kOA
tjS
bGX
Rz
nJd
hVU
vAu
hqu
CvS
kiA
lRs
uzZ
mCe
DsE
CPm
ebc
xsD
snS
pTh
mba
DCW
ndi
oeA
sPd
cKi
hPX
yws
icJ
dZP
bcD
iaI
gJa
lvm
tTu
CuP
bDe
tLp
hmq
DDS
lRA
Cmb
ywn
bKD
bap
lPq
Cyb
uua
jgY
CVt
pik
pVS
ciR
CSH
lQS
tVR
ist
Afz
ech
fco
xrH
grs
gkA
pYq
azR
hsF
fHi
CmK
fcG
uSg
uyR
itn
xqN
mzz
ppp
fNO
xQH
yzk
Drv
qsk
cgy
xTJ
tsU
DtQ
ymf
ytn
kPf
mUi
bFU
jMB
gJR
ySp
gJY
ofQ
pSP
wLN
cSN
CuS
uUK
lvH
sGK
nHu
CYM
BHD
nEJ
wdS
hvH
eFy
DtN
uuN
rvX
xla
CUx
bfV
DXL
plu
rHG
Bfa
unT
pjg
Duh
pmR
pjp
lNN
qrn
cgc
zCi
bhI
cWN
kgE
rBD
EiD
bDp
fHZ
lpa
eYx
zYj
BMu
dZs
lQO
wDH
naz
hxf
dXF
ABN
cTp
rwZ
blL
myM
vbp
isi
huu
CqG
nJB
naZ
ZI
vys
dQl
iCM
ALG
iZT
chR
cMC
zBj
BhJ
EeP
awg
kTO
hmF
pNH
Dwf
lvi
zEG
klS
kHB
zwC
DEH
blh
aDX
gMv
iwj
CkS
hTV
uTW
vCu
pMO
rbU
pPQ
DWq
qSv
mUx
xTb
hmd
cTx
aDV
xhg
bkb
isf
pqh
mvQ
exe
mxg
sJg
tiC
ewd
lww
AMA
Bhu
gOh
gTe
Dzh
eHf
phU
sHU
Bif
ryB
vDH
yVi
jBr
oSJ
acy
iWE
yoZ
vyV
dYZ
wIH
hxQ
jcJ
dUD
acr
AjH
jES
ngu
ryP
CRE
iWN
jMU
AeQ
sLu
blu
xkw
BeG
fcq
baN
cNF
llV
clx
BLz
tKp
oRE
uWx
Eho
wma
ynN
nCr
zvk
gIr
mVi
BQC
CVb
kPj
sDm
kOe
lMV
sOA
cNW
RB
gNZ
dwO
iDy
uRI
eZE
zty
kQQ
oMt
vZr
qYa
xLe
fMO
RL
jCr
mZz
zyI
hTp
pnZ
tpv
exT
tli
lXW
Cyo
cKm
kIS
tNh
hmR
fjI
jgz
rbh
cqb
BLe
fOf
sPh
ojV
mwq
kkJ
aaX
aCP
lnQ
DVY
ece
lMY
aHI
wJf
faS
lWj
vCH
gMZ
gnf
wlU
DXu
pNl
BNV
scH
pVN
AiD
nFI
hor
DWn
iEW
hte
DVZ
oRa
rEz
yyT
dZu
xNX
Cpk
vuL
tke
iVT
gOb
uRD
BMw
xhk
qrd
utV
mAt
xJn
BoE
xMo
yPT
lPI
bhi
zHk
vcM
muo
nca
jGj
AeA
gLZ
xUr
cLU
oFb
rGc
fbe
tVr
ywf
oFi
oGs
oLY
EdQ
yXq
nCW
Dca
gOR
ypS
kkk
aEr
mBb
Akq
lZU
qWo
sQa
kla
zbM
sfg
zAA
bOd
ffY
xrV
ivG
bcE
tLN
uoH
gif
cKP
puh
wjR
DYE
nep
hwH
lvO
CwG
EeR
bgI
wDR
uxZ
lZe
bdI
yYU
jMl
DYS
mBy
AiL
BhA
uWS
usW
tSA
vYt
eZW
CZN
rAW
nag
cXs
xKH
qVR
sLM
sHj
ety
lZI
cjE
hSk
CSk
sDp
mtC
rcn
exZ
bDt
kkf
rHQ
Efu
bMo
xmQ
pko
qsu
xhB
yWh
aAO
hwc
bQc
feB
ztR
ghQ
Cqd
uod
zBb
jez
ocp
CZq
slc
biX
nCa
ivA
DaA
Cog
vuK
sfr
xRf
DDF
gLs
zAB
CoI
dtJ
bBU
unS
zXe
eze
jDH
dQH
nbh
toA
tsb
vFR
knW
eyd
fBR
Dsc
cgT
ZH
xqR
rdB
gRP
wkQ
iwr
oLi
BTK
gTF
chE
xfc
ABx
gel
qxi
wPD
ySi
cka
AbP
qAD
DyU
pPa
tKd
mTZ
gSZ
isL
kLv
rDK
qWV
qyi
gOz
kjK
pTz
xrG
bOh
wDm
oQI
dQE
bfU
CuC
eCX
mry
Dcl
vAA
pYO
mqS
fLY
cla
vFA
wGA
cOS
bGD
coy
awp
dQA
Dbo
sDH
zAZ
icq
CPJ
sJa
qyR
sRs
xQW
rfy
ljZ
zbg
bKY
vDD
ict
nyT
BMS
zZU
eAB
wbs
xrs
nci
tKi
lNV
wEy
Cnn
bCk
sia
cii
cVf
Acz
fCs
DrL
ljt
yvx
rdh
BIm
acz
Bik
sJU
dUO
aGl
Cqx
pMZ
wjE
lTH
ffZ
kKD
nhX
hwz
gfz
fFq
kGY
gja
EgG
fgW
qZi
tks
xqM
sgs
cfu
qyn
Edz
cUY
hnn
glF
aBo
mCH
drI
rEe
Bjr
rGY
xNq
sjj
xTd
mBn
DCq
nhT
wNr
raQ
qux
ALE
bjL
BKO
poh
fhz
avX
vdA
crF
lSG
oeh
tnK
wNB
gTh
jbA
DzT
ckT
xhj
lwA
oku
ysT
DyY
aIo
nLJ
aHQ
qzM
iEa
nyl
zvU
knD
pkv
ofr
rfJ
cMl
dVx
kLQ
mvu
azF
mCZ
uQO
hnD
jzD
zYp
saa
lWi
hzj
ibl
bCy
nic
adE
uyy
yuF
geL
rEa
mrv
EaE
msJ
uVr
uxC
dua
vce
qtH
dUf
flc
sFs
dUX
aIQ
hnu
CUZ
jby
tYa
lsi
sln
SO
ghX
wgg
CoM
Egs
CPg
gpM
Coc
rDQ
wfu
bbd
lns
waH
Dyb
qCM
aah
kRE
nbZ
seA
xJg
Vz
ptd
ppH
sgr
kfO
DsT
sOa
dxd
iZD
CRf
htA
aZJ
coa
nxC
qqg
zCx
pUF
dWq
wDj
kGH
aJx
fFT
uXa
jJn
okV
pvh
Cqo
ctn
xMW
csP
AML
nzp
Aax
tMy
gVY
ojt
CrT
wLc
bPe
vBV
fai
hXS
AeT
rBY
qWR
cOM
tlA
uUr
rBZ
gQd
bIs
uqe
crE
hlf
wDN
tmA
ltN
BLI
bKF
vwF
ySR
mDd
lsf
xhh
mbi
uYQ
ywQ
xrK
yPB
bgT
myz
cld
qtt
CtI
kpS
bfT
rKl
wgX
yvN
wMS
aIs
giw
kfR
CVu
ptG
yvK
rAF
zEb
uuU
dsw
wjd
oIK
yTM
jJp
ttA
qTh
luL
ngD
vGM
rDH
zxt
yxe
xjf
iaG
dUF
hoa
tPG
quR
ztz
bKm
eBr
VT
iED
oKY
vcu
yQg
cmT
kfd
Adv
jhM
gHZ
pvY
cLI
pLv
tWY
sny
kpk
oHU
iFU
weS
hSs
fGq
CmC
cqh
hlG
eue
oMz
nBS
ups
qvz
ryR
xou
hZQ
hQr
cfS
aCj
jaT
dTH
fCD
COx
cVz
wjQ
reO
rZy
ngf
eGN
DCQ
Eaa
ADl
jHF
aJl
hXF
mCI
bkP
BJU
bcg
vyN
odk
hYS
BPX
vcq
rIZ
dYe
BPi
tOk
hRz
ztV
kgj
xVz
mXH
sDB
bjC
feK
tPD
ckp
myU
qtk
oLU
fFn
Cxq
ayS
iGj
yPy
oIq
wef
CVy
wdq
jav
nfw
bGz
jfk
lxI
qrc
bPi
kmp
jbH
Cla
iAz
wEp
qXn
xql
cJz
fas
YK
lmi
uXH
cMH
duB
kjr
DZv
pZo
muK
nbt
gkV
aZh
qwQ
xsk
luD
dRL
uZF
qxe
qUS
ohS
gim
nEU
tUC
sGH
rxq
mUI
wGr
dxr
eva
qxL
fgd
EaY
lWO
siU
gIG
cTn
wkA
BPe
vaO
plC
raJ
oRS
vah
til
qUD
BPH
wiW
ryF
sGi
qWW
CsH
jzc
jbZ
aZx
nax
mWy
xpz
DsG
xUE
toQ
ogT
qTy
sIO
xMQ
lvP
aZR
wdY
vEO
fHv
Dxo
eEW
ljx
vxp
ySl
hTh
kRo
iVK
ofN
aIX
wcn
jiL
rHN
aEf
tlV
pjL
kHz
pOC
AIV
vZt
bdx
CvY
iCf
nbw
vfj
bJr
cLP
ggn
hXJ
iXn
vDf
mtS
cJN
dQd
hxG
oLR
Xe
llB
yyf
lVQ
tsi
hwY
Cwa
Blh
oHu
cQD
EeV
zdY
xjU
ySC
iBU
yzo
ews
yRH
bjq
DCr
whw
rDt
pog
Bki
oQi
tsc
mBA
onh
dUU
bPO
fCO
jMX
qqm
bmA
gHz
DXP
hqW
dSj
yuw
lxD
ebG
lnT
xRZ
vYl
DsH
ggj
Adb
AHK
nKI
DXW
oKK
BRu
kdZ
ncj
hzs
rak
AkC
EcF
zXD
yzO
fNq
yRX
tLF
pqb
fDL
fIT
gII
pRH
kig
mXZ
gjQ
gSt
zup
hnR
AbU
evO
lYo
uYP
Efo
YW
reI
jHg
oIQ
COR
lYa
tns
kes
kQf
drv
nLm
BjG
iDb
qYq
vCf
zYf
BLH
sjX
tWL
zFK
yTF
rGQ
fiQ
jbY
vHl
aGE
ynn
AhU
mqq
vxN
VQ
snf
zXg
bgU
lQl
jcU
lxS
EaT
DDM
Dxy
lms
vzh
zCP
cgG
rAR
tlh
gql
ciN
gfr
wlk
jHM
lPS
eEd
cNB
gIx
CqS
oPJ
ADn
bmL
iFk
lkE
eFG
sPZ
ixR
tVY
lwI
hYU
vvP
sEA
iDR
fHU
aGD
CqA
hRe
bFs
BJv
mEB
tgF
izI
tpq
uuZ
ogZ
gSS
BNa
onm
nHX
olM
zXG
eBh
wOL
qta
hwe
pjr
YB
zut
bEj
aHT
jJZ
oEn
lsh
zuh
AIe
xfi
kGu
fMn
cWn
bOa
iEZ
EaN
saI
tpS
zti
gms
hRI
wKH
Ahn
pXh
glR
kct
hSx
tms
tgZ
rgr
wOE
blE
upX
vwO
dmx
sIm
pLO
CyK
onl
jBg
chn
AJC
BfJ
DvK
vAm
xmn
eCH
DCB
huW
ryW
yrt
nfe
nDs
aFY
pjn
AHZ
xfp
rAr
qwK
sgz
kIk
waE
DaV
iVF
CQd
zWL
Bpc
jDI
hns
kPJ
naa
wjC
pOS
psc
Vo
wCf
vdG
qtR
tRT
dyE
lsa
lXQ
XQ
oED
ppT
rKi
jBy
vwB
xIF
DFo
poH
jFg
ecD
mvE
hqQ
icz
xgN
xgw
hRL
dqF
cSR
tkk
nDA
uYr
sfQ
lpH
EaA
skB
izu
CrV
Cup
qXv
afR
rwB
rfz
exJ
aFf
yWT
eHt
mvM
BKu
gmZ
glK
DVk
AKY
xlA
fOS
pLM
zyv
tLe
Efp
jjx
vzT
DWr
xmr
aHz
lrJ
ayi
gef
DXZ
sOZ
kRz
wJJ
ezY
sOD
uqi
kpA
omO
jGB
nBV
zAF
rEh
Rt
vvn
wNP
vAG
iCZ
kGk
hPx
cQz
oEu
tNE
Bgz
hrV
aFR
iwi
yUw
euv
cqY
whO
BOy
yqA
AAp
iwP
DYs
ndW
oeK
qpm
yvs
lRn
wek
AaI
xrh
ANh
kLA
qry
Dab
biP
dUH
hwy
glu
vyD
ptN
mbd
eCx
lrS
zsO
iar
oSd
DZk
jAJ
huJ
cKt
qXi
nLo
BnO
mxH
AHT
wes
usT
ogz
raT
jfN
yqe
yuz
oIP
doU
YU
bhy
mak
dvN
ryY
keJ
sLi
xlK
kjv
iXX
jyZ
xOx
zaC
okJ
flb
pNb
kIC
wje
xqf
gIe
dSR
dxh
YP
wau
tNC
jiA
mCg
gUy
rHE
dmu
xMh
BNv
llK
DAJ
dof
oQB
jgW
fcX
Cqi
oNx
dWV
wIc
fKF
zxF
ffh
cgJ
qWc
BNG
dtK
lmU
khH
keU
gKI
vuF
nLy
ypn
mwi
eAk
fBM
dmP
isZ
fHB
lOr
shA
zXn
hSZ
etY
hmt
XH
evb
AOi
smr
cTQ
sfF
pMf
pks
dvZ
rwp
gPd
cmW
ALb
iXS
ctS
xoj
smv
vdh
jaU
gpj
fOb
AzX
oFG
bHp
rwA
lSq
wcj
jdH
zEQ
keS
pRe
xMe
rEI
rbW
DwE
tsC
pph
CmS
Dwh
bdb
sLX
fjH
wEK
skA
aDs
fGO
cWh
hWb
xQp
wLn
CyA
qYZ
tpr
yqW
dww
gJb
jhz
xVv
iwF
sGs
rHI
zab
oGQ
xnz
myu
evf
AIs
usU
nCu
BLq
bBV
ANn
wLP
glp
xsn
hxz
sOc
iFB
ywu
kqJ
bEv
BHk
jiO
yms
gOW
BHs
weA
bMC
uqh
odu
yuM
hTf
gqo
kJU
aeP
tXh
eAH
sJv
oJE
rDR
bNZ
xLc
xMs
kpr
rHC
puu
Bhh
mZZ
BIx
kkb
xUU
huj
dxR
msl
ALH
CsS
sJh
bdq
qDd
xJr
COX
aEz
lYR
hVt
gsr
yTE
BUo
ofA
bEN
bEs
CVp
lZW
iDN
rEM
nBK
Crh
sle
glw
cOw
jhi
myW
yAc
lWN
qtq
fLA
aIp
kMh
aAI
qqe
ojb
wgA
tjI
yqX
kNQ
mxz
doY
tmq
sIW
jGh
pjm
iFs
glD
gqL
zDW
BSY
mVz
qWT
jEp
nAS
DAR
dWH
kqA
glQ
oPy
vCt
CUh
izK
AiG
vvM
vcI
pVP
wOw
psW
uXB
AAI
Dyr
yya
sft
cJm
xOi
rDu
ben
pRw
jMN
off
kja
hwD
Ecn
ADE
jjd
mYA
lqu
kNk
lRQ
Cpd
mux
wFZ
rdZ
pUy
iwR
awS
gnV
pWm
fLZ
ndU
qsC
ABo
mBz
csI
bem
cKL
nzX
aAX
Cqr
gjm
ncs
zxB
zWx
bgB
tXi
usb
rea
jev
oce
ffI
hyh
iVo
snK
hOo
ckQ
BMY
CTu
bMM
oNm
khi
koz
wGx
kgT
DUN
wCb
bNs
gft
piZ
sLj
TK
dzA
aeL
jzo
pNS
kcM
thM
iwt
AHz
CqV
ljP
mYk
rec
oSX
cLv
ngH
kpm
AIb
sMV
zGi
crm
CUa
mYI
avz
BQP
vHa
vBb
hkX
lrT
jNx
tpH
hOF
wFM
vfd
zBM
eFr
aBR
qBU
BgR
jyN
wbi
zZR
CoZ
rbJ
CYW
mYn
zxn
rBR
kll
wgF
fEq
bdU
jAz
EgA
kPW
BRo
oEB
ggL
oJp
edM
wHV
ndC
pMP
zED
avE
hZS
ywz
odh
tha
vFL
ymL
eFS
ezz
yyd
AMh
awo
xMR
iaq
ypc
rfE
iDM
jir
iDw
dZV
aZl
Ego
uuW
dTl
piC
qxF
zvn
xmD
vbl
grg
heQ
wuP
oUA
GD
dbD
fTd
