26804
24887
30063
15735
35609
15453
20392
20200
28038
22030
5460
18877
39499
14598
2572
23054
16035
24471
29204
17337
33950
10243
38281
28296
21947
38412
27140
9534
35561
28023
25025
39159
22150
35648
35604
3317
20301
20100
31278
14954
35197
881
36442
3235
35050
31352
17766
27904
38147
31309
34408
22189
162
5820
39484
4521
38086
25911
16273
6331
31805
6223
15528
39821
29659
17507
539
15914
23275
32066
26469
11224
29058
5558
37354
13836
11075
10068
15876
18142
39912
28340
14088
1769
1623
19318
19489
30196
16276
19717
30033
27051
21839
35455
23407
38938
26512
23196
665
23253
35111
7121
10790
28151
21108
34239
26270
24381
33790
938
2501
20162
37101
19150
19354
33002
6294
21651
14087
13991
37168
2341
39530
37708
295
11007
28260
25620
20709
6210
34065
3506
14475
24267
31283
23215
9402
21367
32311
36353
5282
35512
32792
9936
34593
18235
32880
20296
17241
17033
33236
35287
13885
4534
36863
7721
13688
14996
2580
12975
30468
26101
21586
38289
29588
32571
29445
30079
26745
6582
6302
25557
12677
2119
17911
1177
26893
5083
37864
26716
14714
31208
24893
21699
10235
17800
17354
1587
27506
8794
9884
766
1120
22282
19151
2873
35869
18297
28137
36953
20835
307
15688
28690
1991
2179
5650
11026
28893
13193
33671
31616
37869
16587
22814
19251
423
14040
27733
21154
14433
12971
31528
35629
4414
32824
6659
36647
33098
29031
13795
24735
10839
29730
4202
21327
6355
32337
4950
38835
19818
29547
25168
21165
14235
23224
29875
17961
4050
23927
30879
32515
2660
12715
27373
19088
10384
24773
19371
12698
2154
11289
7246
14609
23492
1020
35740
14719
39089
25245
28286
565
575
944
34782
36952
8360
33139
8995
18097
25457
1628
12502
7475
29033
17134
20474
31901
20408
2574
21894
6272
28855
27355
25904
2190
36509
21533
8655
12334
178
16586
19596
5073
37204
24130
32916
963
20213
7988
21598
9083
35169
19949
20558
20579
18859
19204
28095
15171
5705
24404
38004
8505
2078
38623
26978
2300
16784
15963
2860
30746
34196
29851
19935
3563
16105
38061
30489
27563
13150
17534
27663
889
22419
38689
35239
25788
14965
22488
15475
23371
23349
16572
32400
22642
23696
32036
38263
33936
24513
6485
30752
28074
11274
35097
37744
33937
6438
21555
10403
13570
5130
21227
20505
6765
32737
22991
5673
24370
26817
2029
30899
18340
6972
35423
15522
7829
20031
560
30773
8088
1423
30713
17631
11216
10122
34132
13720
12629
6250
13182
12241
11988
23480
28926
36326
21767
34031
37150
22343
11043
34075
39154
5077
14897
39142
34172
33732
31423
39136
972
30952
21435
35406
30184
38206
25169
29006
20803
13268
19449
7639
9446
26749
21945
37981
35924
17561
33043
22617
3477
1152
25780
17328
16714
22765
27302
26816
1650
3579
25934
2538
15949
36696
5
5884
31499
19132
13019
29838
30693
8421
5342
36583
14944
31704
10728
27970
14949
26514
33261
5781
30921
31792
36387
19733
27462
34135
28139
1711
15568
35531
16879
4157
3509
17946
8135
5585
39049
30804
27087
14337
13494
38322
18308
18890
10280
15877
14942
10780
22335
4629
553
10856
13581
31931
6784
33992
38582
3800
22540
19323
2276
14876
26321
13844
26544
30095
4
6607
28564
23333
2542
3574
31431
26836
20932
13630
12413
2493
38930
8214
25166
24103
13522
39525
24441
34208
28396
29344
11482
30440
6193
10674
22561
1687
37499
25663
26283
36088
25518
31851
5983
21910
21473
36946
29265
34569
10518
28065
29955
1642
33273
11951
23812
2911
4135
34050
11792
18443
20953
26212
28552
1353
19904
21635
26803
1914
11812
37884
16136
20739
8310
2639
31059
20860
29457
13039
8776
2594
15206
5701
32607
1954
36337
8233
28902
22579
9200
19655
21084
2812
34348
8925
30871
19110
19786
23394
32399
18706
34074
38457
37125
19697
1416
1325
31490
22362
18823
31305
24975
36913
14360
869
21269
18490
35400
32183
9835
10066
796
16655
8805
12400
21502
24607
36030
24292
24536
1307
26184
6676
37553
19432
7767
31803
16550
650
39526
22965
4779
39252
37771
762
22855
7649
8980
20489
27389
12853
22275
22844
14658
23103
26975
28282
18084
1278
34149
15134
16566
21058
29109
28832
9265
11543
15359
29052
39335
36400
1224
13668
13549
18133
18604
25930
37905
14796
20943
10105
6195
38242
27560
33020
8126
31756
15682
29542
28883
37754
36963
18649
21178
15072
20957
27793
25721
2469
21722
9731
35480
39182
21234
7034
38049
25259
20732
20523
2794
5217
16405
36677
7171
11079
28756
18942
18112
1793
31017
14008
29106
24116
24571
4885
17691
28107
23319
20266
27111
17981
1974
8508
29022
12025
31353
37097
23143
15643
18426
13372
29746
22110
23003
3290
17082
18288
13510
29864
17465
20167
36286
15641
26951
12323
30458
7540
6170
11364
24372
23602
36152
27581
20710
10274
35726
12261
30385
18939
6554
12874
19167
35739
30250
25536
39413
8582
3033
11471
4435
33727
31562
23360
29964
37120
25044
4738
16127
35341
33525
33468
1936
34973
14384
27616
39581
9763
23705
22092
24641
15606
14383
29945
1340
3018
27162
16125
25477
9353
24074
31096
17223
20035
14232
6667
12455
481
8012
10140
7652
14585
10911
11588
11950
6140
32763
2451
1067
11799
15816
13648
15388
27354
12573
15058
6094
17853
13230
39330
24026
6996
36720
26011
30017
31721
2703
1933
14825
9046
4594
23665
39444
35114
29246
4394
39299
37572
36982
13904
2889
29907
14990
962
11005
27008
14114
13471
20797
33699
23064
30425
22756
4969
12871
17146
10873
3423
16264
2564
27842
16343
24252
26240
15167
425
7322
19053
34707
36882
22412
20780
16927
25241
15647
8458
30101
10659
30263
16971
8366
27207
16444
23550
12292
20464
5680
25538
13519
19701
13600
22846
37515
16583
29381
27039
30194
8474
31246
28537
20673
34922
36273
33651
11230
24182
4676
36483
19068
2176
13593
31367
4896
36398
4782
1880
7921
11143
35142
35750
29961
9251
21517
36705
36324
35271
1749
8569
2118
35191
26625
12215
16688
1277
39529
33404
9847
26275
14852
33371
21096
27965
32648
4787
6880
27117
25029
26193
9389
1034
17566
10626
5613
19775
27549
39905
30112
20142
7406
35827
27240
16885
5687
31317
11721
18563
17744
12732
17572
26609
20449
27077
10715
38985
39578
17509
6752
35772
7326
569
31974
36981
15039
2125
31973
14071
14476
30376
32549
24590
21412
7087
10579
15952
39626
24706
12526
36783
2116
18383
6592
19873
22438
21478
8815
2103
1861
33758
20460
31409
1559
11612
2582
31234
9774
15466
38508
15010
16471
29249
34330
6709
32396
29992
19212
21804
25606
5742
14118
5767
14744
24288
10631
21365
20718
3191
23505
13215
24112
10226
13589
5504
33047
14336
3892
11653
33870
29472
27110
403
28255
5608
24365
39883
31387
38304
5444
2573
13651
10208
16697
21691
5724
24201
27885
23317
22065
30178
33773
26324
7069
5353
29910
32077
18777
6179
23806
23123
9040
224
10819
37070
12656
1095
6914
26875
12890
36481
37895
35352
6118
22750
6543
36169
39038
36916
12707
39640
8577
645
16969
39391
13306
30276
12956
36908
35029
37037
31544
24679
8434
21698
31960
26221
29321
22854
34070
33926
20745
39264
15409
5476
22737
18365
28876
32078
17696
18637
8117
1125
3618
4390
37591
8700
23989
15280
26921
2851
5964
25834
8801
10829
31846
6085
24442
8648
14530
25252
9211
4742
32242
33158
28705
8018
13166
12397
31751
23828
30783
37216
29863
35711
37029
37266
18807
18257
21431
30171
38937
25940
11492
14060
89
37933
37240
39607
17030
28697
2482
2406
17652
713
28654
23200
19009
10851
29000
38917
10467
11077
37780
23649
10605
23668
18014
29218
5890
34148
22048
31659
13021
34084
15325
25140
558
8963
1129
5193
13405
20672
34618
20768
10604
19070
27964
35913
17434
33107
35527
29725
328
6674
8047
12763
15998
551
10074
29889
18421
5407
23077
20398
22587
18232
1556
12953
28547
26180
16612
10978
2189
10195
27185
37740
27067
11675
10314
22310
4867
32201
19357
33999
24627
14066
23808
18855
35608
11425
26519
8289
5826
39670
30766
8037
25158
6087
39594
14583
13378
4404
1286
16568
28639
26314
29111
27052
27407
35710
32510
4393
27160
22747
36624
26500
38156
39504
7769
3385
12560
37907
33989
19648
32470
17528
11694
12784
17989
38183
15807
8141
24018
21907
25440
7759
5581
24060
20016
25781
26044
39284
2887
37645
24555
9591
10836
3408
28209
33846
9643
28272
2250
6673
24392
15165
21138
39432
22227
26303
20783
29063
23321
8336
32145
3277
2817
24257
29002
8250
34567
29788
29561
28326
26464
20821
35922
38394
19872
9188
966
22260
19599
9300
22270
24264
31894
14061
28873
35735
39138
31226
19416
18058
27049
30550
16664
38619
25843
8853
2414
14426
38261
12718
13626
5595
495
23113
26045
3723
11624
29479
39074
38010
26686
19340
16017
20468
19874
12325
12472
18926
9147
4453
18917
13424
2654
30690
1394
13888
15512
20893
39302
7174
22726
38372
352
34792
27003
5704
22458
16540
36157
21798
5529
38211
18021
38149
1530
34051
15103
5280
17462
11861
16886
28656
14881
14709
5915
34918
9161
17663
22764
12714
26483
5366
11864
11728
7599
993
36579
28618
23589
23825
31011
26727
23538
9698
9924
16240
6448
11642
11643
28526
15234
31705
26820
21312
7423
8872
36268
21046
1157
29943
11264
20773
18220
36631
15956
39344
20987
5821
18194
20690
12712
24414
36101
12082
6279
1012
13892
17105
36448
32526
37555
25783
26002
38535
17514
20072
12398
9619
24831
19933
31858
17127
32309
33968
27078
36226
37835
16930
7847
15761
5733
38247
14394
18714
21579
31006
9779
33407
31556
18858
33181
26359
19856
285
2360
22068
20045
8399
6520
17505
10294
16307
33059
28891
37430
12923
5169
36725
21996
1761
30929
37225
15500
8256
5313
14983
12801
9786
29859
8313
29012
6201
16168
33217
31647
25020
32181
17278
5459
8667
25035
18377
34572
13030
1137
7621
16170
29446
16162
21981
33257
18826
6487
22237
34954
8798
26349
14989
29651
21149
961
34500
24520
24568
24165
33335
39483
16723
26571
23830
24152
19528
32958
39261
20453
12641
11426
2452
22395
3032
32033
31910
26755
37062
7647
37879
25327
2311
13606
30203
6388
10563
27810
36060
22161
18616
3015
38496
27566
37955
39880
38928
18946
7589
9445
32171
37710
30779
29224
13769
21612
23556
36000
20713
29904
12816
29418
23588
12777
32451
15531
37016
32678
25349
9329
31789
37155
38019
67
26787
18772
14570
30513
7889
3969
16314
38624
29515
29004
17238
35118
29862
35693
34990
37410
31310
8267
38351
16327
34719
16952
8278
37092
23408
37457
20575
32109
32546
33672
18851
28794
33122
29829
28347
7622
27493
5796
840
17685
10484
13568
15835
20715
17224
24065
24714
7249
13275
29844
21784
23441
12151
24083
37558
20294
24619
17276
11196
7166
35994
32159
23323
36383
9263
10421
16196
24376
4510
8212
25996
34377
16009
1963
21038
38987
2045
264
3151
29290
20582
14671
28717
32359
5599
13294
39458
29593
29711
14962
7155
24841
27484
9821
29258
9336
29172
25574
5630
32363
25811
30206
9622
13591
13153
6191
38900
10436
8112
15456
18623
12639
15203
15437
7208
9553
17511
4607
10620
3609
23419
1184
8089
15138
24044
32165
16519
13620
34443
36416
10847
16182
39146
17392
23008
25704
819
8756
8096
21440
23678
21345
39874
30288
34787
38915
20880
30296
12191
11352
10241
20038
30373
5653
12416
39274
27789
17229
9834
16054
13978
21900
25573
15100
28637
17090
829
33533
7851
9279
15269
6381
668
24395
16671
24077
16720
30324
23922
23973
613
26968
4291
6527
12513
32502
31959
35116
23223
27
24890
6928
63
35080
26018
12203
24154
14527
6059
23742
7873
10870
16029
33563
37042
774
27176
37806
23177
18532
9968
27525
31107
18233
10201
5883
32483
24982
20080
37206
24659
6466
24785
5494
13326
14189
2175
38801
13890
13208
4545
9021
24984
2831
16041
13846
37980
6020
37184
34992
16362
32235
31052
32892
31330
14831
35355
37947
7794
15213
32972
27285
2370
21398
23183
16005
2477
38141
9567
17376
9736
26774
35178
7669
16701
39882
32813
37960
4363
13328
17100
10352
34140
5372
28770
12985
34091
25506
19198
30454
20010
3599
30251
12538
18268
22094
35036
21525
23732
34844
18277
25724
5380
2081
27402
39087
35028
14338
23622
31947
30655
29013
2003
8509
4654
3206
37878
27336
37891
5097
12617
10394
14173
26215
36753
9508
32115
4475
37392
30446
35618
10828
1554
26575
26698
4569
20232
20502
1585
14289
13850
24490
1872
20325
25908
26475
22933
20649
30314
20047
25199
19444
7292
8419
2104
11396
25283
18083
20790
24163
4273
39495
19470
31675
8605
22001
20941
3189
31140
35467
24079
15275
34669
5695
8110
39337
11873
22109
20619
18307
23254
39661
14966
8043
10030
10696
14575
11059
25295
14768
31219
14753
9646
7577
20624
26415
1044
23449
12095
17214
2509
22519
12152
5635
29755
7042
15650
8890
16192
27949
29733
4045
17219
39147
29348
38104
3988
33963
29041
20938
36244
11752
33612
19463
19766
20948
36202
6200
26103
27468
16635
39792
38003
3240
32920
23325
23344
26116
21265
13736
35713
12374
33645
1528
21556
1655
24892
10442
33815
17951
29631
8728
4620
4911
37352
19962
2484
30646
28795
4339
28157
6966
30656
15349
39605
33097
29095
5925
11846
5289
33912
5033
28338
31985
17440
4244
27920
9870
2927
17178
11825
26948
2291
1863
9316
483
34368
23446
7900
3556
5094
27756
39919
31386
32950
28276
22306
29650
34940
83
21765
3654
22923
4815
16856
39259
19182
39716
4224
9130
37048
32259
38013
27625
13775
2614
9804
10266
26802
13632
8647
35683
39151
3293
11858
12750
38616
3833
34320
23168
1533
21016
24218
14056
22643
16352
27618
27992
17231
33715
19676
10303
33349
35541
24766
13666
3086
2674
33101
15276
17331
20379
22213
28525
18046
113
17757
30668
15624
31078
14713
23954
17852
6557
20001
19270
19869
31247
37424
28625
1153
2420
12916
1549
11138
36080
23587
5214
1047
11522
6379
32274
25626
34935
25167
24745
29712
9002
23106
27004
38694
16039
15695
35006
27392
39835
29987
37310
2661
31827
2389
4280
33518
8085
30268
1947
24857
22426
5597
26151
36571
23666
6229
20605
1716
9906
38862
23385
30229
12071
32452
36341
9395
13738
14868
25592
14544
21728
14971
29259
9005
27852
16790
18771
13718
37244
5997
156
32275
2999
13323
33387
39620
17783
17658
10012
16872
1004
4015
10852
7113
16173
25900
39474
11342
1937
16646
32254
19346
38876
4167
8287
21474
31657
2171
21854
22028
28977
16149
6458
18739
4675
21937
538
29178
15158
4086
35749
33990
25707
8852
6289
37609
16499
36998
5221
12461
26092
31126
33631
1883
32389
4446
1873
23278
35957
6280
16267
21082
13684
3060
29239
16219
14175
26378
13782
28406
19743
18737
21304
19767
18676
2227
3405
23041
29696
15460
35469
22723
16012
35303
14429
23614
7298
9650
8967
15440
36026
38157
26152
33559
9094
5892
29575
31787
36602
23887
15317
32237
12133
16883
21845
34969
3306
8242
9347
31368
15681
2898
25999
20112
22523
37493
7908
11366
12658
10634
151
25372
25010
37624
5900
37347
33896
33610
18878
14535
6189
77
31422
26692
4999
28404
36588
20481
20581
4584
13556
29149
3037
28278
11304
21872
8730
27450
19394
21359
5921
37522
36728
32150
4290
4155
16601
3211
23994
28892
23024
36214
13061
38475
22323
29325
15458
39555
28948
4967
10469
29122
2253
36470
2496
29724
29714
24281
31958
8191
1949
13951
5802
8333
11888
11229
3637
5926
5208
8210
3747
31447
13949
10001
16152
27772
16337
9788
11144
12531
22847
6825
23476
11235
22075
23058
23766
29501
15644
31315
37977
1756
21103
22009
27836
16097
33329
35076
26304
2645
39227
28082
2839
39704
13220
37476
16718
9805
11392
3939
36756
30039
28931
36784
38314
5275
7664
2108
35666
5982
23138
19105
14207
17590
20660
19651
34625
35545
973
34663
28062
24167
37524
13382
3445
26344
22641
7450
26730
4323
5004
13833
3002
32486
14342
8123
1688
34316
13118
8318
18558
1371
3345
13518
9598
38278
30286
8909
2339
11722
23264
23914
30474
14072
3066
10321
19356
22057
22053
3181
11697
37199
28903
26000
3564
10681
37567
8161
5286
21028
30098
143
36911
24318
34881
30492
31740
28243
6873
23178
36460
39358
12852
17562
28935
8638
20248
29055
28536
8689
7693
26409
18402
29781
7583
11576
38593
13025
37411
29488
8352
16828
7716
10142
9645
9715
7905
825
28388
30767
18743
39281
28382
826
12192
7001
29662
30824
33401
39014
1304
26657
639
1940
30331
35428
13432
13546
39843
11634
22526
39844
11499
8435
3856
11161
5508
28133
21669
34125
3900
697
25745
39190
29887
13665
7160
38704
18231
4780
3208
16375
4498
19485
39470
21355
21638
1598
25115
38128
32155
1292
2005
29784
39125
35958
14488
25737
23794
11017
1621
14307
27175
36997
27088
38090
31724
5024
23836
23295
35310
8773
28170
12899
32050
33579
18838
31110
27172
33704
25100
35892
29697
26592
6593
12458
1026
14647
14463
9564
38165
18884
4182
22320
12427
31344
19565
34735
5516
28213
9996
18256
5386
29813
8978
8473
25465
4235
11105
27375
17529
6372
21988
30762
14286
18411
30613
23230
36886
25219
23474
15175
7612
11987
30951
39248
3582
22897
24926
35517
25182
18269
23020
11760
29179
12830
28609
21340
35419
10061
34705
25202
23029
15790
25514
24455
25795
2503
27059
37106
35702
6336
6172
19663
35616
7081
437
29427
9044
23034
6794
7987
19412
9431
1363
34998
2439
33966
17894
9837
17008
32089
27743
34274
24648
7465
29653
4070
24205
33423
22608
2148
5430
25451
3703
21524
19058
35230
1514
28767
24332
31467
8464
7789
20323
36332
29453
33140
21395
19223
27211
24355
8988
16403
4759
16686
26009
19672
37772
14604
12139
7861
15948
27794
24138
31577
12813
2065
6791
983
16554
73
17210
13530
12317
31459
34205
3023
14320
9777
36298
12246
12467
18098
911
11359
4263
3879
28135
30295
48
29840
29327
39360
13511
26155
10793
18935
33517
33367
34983
6903
15731
15312
15015
23561
152
12727
3744
7512
3038
19073
31879
27025
33014
37582
1912
692
4852
35289
19324
13177
7614
37663
3140
3952
5435
29531
1204
17687
18995
32149
39473
23324
32161
30265
7243
7172
15756
16312
24503
30166
16365
28689
4231
25485
9633
39341
4367
35745
1924
15927
16694
38905
19135
30093
16822
4035
23752
8207
8358
13022
30144
10162
32218
19804
38044
34
24821
24485
9109
7952
37398
6921
31336
37072
14492
228
20991
27977
18680
14672
24769
15114
19536
7897
32612
7626
13893
9486
23815
27832
33282
21820
23885
38546
18937
21347
1681
36719
35196
2079
36504
37681
9745
23
18099
7234
28694
35435
39559
25084
32686
16773
9450
15860
35704
1223
19468
23722
27744
3735
13642
24470
22900
2129
36652
8300
37759
30264
33781
13613
13990
21811
6264
36393
3382
16950
15679
4544
14187
39209
36958
33506
19623
9236
19442
33115
10717
7943
1783
37811
4860
2274
26313
29579
31606
20541
3412
14807
33578
14857
1657
20811
11639
35454
23229
5927
3951
29666
32229
5445
18390
3866
10040
18358
1069
19642
14415
39518
3712
12264
29953
853
39583
13415
38021
18916
22689
18845
4619
35573
35282
35277
9313
2556
16710
25250
6363
23483
10048
31832
11370
3376
8235
34058
10089
1670
2417
1922
14578
18051
17724
38417
17350
27060
30281
23489
21197
14020
26328
23044
34639
14461
10961
6998
4977
35814
7466
21946
36517
303
13163
31569
7805
7338
27198
21802
16384
25075
26750
2355
4471
6102
26047
23104
36028
38659
34455
37299
12054
31992
3597
26178
5422
32185
6216
22171
10023
30795
35615
35640
20077
38203
37658
35041
39615
27414
34345
37643
8791
39476
8687
4973
33560
9294
27806
33290
21926
32497
5839
21831
28644
22072
25367
11273
28458
18998
7363
26383
12553
6823
24575
9682
34568
3152
8232
4588
19013
11929
3544
12827
13594
30392
37527
34272
14891
28699
20719
14941
23486
13431
38114
30384
28988
18013
22772
14795
19129
29589
10664
20190
29110
23133
2395
18301
23565
4727
28840
9128
37961
20163
34739
9973
35422
6620
3635
20029
16167
2435
32088
33890
33096
27791
12050
23882
8561
28685
18104
6601
25261
18606
38596
14023
31660
4947
24768
10648
24782
28270
6496
17527
323
18712
17002
17083
34026
18908
9224
24774
20701
17182
11920
34698
3694
25664
10381
12919
31032
37110
29775
35926
1979
36250
12649
17949
28102
10798
27517
23415
13992
3379
18975
21695
38609
39447
30131
7968
28014
10508
17119
7159
38194
1404
23445
33851
39254
11811
23028
5899
34440
18199
6842
36930
17787
33204
36553
5406
16907
20526
39144
10133
35127
18349
21438
32732
22015
29351
31339
20735
21120
16619
37592
25568
4879
7628
32563
12684
26062
4454
3000
12164
24228
21
22664
11283
3841
33030
5058
39585
23731
22671
1078
5179
23834
24008
35810
21681
27687
31567
30578
37324
16663
5626
11016
23290
8741
21250
23791
11559
19391
27352
15436
33176
214
16227
34108
20749
30976
26653
30200
7252
26849
4712
14183
35027
10380
4208
6892
24916
26182
2707
16674
11056
10063
11320
14241
36062
11800
13147
26010
20833
28541
33825
2779
5725
16799
17248
4455
9651
15538
23513
23092
19492
39714
22350
10137
37446
26503
29847
32301
37642
24993
39416
11010
4243
10410
29198
33403
15365
15176
32735
3671
24509
15524
4281
8960
20347
9702
13009
3296
37277
24104
21179
36782
10627
12589
36999
32714
26128
36033
18132
7364
16159
29681
4819
24221
5419
23911
15075
2319
33983
24068
21152
23866
32302
9105
10346
22410
33178
11070
24115
1887
1802
21468
38936
27148
24222
4778
5706
26753
37314
5507
11666
292
15917
33567
35501
35904
22515
38972
36016
37994
30908
27685
39343
33871
15720
21400
20926
37201
1042
3585
3656
15022
35723
17419
561
39204
35201
34943
7533
14814
3333
38550
28582
7886
3920
1743
9225
7830
7316
31118
29873
7282
20322
3816
39781
31866
4200
36606
17735
16249
26846
17732
36264
4525
25418
5976
37912
29702
6497
24215
10482
37010
8380
39952
4892
16392
7742
16899
29216
39561
21537
11386
26408
36371
6572
23647
37686
35933
4146
2181
14041
37561
32919
17833
38864
3118
24493
18842
24780
25617
26014
38543
18923
20059
34594
22806
36689
1230
17994
27551
11371
13098
36127
20632
36492
1431
14421
9071
26766
31025
16937
13445
14731
11644
9324
5466
35487
33730
27841
19265
26131
7927
1830
9451
7965
45
36434
35372
31267
27332
2939
7000
35216
8389
16256
13119
12386
24462
31288
14451
20470
28021
30582
26959
34862
21886
33813
27583
39776
35770
5428
5047
27262
13525
36813
28579
37737
3787
6565
13196
14533
30228
18948
809
7530
11051
7133
27638
37857
30287
34008
21397
13060
20639
3249
27056
7127
27034
31810
15450
30142
5756
780
4349
36507
20996
13787
5901
8596
3626
27538
20004
13325
12520
16948
13654
18332
11307
11584
12506
6528
26923
35518
6579
15565
37733
26197
2034
24582
25390
14325
35930
7596
23763
33867
23051
22471
24516
5473
39708
13407
36289
28313
35660
39032
14557
38697
14725
18035
24098
37987
16006
39304
1582
10097
14603
14659
23161
4020
6984
1774
30541
1862
1671
36259
35550
30022
35602
15603
25224
10781
16755
29655
23544
35308
37651
9387
1499
20344
30595
497
39613
17342
23339
16399
35761
25766
15373
36780
16658
20964
31984
3417
34366
11954
6030
36869
14178
8652
22207
2463
10205
36585
36639
21918
39000
9207
38581
27652
3834
20652
33418
7387
17122
3341
32361
11252
39487
30610
28071
2907
544
33901
18502
3812
27716
27306
3662
25632
12984
31280
37342
5395
33750
29882
19281
20972
8540
18951
29664
27277
14508
23710
24143
26740
22633
28929
26833
1377
9256
25638
6137
187
36636
8077
24578
9950
12903
22545
5513
23772
33256
25869
30925
29330
28421
34713
27470
15091
2808
8497
18483
3058
16659
15360
18876
5610
7041
17914
29934
22368
35672
18864
35224
19836
15098
27127
1017
21091
931
600
23680
15060
18577
6999
27507
33191
22738
24111
34945
15705
22334
24789
36269
20950
20019
10835
20284
8873
34765
28164
14099
11150
35965
10572
8611
30179
11055
12045
3135
14156
37374
33527
27385
7024
16762
18146
17035
35744
16598
6744
29830
17099
34764
7762
13032
38637
38450
14169
11510
21062
13094
30118
6184
16526
11146
26939
32671
12791
34333
12766
15160
26399
34339
13981
30586
31919
37021
15035
39289
4547
22304
34219
25174
35585
23767
5480
10768
21531
2805
531
26166
32767
29557
21668
6215
7063
34270
27739
25243
8080
33918
4056
3998
32595
11945
39575
13368
17916
23715
84
35151
7254
24242
11810
14197
18070
2037
10154
3699
14858
23337
14442
26429
6627
12988
2131
22355
33765
17761
38612
7315
26608
37343
24099
39064
27884
37243
24502
6245
22619
2013
21801
26386
38650
4274
32082
28774
12086
16522
22408
25992
1943
35318
39459
6043
16542
19145
17826
22731
5013
17373
25808
39618
13793
39574
4636
22541
20224
27984
32597
27780
1620
30851
25742
26718
32393
4315
19188
34246
25459
39235
38484
14
31529
14778
20185
30853
1609
3125
29989
17285
36666
31104
34825
7357
5904
8771
38051
3611
31346
27212
19952
3080
3137
8992
38358
28972
39242
13676
12237
16731
25950
32870
4324
23137
2471
28294
8684
16338
10618
3130
34301
26388
23389
26384
21920
27913
37656
22029
10507
37834
2953
15087
38778
34175
32749
19747
24602
4385
11254
2716
14038
15951
15118
25978
10288
17029
8051
8851
29927
32384
39899
10649
27001
10387
31741
2733
5954
9026
24486
6645
33735
10325
12885
15607
34711
39052
836
17323
36905
33151
33640
13115
9193
15556
38365
36024
26824
31667
20111
21580
38345
33886
28083
14262
12508
13198
31415
9317
20655
9035
2951
34936
36338
15335
14711
5572
31656
23721
17583
22975
25357
19243
39768
13173
30058
14750
22322
7929
694
20236
15496
14257
34645
11710
14745
17183
15017
35068
7814
27145
35014
10784
643
3465
3039
39886
19980
26015
13122
28521
35733
18370
27515
35138
6757
18718
3416
22012
10609
8185
18228
22517
38649
32748
32896
20421
21093
7752
2349
30197
19759
29480
34631
8948
31425
13531
21173
6830
4247
30855
19653
13236
10401
37245
5250
2989
31742
6675
12392
10055
33789
33774
21127
24787
32855
33381
30110
3244
11389
10777
19640
15880
36845
17360
12223
6041
19203
1665
23559
17565
8086
17397
5682
37403
29490
27729
12260
3068
35800
36347
17962
33783
5359
14432
17414
5600
3420
19800
25699
18670
3947
8000
24251
13352
20046
37258
4686
21684
5327
34112
16189
15942
4434
21109
38927
2821
32044
9587
5072
17447
18619
20085
31129
36228
4936
9984
14172
37263
3830
7853
13731
7102
26425
17945
1112
21991
349
2255
29860
21487
36245
4662
9174
30316
26570
36356
27915
11910
28916
14312
22892
39398
24651
37525
873
37720
13456
13809
8171
17110
12029
33967
6788
31343
34230
36586
31905
22558
6362
18898
2693
358
7740
5994
2922
20774
39325
16837
27991
19848
36414
19580
20565
5120
7309
8433
25494
18701
3930
27424
39316
19187
8007
5854
9868
20110
10456
1117
4814
12960
4278
9286
29794
5263
18089
8145
31578
3736
1770
37709
32234
10788
3949
39376
26673
13448
35681
32939
19080
1986
1640
34997
33780
34690
15765
14674
25882
9079
13780
16690
3172
25502
28489
88
19327
18385
11815
32004
28673
875
28549
21950
18631
32479
6008
7526
34198
22930
16500
16980
30495
32951
32623
16504
38295
10558
20654
13344
38197
29039
22509
7566
18905
1251
31551
20068
8897
3657
13614
12687
39839
26790
2124
21764
5198
22024
810
16201
38912
22491
38008
36751
6225
12599
30565
26290
18038
21437
39736
11420
11998
13939
28752
14443
10249
18629
13464
22535
24305
2404
29069
24540
11826
740
18424
28932
28109
37999
78
11779
29350
14377
27862
12475
20599
25764
7152
6562
34382
20753
39813
14109
21320
7259
27217
25237
16052
30808
7562
13137
6341
5352
20588
27699
2555
17706
24266
21023
33988
16814
19575
30275
12154
24691
2320
18831
16310
27031
26353
19374
1298
20638
3041
37413
19497
35100
11286
31084
6868
10487
19077
13092
9321
29182
38814
24886
3467
26219
4094
23350
24873
18744
705
18109
35653
39939
4354
12402
33801
689
18249
11614
1005
2336
13823
33127
38079
19176
29152
21128
12796
38280
28571
39082
9826
26226
27693
19144
2652
32458
29458
29241
18076
22037
16172
10886
17974
25937
11193
13697
21068
27914
5800
37208
2222
15758
5106
22311
35468
598
21766
14573
6807
13287
3094
9886
24989
30496
14529
37475
4095
34195
8220
31306
14902
12860
3443
22811
8862
13558
19494
26731
27234
29627
24497
8070
17455
29368
32752
16212
18043
614
24543
10673
19504
7683
22451
14238
9775
4565
15483
32316
13527
34159
4077
18742
32754
35471
1942
37792
2793
7017
22196
13168
22629
7038
26709
7567
5740
11817
315
35292
6621
4461
6666
13336
23633
34431
4368
12535
32506
33326
24971
38886
19127
33972
36516
15668
8907
12914
29700
2489
1255
31443
17420
34412
28843
24840
24883
17731
27680
19040
30995
35444
35676
38136
16322
832
14712
33639
33755
38152
15981
37319
14899
33618
35030
25215
5538
22796
6325
9385
3347
15611
25406
23014
3692
30785
12841
35459
27907
10444
21514
11338
6893
5868
18639
6833
1141
9569
24193
12116
29071
771
7780
30596
32701
31987
6459
24669
13033
6818
32525
2205
13799
31507
26295
556
19244
14791
11871
24089
6586
3511
13544
33589
39993
15356
15974
9190
38323
9042
23531
1242
26222
22824
18728
23001
33270
29061
11712
39382
24738
31791
37093
27299
14545
25370
21100
39022
3684
16033
390
18433
36792
2797
3855
4526
6653
33914
10312
8959
20197
1106
6590
28937
16821
31045
1844
36248
2056
15217
20963
3200
3942
20669
17393
19916
7985
33182
23934
32343
4849
28945
23906
31669
29491
17390
24859
16932
20760
22394
16975
18160
2948
27037
9029
3067
36249
18287
34285
12824
31867
977
13111
484
22937
28417
8144
12217
30817
16350
22714
38150
37916
23384
8787
13672
8205
22797
6036
21489
5049
20586
25578
12870
22739
14952
8494
7603
31564
23621
18181
9153
28259
25817
3906
17556
34531
37080
16558
22867
19332
22023
37134
91
36513
11513
4101
27933
34591
30549
28402
29481
30570
29285
22263
11221
22997
21011
21482
38091
5021
35214
2416
27637
4420
8961
34749
24254
9993
8104
2876
29375
2764
23698
39266
39633
34153
9761
6469
19210
5897
10334
8049
9088
15252
4307
10188
30302
25131
27241
11046
37495
18791
32912
34534
24294
6942
22043
27443
17726
33411
20261
26543
24930
23968
4741
9782
5715
14239
4078
31868
10645
21888
19906
36764
11163
6110
20345
2087
4627
36351
35909
8159
9127
3294
14291
30534
11184
2213
15694
35897
3307
26720
32861
14372
24489
2964
28628
2152
14547
27410
39608
14204
3430
28745
14526
35112
29917
11298
6055
23695
4891
1031
27043
27202
33332
7453
36066
32819
34484
9582
31259
36433
30211
13184
33880
25482
33823
13162
4277
16349
21314
31445
25032
9879
16133
10857
5389
12944
14727
15766
29537
12879
28196
14180
38087
21257
6756
32423
1202
36191
1172
27855
27301
27183
29493
19731
413
23966
851
22360
11756
25016
28378
7331
37165
34967
20569
8069
4535
31998
9441
16728
1755
25424
8054
33994
38544
38804
17320
27116
22106
21467
20770
2762
1847
13016
19948
36892
14242
10336
38442
28041
17748
7825
17261
10161
19564
10265
5338
5493
24268
19023
7227
6103
20414
34376
14794
39117
38319
31062
1836
8357
21856
23330
18669
29163
21611
13442
25793
9975
28933
19714
10532
32040
6259
34199
28523
39867
26588
1879
19333
18062
30021
25275
10165
16647
31321
13046
1354
38534
26107
32305
28674
30366
27859
12081
17063
16662
11053
25467
8323
32800
6594
18547
9768
35404
6166
24360
19827
34986
19083
16138
36683
26104
158
27846
32281
1690
39150
11378
25629
941
4952
16717
16245
39158
27397
26725
39961
36597
31793
20066
20013
34565
23488
35106
25977
32392
18045
36343
28852
19959
1025
33211
18651
1032
25646
5105
24501
37008
25492
1634
3381
17189
8576
27634
29562
32373
29428
22880
19864
18920
18545
13528
11333
26446
9463
36986
27722
14816
35095
24161
10799
21701
26815
3873
16884
34211
1612
29814
35582
35871
14093
8163
16530
3910
11777
13984
16146
25179
2881
4583
9676
25052
32781
4400
30966
30059
3517
33165
10296
20184
33374
39105
20305
714
39121
28872
20405
20318
27079
35388
25710
20120
9913
9844
38568
29123
35363
28605
15549
22169
30015
10996
33598
38038
26548
8718
2539
26492
5142
16280
6912
35657
33938
36
2033
37908
25654
13179
19185
38846
32282
27838
17895
11620
6518
2543
12254
5874
28220
27038
10657
19917
30671
16600
16094
30684
2710
30943
14788
2699
8908
4912
1504
21044
1626
10431
21853
2875
30087
35024
37566
29086
35347
12771
25623
38781
16695
22132
455
22538
20754
30940
6775
18238
14819
17116
13935
37622
6444
25852
24157
18688
25277
16344
31090
8146
5487
36098
19699
834
36115
29405
26330
37926
9563
28211
35134
22261
16737
35914
9481
27930
3276
23111
23979
15023
901
28161
4188
1600
4641
31988
22539
26493
14108
25055
36198
29105
20924
23923
1712
802
39177
6127
22042
17056
25687
23748
21933
39996
25328
31369
6300
22313
4725
11170
51
1641
25427
14470
33802
16725
35354
9476
11757
31582
32442
13351
20787
13667
4058
18164
30483
25670
2268
8695
25624
26866
29607
30615
29541
13912
8747
13130
21475
38683
37516
36418
15478
30799
3627
14953
21978
36735
11783
22468
18196
11424
11001
39682
36789
15095
11269
2751
30877
29935
28660
30190
1706
19810
21956
34260
9927
34386
25470
20437
39185
15061
38354
8692
29471
8553
106
7046
17542
10374
19448
