aeqj
vmy
ybl
jkg
qni
bfgs
arht
sgi
thd
afus
bhum
bsvn
biwl
bizq
aeh
amgt
bfok
bchd
bosj
bgvf
yer
ahxb
tfd
ayzr
kxa
ainx
aypr
avkq
axys
abpo
baix
qd
anyt
alcq
bfmr
amzo
bkgr
qvj
bnvc
abnx
bftv
otj
hva
bldq
acqh
aupn
ebp
asnl
bdsy
axcz
amcz
acyo
ruj
swv
ptb
akul
tdj
bapi
aklg
aznl
amlt
fib
rdl
aejy
rif
bncd
afsp
aerf
akdf
txe
bnqp
bman
aeqm
bmvx
nio
wcm
vmh
bajo
bozg
arcu
bakt
brql
albh
balj
apon
ocb
ziu
beux
lap
dfi
basr
pzr
aevs
vqe
bced
bjfo
azxy
agi
zuf
baqi
kw
bems
udg
enq
bcht
ynb
aweh
eqf
ahpy
ueg
nmg
aoux
tyv
aksv
amxg
ole
adck
bjyz
jkr
grp
aqyz
autk
almg
dav
dis
aweb
dxp
bjpo
bidx
bksv
amno
nmw
alqb
syn
pqj
bpvg
pgx
axzc
bpzj
luq
edf
hly
brnf
rn
ayvb
acet
bqpg
rh
aetc
becp
azbp
bdtz
mpe
bcma
qbr
ahij
gru
ejr
atei
hbf
bskf
beif
bquo
enm
kdv
bhdi
alqn
beoz
pqi
rlp
akuc
blqh
rbq
bolu
qlp
amjr
aqcd
bkuc
anom
biln
ech
adqw
biws
blz
jdp
aukd
bnug
aolb
hed
dns
ldr
bjof
txw
msu
avtn
abel
bep
aomh
agdy
bcsy
rpi
bhzn
atru
wov
bpyo
ayoh
abnz
aijp
avwn
nig
aqlw
afkw
ufd
gtz
akyj
agsu
hdz
wsr
amqb
anh
audb
hox
vhk
mob
wdi
gwp
bpng
dwh
atbw
yas
adiz
acjd
apus
zxa
sqw
bpqm
ahot
bjdl
oxv
hxf
ykx
acdf
fqc
aiev
bmly
awfi
lrf
zdb
bavs
avqj
fri
afos
ocq
anor
aygd
bnei
agpw
vou
hy
bair
luk
atsi
axoe
bgix
brjk
msq
azsw
epx
iab
upz
boul
adt
blzv
kzx
blap
agtf
bamj
bfjp
bqad
roc
atnj
akz
dke
asgz
bsfp
bqrj
agry
akyq
bdgn
ampf
gxe
akbx
ujg
ukr
etb
awrs
drg
bkro
mjw
riv
brlm
zha
bfrh
bfrq
apzo
ajrw
bgev
azrl
arpc
bjiv
xhk
bprg
ugq
bokx
xki
anpd
bofp
badm
jbl
bsuw
lvo
aobr
vtc
aefs
obz
yao
ijl
elk
bcuz
dag
bcut
avzx
vwd
wmv
bfkq
anue
anbt
bquy
yob
axgj
boai
dku
gfd
aofz
kti
bnfv
bgp
blhx
naw
zul
agqx
awid
clj
aqcf
guh
lqp
bktm
aqb
betq
abfi
ajru
adur
yif
jer
kgf
awdf
bo
aewm
nsj
qnk
auge
goi
azjq
boeu
bitr
xef
azhs
evn
awmx
aygb
augh
epv
amey
zop
azog
boew
gwb
uqp
awjh
bfoa
ajmh
elj
autj
bfze
prh
avqt
uxz
fli
mel
awz
dfg
boyj
apwt
avxw
alsg
bpnz
wxz
tnk
alib
gnq
ofu
bhul
cep
azrm
hxg
bjxn
bnyt
mud
anjl
abvs
veg
bmuw
bnhk
bfwn
adkw
auwr
lyr
tgl
eda
md
vgq
bgfq
aeht
uvc
roe
muj
mdf
amxd
boxc
bceu
apfc
kls
ztm
achf
ansl
tcv
arnl
vni
bfvu
bnxr
arxm
bmiv
ajip
bdjw
cyt
bone
fgd
begv
bshj
agol
bgvs
aqdx
ayek
ieh
bkpo
ajbf
aogw
aftn
gea
tak
bsmy
adgb
lmi
axfn
vmg
bgzk
hzq
lcv
bcfu
ugs
yzv
aque
ayph
awxt
ikg
atwe
akwu
ify
fpb
ham
aogh
gxc
sup
ysf
ivu
aist
czg
vcj
aesw
tpm
aplw
okn
ahwk
ahjg
qrt
biwa
bhdg
bkls
bixq
ahtk
amro
bsih
mla
abnh
brls
bjmc
brzw
rlj
axbm
bqws
azv
agm
ahmg
aqtj
onk
ajdk
bhpl
bgwz
auyo
dme
brou
blra
axfm
ijx
ahfn
ansg
wta
awht
zpk
rdw
abgl
aizd
bqlm
ocl
gex
bhsn
azdc
qu
aozh
afzd
pwc
iul
alfe
dbi
vty
bdnu
ydn
hix
ifs
bqnt
akef
axh
bngm
ixs
zfd
bfut
brkl
qim
aefl
roh
bdvs
acpm
afre
dai
blnc
ynq
axvd
zry
bcey
anmb
tgk
bnrv
fni
bjgv
bgt
oea
axim
tzi
kfr
ahsc
agiq
atom
arwe
afql
afvx
amdu
hgt
bask
kbm
azmp
aimp
bcdx
nym
adpc
dpm
cyd
aukt
athp
tzc
bdnk
is
auls
chx
mnx
azyf
uqb
aite
nty
actq
acfd
bjqv
bxg
alwi
itz
bemc
bsig
tfj
bhns
iwr
agul
ardh
vol
biou
bchv
rhb
bgha
bmp
akqm
bflo
vzc
bfzg
bkt
aecs
jiu
acoq
aksm
bquv
ankb
akdc
zem
hmr
oem
axse
ste
bhak
phx
blng
zrh
bqdi
asiy
abmt
dmz
yvd
nl
bkpv
ahtf
zvj
ajgm
hcd
aoxg
bghc
akvc
acds
avho
arjc
hfj
axgv
bptu
adir
awql
bicn
bhtx
erq
aiup
sgo
amzf
xup
pcg
ajtq
dew
bjnx
bnka
hnr
dyi
xts
jpo
yvf
bjqp
sej
anot
bfza
blza
bnch
lat
aetf
aoqs
lvb
alqu
xoq
azto
awuy
bhzk
ozy
aozs
yvn
bips
aurp
agof
eh
bsod
wbk
nqm
apwx
abhl
bljs
nch
akpq
bpi
ief
nwu
jcd
dya
bjtn
rja
qfr
boep
abpk
apko
bkhz
bjqi
bndw
vkq
jcq
arhv
obx
alzo
uah
wcj
aro
bhvr
owb
azvf
bski
fch
abth
aepv
tfo
pec
alvo
bhx
hfr
pmj
pls
bmcq
bowq
vku
pxg
wua
bnlx
arlg
zjr
baps
auxh
xyr
bojh
cin
acno
oiq
bktz
amqc
bgxm
dlr
chl
agjf
bezc
bglt
aljy
abtx
arwg
baqh
blws
bnty
bhfc
bint
rux
bseq
kgv
amrx
aspj
jpf
abqv
nlf
bnia
ifq
acxe
apnh
bslm
kcx
ake
cxm
apyx
hbc
admu
vhm
brug
eoi
cjm
otc
bepj
almh
elv
aqi
bfle
armh
arpm
ugt
bsdc
cqz
svq
tpl
bcpv
ahsb
xai
bjo
dut
aysf
eji
bgpf
jte
adnu
biry
pki
bhmo
yz
amuz
kfc
anod
cwy
bjd
apfm
mpy
xma
bpec
bvu
ekq
bekn
wnk
dlg
beml
ovg
baqm
cks
vfp
ajgf
aczb
advy
bdan
gzj
aiy
hvd
xav
athx
bqya
bnsc
oy
bhdn
twn
ahrd
bmtr
azgy
wxb
amby
bcxm
fvd
bdri
afxq
nxa
asnh
uki
eus
obk
drc
bjkx
aute
aoh
axvh
hfc
beuo
jfl
bdqh
adwl
tyh
fat
afem
bgtx
autr
basg
bslc
dhc
bfcr
dzx
bemf
akcx
atie
lhm
gzo
alzt
nms
pzq
afes
adqh
dhu
adrb
bqnd
bfdo
aykw
adzp
bgrh
akvh
bcxj
bord
kf
ubt
bkau
axnj
bfjx
aote
bhr
bsg
bltq
nqd
azgk
xan
aqjf
bang
iky
boif
avzt
spy
aszq
ahku
bntm
auih
phi
aqzf
dgr
vlz
eai
bafw
fcz
wgt
aolt
bsvh
abpg
agxl
bfoe
boyg
bqet
ayrs
bals
acgb
azus
acrd
atjl
bkdz
chg
rsg
aozx
bazy
asig
ajp
bsgm
zjm
aemb
ijm
bpxn
fim
agsz
jtq
bqgh
slb
ikw
qei
mae
qik
blky
tyj
akzq
afet
azmt
auwy
acmy
rky
axwf
ajxh
bjce
giq
cik
awno
bidc
aipk
basz
bmzy
aiwp
bhdf
byt
arjt
bmzu
apxn
adom
bags
bauy
kvl
aldw
kqn
nzw
mjr
bkyw
bekl
azjo
wjn
jkl
bvw
pga
gue
hze
aeju
bhnu
ux
tvk
ayde
anyb
bikr
bivm
qsc
tcp
afso
bnyp
go
uge
amlp
zhk
anud
dui
bkyi
axqn
ksb
acev
bhpv
hoj
tln
apfi
asuy
ahjv
aquj
bpj
ahkv
abi
blpw
bgal
cmu
lsp
alds
broe
bovd
bqlr
akdh
acsr
fek
bgzj
aqms
bakz
yiv
adje
osw
hdr
xbn
gum
aobh
apit
argp
poi
arc
bsty
beno
tgi
apjd
azfl
auz
awfd
kdq
adyi
fpr
avmq
avcm
auly
aevz
amse
byi
ily
aidw
dla
alew
agnt
anvr
yqp
alno
cey
acqs
cuk
botx
rlc
braz
pml
arqf
bfau
bnoq
aknh
axgi
ajml
alzg
afzq
axzw
ahym
ahfc
ajwt
bkni
bnqw
xpj
azuq
aoep
fjb
acsz
bldu
bcyu
zqa
sdz
bgqu
akve
badr
ayzl
ajpi
auvk
vkn
aodg
bdgh
tmk
aylm
lsm
akqs
aiyq
qip
kzv
fpx
txl
fvb
adgh
anfx
bnzq
bpq
aeiv
aqpe
aohv
lwp
axhk
mzp
zhg
aykl
bgfa
arzf
opm
ahnd
awqb
yjl
abdw
bsj
akjp
bfpu
bhfk
bqrw
dah
afty
agqf
cjz
zlg
bpie
bmn
shr
bsev
amdz
bvs
wuj
aozn
bjnu
auvn
atnc
nwm
rjc
srj
kxr
bfsz
aghi
zdv
ajlz
bgm
avdo
ajqb
adtq
aitk
azvh
ajpt
auok
amgb
bksq
aysk
mcv
ktz
jeu
awkp
fez
aijm
acdl
bozr
rul
asyp
ausw
behw
vnd
ijg
br
amhq
qid
aelm
aqjn
rck
aqrh
anrc
ahky
btx
aqko
auyn
ehm
awjx
ahml
adb
asfv
amlc
egu
bhqy
bgwc
aygx
bhua
uey
bp
icy
bfxs
aoxn
bpsn
hbz
nkr
jgx
awjv
nb
bnao
avnp
bgli
akon
xer
oyt
xby
tre
ayg
yzj
afuw
acdu
adzn
aidz
abus
d
fgv
aquk
nvj
alxw
afvo
bsmh
aixn
zqp
aefu
aptu
bqfv
ksg
jnh
bqal
apkx
fhr
axqk
aybs
bta
amq
ix
afzp
mab
xqa
aymn
bfaj
avsx
bsoc
azxd
aogi
six
aobu
obn
ygz
amiv
lxs
aiuy
akot
uaq
afr
anwh
ahnm
che
apgd
yxr
aok
lc
bkzp
alfq
binr
nik
bkuh
apsi
ctw
smp
aohz
bfvm
aghn
zgc
blaq
amqy
kov
alzu
yzh
gvr
ahsy
qsm
yci
gtk
gxr
aqvj
asyd
aswq
betw
blxn
cka
bso
aimt
bqgs
ahwo
ny
afcy
agdx
bkem
pan
cqs
onw
muc
agvy
evl
cnd
bmas
qg
akic
ajqr
egf
reh
abid
kno
xkc
acqe
aipy
aiuo
avgx
bgpn
biak
hga
bgte
bje
bswf
bkiq
ashg
vre
belq
amxr
biuz
bivk
aosv
agmo
uvm
acws
xoe
bpjn
bipe
bnvz
aony
zdm
blzf
sgy
bclq
acvi
hrc
aios
akhv
jsp
njc
agco
ufw
auzf
wsq
znv
wfk
aecd
bqcj
bwp
baqy
aujv
uij
gvh
vjo
ayej
xjb
bdzw
hms
vl
agu
anyz
abfs
pmq
asmh
bodi
axrn
bqtw
ayrq
khf
zef
aqkm
acym
ayfg
bazj
alrb
ajtw
acfl
azeu
adju
aqfg
mon
bory
uh
kae
bjda
bkpt
aoxd
axsv
dus
lbj
cul
aoew
bmiu
bpaz
apzu
bkof
xsw
bdok
anki
fpo
coz
bjgx
wdo
atkh
efb
ankx
hdw
xg
aiyr
wpr
ajxz
bhzs
bixw
hfp
ascg
apif
auvh
bkla
jqv
auln
oiu
bdco
ahyp
avr
bqfc
bafq
bimv
cix
ufh
abyk
mne
vyi
oek
bcom
bnyf
gpq
brit
brfe
bfiv
paq
qwv
ogm
suq
avjl
arde
azgb
ztg
ayvq
agvp
bhro
pkz
bgxy
bsjm
blmk
bmsx
bpqd
bcji
aqhb
aqe
rcv
amkd
ocn
uhk
bqcy
jmy
kfe
uqm
bcyk
axly
bdzy
opa
ahcw
azux
bqfg
zml
brmj
bjic
auhp
edb
osd
vgi
ajpv
alwu
qag
awlp
iux
uvh
arb
alqh
brqw
fjp
bmdt
alim
eut
bsx
blmi
bhjw
skx
bhtp
bfes
bnmz
pce
qzc
atp
aiqr
agri
bnel
jct
auxp
bjdm
bdwu
bgyt
ary
lhp
amzi
bcke
pbm
anid
pnm
aiyg
bqmi
wzu
vqw
blwi
lou
bjgu
bjwq
olf
nyk
aydg
bme
bkgd
hyl
bdop
aouf
zcd
hdm
amtw
afoc
anfl
oft
wfq
lfb
boic
aefx
anjt
bnhm
bey
bjai
axwm
balf
amkx
gsw
avzu
anxj
avnk
aqon
adol
skm
bsja
aose
yls
vcs
ckl
wxa
bmqx
vj
bami
aupm
clq
angr
andu
hc
gbp
oac
artb
ahnr
bckm
avxp
bgzn
ifw
aob
agnp
aupb
athu
wdr
wy
wgx
bdox
axbe
aodw
bizc
gpu
qlf
swu
znh
aetj
sly
aevn
axdo
agij
ayjn
nru
azsi
bqer
rkh
lam
aocu
moi
abcz
ets
awqn
advu
armz
bghl
bdta
tmg
gqa
urj
arpt
bmsn
bdlg
athb
fac
tsx
pn
xna
vlj
gul
bimc
baod
xzq
brqa
zsk
ney
oxr
bkrq
bmzj
bnhs
alob
bqiv
aubw
lum
luv
bfyr
ahyf
afcr
mht
bhkn
aqem
qy
ayx
mve
aeox
txr
adif
qka
xkq
ajhf
unw
aqrt
abt
zka
s
goe
akcb
bpvu
bcnv
pdv
aijw
bcdf
bid
brsj
brvf
aryv
avrh
aeiu
awms
mrc
bghn
batn
arov
eck
uni
afog
rmh
ufq
akpo
sio
bgvi
wln
asyq
bnqs
aqcy
bszi
auhd
dbg
avor
bogz
ahok
aybx
bajv
ayf
augl
kgp
jra
ayce
scz
aiox
eyg
knx
jd
bhfy
avqb
pnh
ipw
bwo
abeg
bjzf
bqxo
agcu
aifk
bjsg
agoz
sxh
bchl
keg
bkyq
brpu
atbf
arbo
kin
dax
jbm
agzn
gic
msy
kqj
aknx
bhey
avmp
am
bjfg
zwd
gqz
ahib
aswb
lgm
bhwg
boid
arcf
blqn
adfp
gwa
rvw
bske
abjn
atgi
pgo
atb
axcg
zri
axzg
zxm
azqs
ram
zn
cke
akfr
wic
bpzo
abnq
boml
flj
nki
pbd
ahsf
aurq
thr
nsm
ajnh
auqw
azdb
bzt
bhlv
azxo
lbi
akxy
bpzx
agiw
astv
aptw
abwu
niv
jdn
exg
ajex
bceq
abyh
adbe
yqf
aboi
bame
arsp
yso
anib
axqv
xly
isz
acpj
wju
bihy
sok
aior
atqf
bezx
bkcf
advs
avnl
bfni
iru
bnwu
bzv
brxa
ahdg
bgih
bcmn
cmr
afvg
ajfz
ntr
bdtx
atpv
qdb
adxk
sfr
bqca
asgu
cuo
agvs
anzx
rcj
blnr
bdks
acsg
gkw
bjun
kth
fnm
bmoz
bdux
wyo
haj
pbu
ardj
yof
aczd
rfm
ablq
auik
xrj
wds
taf
akud
nuw
aowb
esu
bskt
bkoa
lgv
pft
zmr
bfus
asdy
bguy
qcj
ovn
zme
arey
bfqy
axuq
bqem
dyz
ariu
bpnq
bnrm
rcf
ofb
bmgr
zpv
uew
bltw
afxp
besw
bnva
betz
zok
axco
bmfk
qky
bpwu
hfz
oiv
fvj
bnjz
wid
bowf
vgt
aflw
azfe
awgt
aout
szh
rxe
bckd
mgx
belg
bmvj
qha
amgj
avnq
bokf
bsol
qoa
uez
bcwd
bfmp
ajgd
bczy
otg
bkdq
asch
oyd
jmb
bprx
xje
akue
lzn
dmu
brnl
cml
akqy
avqp
aecx
azwl
azys
abpu
ksy
bonc
acfr
svf
ahsl
zsw
afbw
ailo
xev
qno
you
qzi
oax
czb
azem
jia
bdrt
lbf
otr
bsnl
akzo
bhaz
brsy
std
gsv
grd
bnvw
yef
bnh
bjc
bhtm
bnrc
axjt
aoem
aqeo
bpyg
qjn
gpb
inw
azgl
ampb
agsd
ajy
aght
bjtu
bnuq
bdtg
asfn
pek
hjc
aug
bikn
ascv
bkym
tgu
hxb
mcd
bnwh
amts
avrj
absx
borf
ajwv
bkip
adqk
anyp
vkz
sl
adft
bnfy
bsdf
bfpt
apnr
jmz
bkic
ian
afz
auzb
bifu
akyf
anix
rgj
ahpc
bnsi
jq
wge
acgt
bors
bfpl
itk
bsqi
ajet
ekn
bnkf
anps
pgw
bhyk
astz
xzm
bgiy
aiwt
apqd
abht
bhsq
gmv
azph
bikt
adqv
yql
pkq
agwb
hwy
ajsf
abqz
bepa
pbl
bqei
ajmr
buj
wrz
pbi
sam
bpwe
bnvy
dpo
ajel
bhop
bivf
bhut
hse
any
rqm
poy
qzn
arjl
amox
yau
pc
okc
ulj
zgq
asyt
bpew
mgl
aisz
ajnz
uno
dvw
bktw
rdf
mdx
acpb
bqgr
aqes
aqtb
i
rwm
auig
ahy
anyh
aivy
bfri
irl
awnp
dlq
cnp
afln
xfr
wce
awjk
brch
sea
bano
ahrq
bsye
pyo
bqop
bpgq
aoyi
jep
ghr
ajxy
fzh
ygf
wga
ihx
bexl
awpf
xio
pt
alnr
bna
xib
xjt
zah
bdkj
hkf
ahmj
qfx
aylt
bdwh
avze
upx
zxl
nbh
eng
yno
auow
oad
blew
anis
abjy
becn
blyi
vfo
auyh
wnl
atrw
bmzp
awfz
achr
bqzp
avyg
fto
xkt
wst
xia
amxs
ahgf
ajnm
arkg
aoyg
bjfs
apyu
beyw
cyk
zfq
axel
aqty
zfb
adxj
agnr
bgau
fab
kai
oit
mxe
lyk
ayzo
auol
bfex
atsr
anzd
cov
aguy
aotf
dpg
akjg
bsxo
azti
bmc
ahej
awnk
zov
bqnx
yxm
aqyc
bcph
pyg
pqh
ykg
oyh
aoxp
asuw
bqnf
apfy
lg
bgeh
exy
bikq
swx
zgy
aegd
bmgz
brqh
aqrp
ycl
bgyp
rbp
azpi
agbx
bnzd
anyc
abei
zf
kom
brau
agmu
agtk
wmd
afub
hiv
yzs
bgki
ampx
aqjm
aoui
ztl
fyu
bgnm
agjx
aomv
azuh
atlm
adsc
bfzn
jrz
yho
xms
auip
bgwi
igx
atqc
wrn
brm
afib
dx
khb
bkxd
aont
vc
ajvr
agsp
anwk
asgj
nix
bfvl
bcdr
ryt
aclk
puw
akco
audy
wbt
amof
ow
aeki
dol
gwj
axyv
rma
wcr
axnt
ipz
bdkv
aspf
fdj
awqz
baun
ebw
bpcu
anjz
bmwy
inc
aelk
avpx
mxv
aghy
ahyq
aveh
uph
oue
cwv
acvr
ouc
afig
aucm
atsl
amjn
bglu
oct
ha
bgua
adqn
aju
awrx
qcs
ai
cut
aznp
aczy
alyg
axyj
vaz
yua
cfd
ahbc
akih
ahqn
bplq
agut
wsz
adtc
kby
aetr
bpuy
alfs
bczl
aghm
ameg
atce
ajes
azsn
bgc
muf
aemr
fv
yfo
vry
afwu
bmcv
bdfx
aryf
ynd
bjot
yoe
audx
aqgm
ywk
giu
tor
yco
afn
azp
ozn
ylq
qzh
bkoh
ayrm
abdt
aovz
arxt
ckv
blxp
iht
rnz
arzy
yft
apx
afoj
azpk
avzh
aqup
aemv
ipt
bguo
gkn
aynt
aivd
adoy
ajtl
ctb
vbd
albe
yth
aobz
bmzf
begt
axnr
aoxb
bfxq
ajtm
bhny
mde
asjz
alps
algw
wsf
npd
src
zjc
auhx
ncp
bhwu
gzv
admj
aoit
bpol
aphx
biat
bckz
avfi
bmxl
asqk
afwx
uox
bgnw
agel
agfi
nxz
pfy
acxr
afjy
alyc
aqst
awoh
hwc
acgy
atds
bgpd
aysg
bqkp
aiub
akeu
ktc
aezb
idn
boqg
ajzs
akf
blcx
rsl
bquj
yjs
bdqe
afgq
cmw
atr
adms
kcw
ezh
aenw
jqs
bdzv
brpe
bfzo
bhfo
wyu
boqm
bof
fsn
aboq
mup
amsf
alum
xbl
gev
anih
xae
hac
awzr
bog
alvx
rjv
axje
ancg
zxj
bqv
bkuj
bmdp
aycd
awfe
jax
bjmi
apvw
fob
aokz
xfn
agcj
aoec
arig
lu
rzg
bogr
tfh
aztv
kfl
uva
aljv
alsi
apcy
qyb
cxq
awts
aucr
akqn
sfu
kud
zsl
baiy
ajdx
jha
bpkl
one
jel
afpn
pvx
klw
axfo
biwq
bkyl
xwn
nyt
artg
betl
amnj
fxv
gsz
aoqg
avid
bfxo
akti
avwq
kqu
apfg
bghj
gdt
arzm
brwc
hwv
ajfu
blnz
abqp
wck
bkzc
coq
vkf
afvc
bqnp
aoty
afiw
ahtx
cpj
bsti
arnj
wcy
afml
bstu
bjzp
bqdu
qhz
altz
erg
agre
dom
bnxs
bmzc
bhwd
tny
vgc
acvz
wrh
anpb
auqd
ecu
agfz
wgs
bgcp
agks
div
tuz
atkp
apci
xlg
agsq
bria
bsnd
xpq
edz
afby
basu
ayrz
baiu
emt
bgcm
bjfd
aslr
csu
ipf
ajuh
qfu
bequ
bezh
axu
bdtc
bkpq
aesv
atrv
aknb
chz
bjgq
avlk
lcf
ofr
apis
otf
brtf
wny
bgyc
cjb
bkgy
es
ankv
slp
q
aei
kbu
ahko
bamv
duc
bmcz
ablx
ueh
boec
aekj
bevo
arfp
bpfg
azif
ajnf
dnm
apzy
bpok
bgod
zfk
aurh
ajyg
rgk
bofm
byc
agbi
awmg
asgx
azkb
adbt
pzy
bhai
zpy
aqtf
agdm
djn
mps
hvp
nie
abrl
suz
jsi
bpto
bmdq
agyv
yxv
aftz
fnl
abye
ejq
owm
akmr
avxt
aonj
fsr
wsa
agjc
qkm
kgb
ocz
aeit
bpyh
mvx
suc
ofx
bpua
cod
blmh
gxj
tuv
bfyc
smx
aqok
nba
fdp
ql
bsoa
fuq
aox
bijx
aobf
zyr
hsq
ankw
anty
mtz
mea
aoqi
elb
ahwm
nhu
hpe
beti
qzf
actj
akwv
oaf
hex
vtj
adnt
aklj
aqwb
bdto
bjzo
axdj
dzw
athw
blzq
bcho
hre
ing
vhl
fiq
biaq
adge
azrk
zas
ahrp
eyv
dtv
awzk
hjb
alpj
pe
adlq
bqto
bnlw
blph
axsg
atci
aice
agdo
rya
bmrl
arwu
tav
bdao
kfd
arqh
abfm
ajto
bojq
acin
bem
ab
brdc
bemy
pva
alxo
bxr
bozw
bkua
bndt
sqp
zhu
asvy
arp
aecu
pfo
bian
bcfg
boav
aspy
acso
bjki
bioz
amrk
bmeu
awsl
bace
ahle
hdb
axzn
bfuo
acot
rnp
atpu
nxt
qun
lon
owi
brpg
qvn
gbm
aplu
bxh
ktq
dxk
ftd
lzq
itm
bigf
anit
opt
yio
rls
awjl
apml
bpkv
nld
bmqk
becu
krc
asyc
apqu
jfb
alwb
aofs
pcd
bgxz
abpw
azev
bnck
ayiv
rwl
avre
amzu
dhy
rti
ohq
ekz
uyv
bnqe
ogu
ajuc
adrc
bdvh
jiw
khy
elq
tld
gjc
bgyi
wvn
bwc
bryj
aslw
bcyx
dup
gh
bsgz
anol
clr
axid
sow
jay
ayth
cgl
mnt
bqgy
bmuf
ajdi
dfu
cpt
avkx
anht
hkv
agmz
bayj
bifw
yhn
egz
bqov
abrw
abtv
pyf
vyx
anzk
vfm
blke
zac
bsvo
yvi
axyq
bszc
aemo
adyl
bsfi
ajpw
aidf
bdfp
bcrf
bpwa
adjm
bnew
bovy
bpux
iwf
ayvj
aqgl
dwr
ulb
ajbw
sfl
boaw
avnc
bral
borz
azhr
ise
bjts
aeuo
bjut
xdv
ajty
arzt
uam
avlf
bmjw
ike
bnwz
bnft
opq
ct
fku
ajxg
apxs
bhgu
aoeg
jnz
adfc
kaw
bjmf
aehp
apec
qts
bqph
tno
iwp
bfdq
ajuv
brlu
afkb
sem
rds
pgs
ra
eij
fqe
nrg
bctf
bryz
bmrh
zxf
bsay
xdw
gzt
dj
wre
bhiz
atly
aksy
adcx
bfnj
agqd
aqjs
agts
ayfd
iek
zrn
awbi
aker
gzx
aiet
htr
fbk
brhp
mrl
acbi
bfkh
abzm
bgy
aorh
ahql
agws
apux
aqwp
ahew
afpi
zbt
phj
zh
bfnm
bina
bonj
ldc
crd
bsin
akws
lqr
bdhk
agsb
aruo
igk
agoy
bduw
jan
bqxf
npg
ascr
bfvi
bqjp
astj
nkj
hfw
bosg
dqp
dkq
bfqh
xeh
vqz
aoqw
env
bap
apsz
bfts
tds
bmef
ajbt
bshf
bpla
bqox
kpa
aspq
yvt
asyb
bmkn
azom
bkzw
auhe
aiye
anhv
slr
anvf
arie
akfx
rkv
ear
jlw
bjqs
bedv
aofi
wpe
oln
agrn
aopz
fou
bfac
azbo
zoi
zng
abz
algo
alnz
afcn
bfyg
avit
aolw
atlj
biyf
yeu
huc
atsx
bmpt
athf
abzx
fbp
acwi
aujg
hgq
bgey
avzg
ayub
abow
ewl
ahzy
axep
hjg
uab
zbk
bkrm
yav
bicy
bevy
bgqi
nhb
qla
ovl
aobe
oxz
bcui
hbq
aymg
ajuf
aqxd
blmv
aqlf
kyj
brtc
aflo
ldy
bjgz
amvn
vqx
akgm
asto
kea
bojv
ajxr
jyb
bne
biyz
bnep
adlv
ntb
agjn
bnfl
avse
gba
kmg
qbx
aqhi
atyo
uvq
bslf
ojs
yri
aghp
bswc
ewo
atyz
almc
bpzm
agqu
bnlz
gxq
eg
jda
avys
isy
yzp
bsdi
lxc
auvd
bmpo
gyd
bksj
qwh
tyf
fsi
acm
bgiq
ainm
xuf
vsc
wrs
bxd
bcfj
sib
mje
ahbq
nqx
ayox
abcx
pnb
bmcj
ihz
pfa
bshx
voz
wsc
ajpo
xtf
bnwa
bgjl
snz
uqh
bhjn
bnxh
alpq
bvx
tv
dvs
ydg
bfda
ikz
dmb
bmko
uyf
avkp
pow
aogk
