a06
dTK
h3r
k/#
g7|
k5I
b/3
ejd
a(v
i3#
fWH
bAI
by`
gD7
d8?
iEO
d^v
j>,
a&I
a?Z
c0%
g<4
f\=
lvZ
e|H
fYj
ncY
bU2
l{g
isD
eki
drB
h<Q
m|H
esh
fzj
ebD
h'R
jyM
iQm
cg,
k#I
f^w
gg[
j!T
gU}
j^2
kVx
gIA
acB
bX=
bgi
iSQ
ea-
lF0
g^]
lVz
fkI
g6"
kET
c8o
l}^
c<i
d_|
hb2
i'Z
jrK
hW%
m[]
aZ$
lvP
ctk
i/f
bzT
m'~
iU7
hLM
g.Q
aB&
a}`
fY:
c9S
jn3
h7!
i~%
g$q
b+z
kKX
a$F
fNs
aU3
j~w
ebO
iKu
exG
gey
cGh
c#U
jRA
b*A
hS-
hYy
d`9
kx*
f5B
lra
k~W
i'o
c.@
b#:
m.C
bK^
a"F
e0I
krA
nu_
jVo
a57
kJ^
feX
e"J
a<v
lKd
gr>
hi>
hzb
h8R
k9A
bqp
j%Z
d=o
gol
l6s
g5N
l+I
l/W
mW!
jlE
mJV
c[)
fLc
iAf
mw-
k:l
b^9
hW-
hG'
lUG
jA+
noq
d}j
h[m
h0L
d0^
hkI
b3K
m*.
aOs
c]*
d~i
i|b
mbQ
cPQ
ho'
c@J
m@w
i6)
m0y
kG:
jY[
b%`
j>k
e$X
cyv
e-i
fQo
e_L
d`%
f0N
g5Y
l,F
ga!
e)Y
gq>
aG}
ga7
l!q
m+g
ilj
b,8
bLv
hT[
j,&
ivI
fjq
b2"
a9o
f<L
a{8
eUc
eoL
drL
m6U
m5"
g`(
g\B
lXb
bP^
kyf
f4]
a1e
lBX
d7%
k/L
hvN
l4{
cx6
kiL
k(F
g@Z
lI4
dlq
d6^
d|P
bM}
h88
j_m
jA1
e?+
dvA
ad[
iT_
ic2
e{r
i6#
b*{
ka/
adq
fG-
e)U
j/\
fMJ
laF
hFe
hoQ
a/s
g)k
dg?
j=g
d]c
g~v
jK9
fy,
lnx
k\z
dOm
gIh
ny:
g|B
b`Q
gDI
hM-
jaK
gOd
gw-
m\`
g]n
fe^
kq\
ci7
d&'
nk5
h8l
fR~
ko[
bp_
eq'
mSD
j>"
b`p
csY
m?W
f?j
is"
g_u
e+3
e}|
jaM
dEc
i#o
d{W
kpv
mFD
hD<
k)L
m}E
f4m
hVe
gln
j<[
m]T
m!#
cWC
g4i
j5V
bt6
g!K
mY"
c+0
d?.
lJr
myK
jQ0
gA~
gRo
meg
g=a
frw
e1T
b#)
dbx
jBJ
fd^
l~D
c[u
a#\
m@K
c{q
l_K
as7
l,w
b)F
cVI
mMe
mr_
fyN
m(m
gHG
jC#
aMo
ln2
j^6
bV4
iZ[
fMn
dAu
f)8
h)?
kgH
c{|
jBO
kTu
j"_
bs^
ldf
i3"
gCB
f9j
i{d
c:<
k/M
j)]
i#/
gVX
mr-
a*h
gu)
j^x
m'3
g@v
hlI
nm`
ewF
g)=
k1=
mR.
d3&
h1{
dJ.
m!L
h3l
g:<
b]0
emH
g7T
eD&
c}w
lau
bKq
m7(
dr{
c+H
jn%
nw.
eVx
m|e
e}k
d(%
ev%
mR:
eu]
dK4
jqY
il%
g#&
fRg
b.+
dyY
k/^
fe!
f.<
a[2
i02
gFt
bN%
b"K
hJJ
dpt
c#N
g#M
lYL
f/g
a55
it3
myG
mmx
mv8
byy
e4B
d?3
bA{
gb(
jcl
a[>
kNz
a~'
iXC
l{t
k3`
j0l
neY
cdK
lCD
bn'
g61
b3?
dj7
am(
i3$
e7u
apU
hAd
gbz
gza
iUx
j7)
aNk
bAg
i"w
i\7
c|g
hd}
nm$
m,I
cD.
d?X
hI{
lx0
gNs
h>t
gM}
j*d
hcd
m,u
dCX
kh4
j&E
k0j
ddC
d5~
hnp
m\[
hBC
f`[
c18
k|z
gE"
f8Y
h%B
kbp
d)R
m~P
gt~
dbZ
dR7
nwB
l6Q
c]=
e<r
lyx
iR&
e=e
hG3
a7)
iM:
jf4
ake
lE_
l~_
el.
g+F
lsM
f_]
iC}
aDo
gaV
bO3
jPO
iB<
d&y
lO{
hix
k!$
m$(
fRf
bR:
k_w
hOb
l[u
bEr
eJD
ih(
b<g
a9s
m0<
hh*
fb4
a/Y
ktK
mHS
e|*
h}a
gD0
nnJ
fZ^
aAC
i[I
kbg
bF8
f1x
hih
bX,
lI/
atj
mep
bzU
i/}
mYD
e6w
ca@
nBJ
ijT
fIg
fQ$
mDj
mEu
mg#
kky
i_Q
k\3
d[y
f~%
g!%
f5@
co2
j,d
g@H
gr#
j9T
cIY
m!Y
npZ
i`0
cC:
eOd
bi{
gQV
kGa
mDr
dkb
d5p
k*f
jPZ
g!)
id,
hm3
i*d
j55
hvi
eD%
ewU
cT#
cDD
koG
gRd
b2:
i:'
dcn
j&t
h3P
gW[
eQT
de&
gm=
dDd
nkc
bi]
ayr
hRw
jB.
jVQ
gW:
j:~
hKV
j$d
cL/
ltD
d}0
g"s
lh~
c2Q
is[
a`V
d}8
e%{
fjH
cQ]
aG3
j*j
kv7
fFU
gwu
g~,
h<%
f&>
l6P
aN]
eCp
m]g
iIx
iiX
eu<
h7+
aKu
m?#
mcZ
e`@
fXT
foZ
d&J
c:E
iq_
e2H
hdq
lSx
lWz
aCy
lzk
jx]
izc
d2+
lB~
l)-
e$P
krC
cG$
i%'
fX0
de'
kZx
e8D
f.O
b=@
csb
jqd
e`I
eO$
cSZ
j9>
fV#
bi`
l>G
g^X
j(J
gE/
lcM
cVS
gv>
gV.
lLa
gNU
aCi
b5O
mvt
cNm
b[?
mMp
gtz
j*B
h{A
jJQ
c.s
l)v
e_~
m01
cC<
k%\
fNI
lm#
g85
i4S
mp~
j+U
i&,
b8S
m=h
ahI
djw
jOv
eoH
i#-
mkN
e/C
bJm
kgJ
d]&
ngV
km^
k:L
lyE
h8T
aZJ
djp
i,#
f'L
dur
a2q
f`0
gg.
j@I
c>r
cpI
j|H
bH6
kLJ
kDL
k~R
b~|
bIO
d4'
d]"
f{l
f?%
l@g
f[Q
ePC
c^1
aX$
l{R
kM8
jfX
gq7
daK
d0h
lOH
a\F
fz|
ip|
h,!
i1U
lyz
bWd
neB
cbr
lFk
e"d
eIB
hJc
a%r
aDV
k83
kG(
j8.
mIM
a45
jCO
k7U
i.k
m>b
fEl
g_C
i@=
bP0
l}!
hO.
lsZ
c"O
f#d
eTQ
cUW
a.9
no]
a8$
g#m
gY6
dU~
a\L
gf.
jTv
bo^
d$e
cR-
h1D
iTD
mHm
dma
bG~
mJb
kx|
gQL
feS
ddI
krS
f?'
l7$
b''
cq}
c{-
i6h
hj|
mBn
gfp
hLE
gJ8
g7}
d^$
b]=
cYu
gl7
hr"
lIA
eSV
fWe
h{V
mv$
blh
b!7
l}>
bz=
g:a
aZ}
cw5
d#<
eTs
cj5
nq=
lTs
h=p
ehS
kr@
flg
nAI
kaX
f!+
adB
l/S
kAM
il6
b&o
h*t
i,j
gja
iBy
d8]
hKP
lw(
k|j
eiO
k$X
cth
l74
dmu
jv@
ee+
g7o
ae<
cum
etA
bmP
fI'
huX
kyC
mCW
gKA
i%}
jA3
k]"
i2*
cpt
e)!
d4.
j-_
aRj
i7&
lkm
h~Y
krB
cY,
fml
m"q
cyt
eQ=
gJ>
ktt
crA
b8P
ghx
b9#
jX8
i}]
knl
f>i
dg=
bau
l4J
b'K
i\y
kd<
mg@
luI
jyj
dqB
a^R
hri
c+`
c:g
cY@
h`'
j^3
lS>
en>
iD%
la5
k$\
j'q
ioL
a>B
iEf
mDt
cA!
c5)
d_<
iu/
kEN
d0!
bXE
ju^
f)7
b+x
gyZ
db$
dXr
lO+
h)g
jq\
gb]
b-H
eX6
iAo
g?i
d.n
gI0
aUU
bj?
i&V
fFV
dsC
am{
iLy
h@4
gBt
bos
h,B
aP#
e=g
ltM
bpL
h01
bho
bhR
nwX
a.`
g5U
jI,
gEi
nzh
e5+
jU/
eEn
i8@
nkM
aS|
jJ,
d'C
fio
eH&
jzt
l:d
ls1
at>
j,`
e5L
c<n
mGF
e3A
fPD
g@B
e{Z
c(N
m&l
fo>
c#*
d!Y
b',
iB}
h}q
b'1
cZh
ap/
lIt
e{R
a3t
b`O
ktE
i1>
h=1
ffA
h^[
e(W
ifE
ga$
c%v
dh'
dB]
l2.
a-#
iii
gWS
a,3
dK.
dx$
foK
csA
a%G
g03
a\Z
icb
le[
jrL
c6>
bq:
kDZ
f/i
jv[
cU}
d13
kz3
mGI
d*E
nxX
muw
dyi
ma!
c>(
k:f
f:d
b-c
fGK
g~9
ls2
hk[
cc&
hqM
dOb
g?@
b`6
a-q
d&I
nu>
j_5
m<u
jX)
mua
g_"
iKp
d[:
mcz
k.N
lvQ
k&z
c!Q
m1"
c>T
i>5
iH$
c\S
a}3
mO_
j[8
lZY
kVo
eJ?
gA4
l*^
hY3
j<l
g:g
kyp
f{G
abp
bBW
f2c
cx8
iR\
isc
j4[
jT6
g|l
fZy
d7'
lDM
l{:
lMT
k"a
dUL
bM.
cnU
c'}
eeX
b\k
b<m
lHW
g~|
gXs
eru
nkm
m&+
m'v
kF*
kxp
np"
a]{
m#g
kqZ
hot
cP>
bKT
kIc
lM]
m)W
g?E
c3I
a>?
e@t
f,i
d>`
ng=
dTt
cl1
cW0
bjt
nsv
eRu
lI3
bF!
kd:
iDv
a9%
feZ
b5I
eL]
gqa
c).
k1q
fZ<
m@e
iC(
hwA
mTI
j3l
j[y
iMe
d'{
ij"
dFD
l6<
h5,
iO~
i9W
nuc
je]
hi,
lD)
hIa
mlR
e9P
k?a
dm4
h$,
cQ|
hW7
jI-
l^!
bKp
gIz
g!*
fs?
k&M
e>p
lel
chy
kpf
gmn
b-(
e^U
aU8
k[0
d_e
f/r
aO6
iaz
kL!
h~Q
hQv
kX1
kGi
bAX
bPO
kE"
ge`
miB
cKN
dpb
kzG
fH]
cCz
b.W
c%$
kU,
kCy
k8m
ikX
fg8
dCe
e3a
eMS
e"G
hd5
lMG
m=g
m@H
eEm
fK{
e|C
eXj
a)B
mT<
e&(
f$?
i0<
m8-
gf3
h(U
ko_
fcZ
eDS
i=R
dIU
gB"
a2%
hBS
g7+
efR
d=R
a|y
dJD
a%T
fTF
k@x
bDe
e#b
ei_
kWA
j+-
aEA
m<e
aaK
jf[
m9K
b#6
bMj
h+'
b:x
a(7
gGP
d>J
b`3
cbO
f/!
eW%
c^5
fBO
aD_
fIX
kOQ
eEH
f5g
mh|
hur
j1x
j<P
e8n
dR"
dCM
do'
kQl
ee4
jR4
l3%
j$G
bne
f#4
iS4
e/t
kHS
kR+
ade
e$f
hYb
h'i
dH"
hxS
l?|
eE!
c61
c7G
k.$
a8/
lDh
fHR
lJ=
jre
jp_
dy)
kwh
d:k
mv<
enu
cpq
aJc
dSe
kRZ
df2
c1o
m]}
hd[
cNk
b\]
hqS
cnN
nk(
djS
c}Q
dWg
bq[
f={
ib1
kN_
fOc
m3J
eP&
joO
b"E
e.F
ir|
kQ>
m19
noA
g?A
cOK
mKW
bu+
h}C
lAq
a'6
kue
f\{
ewh
aja
i7:
f_<
mj@
d?|
haO
jU1
irt
fdL
lw8
hIw
mIs
afI
kGX
mLl
jDW
aXn
guM
a+5
bI)
hT-
m7_
jzB
a:)
bN?
h,&
knA
aS"
dnd
lXW
ew*
fu%
mEz
lmm
cno
m0}
c&z
g_m
fNa
auV
c[=
gb5
hp_
g\%
fP-
jOZ
iEN
dZl
c0>
j0n
h=&
lD:
c[x
iT.
a,(
ehb
lDd
e9F
g}$
j/<
dGI
blC
mVB
hT^
aGS
b3B
iZi
aR~
j0W
b{Y
hhq
g|V
l~<
lxL
cTx
fD=
aIB
b&|
i1\
jA|
atz
a7n
jHk
kl/
gA`
kWF
b7=
e*}
gGS
fnn
m62
h!{
h+n
g20
l56
f_2
g>c
e=J
c84
i7F
b_"
a>f
l{s
iKn
kcz
g4Q
i"s
afC
dAh
e&_
cO4
d!}
btl
gSP
hC!
aoZ
fc(
btq
m(3
j}n
k|O
ffQ
ni=
lxj
k.O
kV\
e.q
iad
gTO
eB'
j"<
bXO
f1E
h5L
bag
i7_
gr-
d-G
d#"
aE~
iBf
mHF
mQp
f&h
j+q
l|_
bVi
jR\
d~+
jYX
eC_
nw$
aJt
kg}
mzv
ai@
cvo
i/=
hr0
mE/
jub
e'1
mz:
d1B
ewp
b"`
nk|
g[U
a`F
nA$
lbu
kBH
cq?
iGi
hS&
ebw
cYm
d5>
cwv
jdt
k&=
eBa
hi~
l55
mo8
hl`
ldB
k/z
j+h
i3D
hD$
h.a
k)x
cqu
bAC
fW?
lGT
d.]
nBg
a0P
fIP
hAD
cSJ
l47
l?~
foS
aO3
eEc
d%Z
m9M
k`s
a~~
aGP
lP\
aB/
jDV
eA)
l*D
dE_
g.N
cYl
a88
bx7
d{x
hZN
k`4
i`k
dTx
gJb
av3
cL:
d0]
mIj
g~3
be)
bJ+
kH!
f!.
a_|
fwW
nl?
d$5
fMK
m#*
a[5
a(a
g2{
aPI
fiW
hF.
njH
lg>
mS_
eG\
j]D
f:J
i`K
c^@
kj8
hNa
jQ*
dyd
gLR
iJ#
i=1
f3A
i<M
fI)
lr/
d$,
l:@
l_u
bu#
k5X
d-R
i-_
mKt
a\G
a&/
hca
mAs
gk|
djL
l:'
gIm
aw3
h!'
j`o
e/L
dp<
fX4
d[[
a|t
an[
m1b
g6*
i=X
kMc
lZZ
mFn
eg&
lk*
k2l
c@X
fE8
l|M
i]S
dlU
keP
bR+
c*R
g&^
gZ/
fp2
iX"
kkS
mm\
bDC
eFl
h)4
m6\
m*)
nc8
h6^
cBZ
c7_
gNY
h[/
aak
jAT
cIf
eHy
bE8
euM
h#.
cGe
f^%
m8w
huM
j)!
heC
d^H
jIT
l9:
i&x
f5W
fQK
h.v
iSx
gG1
b62
l]c
a4e
cx4
ed8
f|4
bcv
eZY
m7>
g5.
b9f
a~K
k^<
jOw
h8)
jZl
hG~
nt9
i<Q
gWV
d{2
d.m
bDB
an#
jpT
d1a
b!3
m?5
eUp
cM>
h"f
a[v
gK?
bQo
eS"
aMW
ka2
jP&
d,)
cn"
iv7
i!m
gi"
k\v
grW
jkr
e\w
m$s
gqe
i[/
i*z
a^-
nyY
jZQ
c2^
gR"
cS?
nqW
fZb
i7'
k|2
j"'
j[W
k=<
cTM
hB{
a8_
i-s
hR2
j4I
e*x
jW]
aV.
gPT
dGi
e?z
h)Q
mP6
iXI
m~3
k!#
aF+
bl8
h^a
c2x
g]-
dny
bp)
i_v
kk$
by#
maG
l{)
ia>
bSF
h+:
d2U
k\j
eP]
kXO
c*8
igr
goA
bx$
kuw
l,x
gnL
k`B
g*,
lpt
f})
f>x
b!&
nlG
mM+
ee#
j's
gVm
e`p
c'&
a54
l*e
f-G
h8a
fRa
eFp
f\D
f<X
i|J
cje
mi9
noa
iin
bLs
e]N
d4x
l{e
gom
i\x
i[{
ng0
nrI
m('
i"[
kYl
a`\
a<t
a$d
c*~
e%G
hC`
cLZ
id<
a|w
e<W
jwA
jHY
a]7
eo=
nbK
k=)
a89
aDT
cuc
ih4
m^e
ej+
hdw
iY#
dlJ
dfQ
aGJ
b?G
h|X
j/k
ik#
iMY
f/c
kfX
k-g
eoZ
l.O
ecK
gXe
b6*
m9w
c!c
d^L
nt`
csp
lO[
mo!
g.C
l|!
k.[
evV
k@R
aB0
lAG
i)q
hQd
k8[
lCS
i$J
l<s
e0=
fn_
ln=
e4]
i!\
ftq
els
dik
d%r
b4f
nyC
l'J
c*n
a*%
m#w
eT7
kD+
fiV
iA`
k~@
nkz
eH~
m6^
ckh
d?9
fec
f>B
m,T
g5o
f5?
k~#
cYj
gbI
gK_
du_
h`)
aBz
hTY
fTR
jUe
hUU
cKm
k_=
f$R
hoY
f'`
byX
lLT
c9]
gh?
bH?
kFi
f7%
bP)
a!v
h"K
e!2
mRw
dks
npR
h[H
kV,
juD
k_\
cIu
gBx
l~2
feb
h<U
j}{
d6>
aI[
gh=
fal
jim
bY,
c8Q
kYo
ldY
fh9
f+w
aro
et+
b[(
hZ3
iFr
bs7
gW1
cx`
hPZ
jE:
a8f
eC/
e6+
hod
bnH
h2=
abU
j%x
b@K
kcf
jI]
j[I
iyZ
i}U
nxh
lTm
j8g
eA*
kyr
j8h
b%!
jq2
b09
el_
l?U
fhL
j]?
mb>
kt5
k~'
a5k
d(_
b|=
jI|
b!@
kNx
b-Z
jZR
ld>
jjf
i]q
bHw
k<F
jtX
g[A
crW
c]~
er>
f2i
hM[
lDY
g{,
f$E
cIM
c<k
av/
hng
bp!
h$Y
iX~
i.C
g}M
adf
a)N
fM1
d)e
iH[
h[v
i0Z
csg
bcf
bz}
cf~
b%.
gtc
i'-
j:\
dCb
nml
a=P
k!3
d~c
aw*
gEh
c^A
g,K
h-&
eK^
i{e
h5b
b({
mp.
hsd
gQH
bK|
iDY
i\{
fK'
dN3
hL5
j(T
c\,
h*C
lhG
a"+
liZ
l`K
aIz
giT
hj7
g!_
dib
c[Z
a,V
a,X
fja
lH1
i)o
bx@
a)6
j^L
mru
dAr
l#,
hU+
l#?
bI+
c>7
g-T
d*G
c!H
cT:
aQ]
dGD
aT1
eJ}
gHQ
d|1
gD<
bfK
nrU
j?o
kx/
bS3
kjV
l.9
e%b
h/J
j#A
g_o
lpR
i<E
fO8
m'Y
iAe
aq}
cm?
i%G
fq8
jdG
ib<
e%@
jHx
d68
ko-
eq%
kmU
jni
j=y
f5F
d3D
gC6
c=p
jz^
mDF
f3l
j@c
gTd
l<F
ehT
d6K
mPo
eW>
llT
f%7
gcV
lYq
iW[
lo$
hH<
a^y
lp"
dZm
iNM
a&4
fy)
lqd
nv3
e-3
hV|
fFw
l2G
ib&
i]M
a70
b!p
e%0
hKm
b:B
dN`
gUo
ll=
b%#
iQ(
m~<
dx7
bAm
iV\
aZ%
e0_
h9P
d\q
ad:
lWP
msO
a,S
mUb
mv'
hl@
g_s
m]`
d{r
j{1
df9
iZ0
hGX
c0x
k#2
gFd
jPL
j@z
nh@
hr~
g^&
k!c
deS
f-f
jQ2
lAb
b_8
dF\
i7L
diW
mKH
h*6
dD7
iJc
fB?
bwS
nzg
i8c
f`u
k4z
i!P
lz3
gt`
axl
jj}
mXo
h9>
g:~
m@M
e$O
cbc
gg\
cn*
har
k0}
cL.
mah
m`c
jH8
c"Y
eoF
kca
h[Z
gL3
fv0
kf0
c7s
ak>
a$C
k.h
iRV
hGp
iGU
jwa
jSv
aZc
eiH
l#f
klu
j!=
eHW
g?$
gJ"
bv2
d^@
dra
g:A
lx?
cK&
i^@
jmm
d's
dK8
kEl
enD
m/`
mic
ciD
g#]
k-\
hla
ju1
mJ6
gx<
afP
fgk
l9e
hMq
aFe
itB
dUA
kY-
aqQ
mfF
iUi
b`:
j:D
ls!
dG7
h60
gYz
d@9
hve
i7s
kp)
eO>
icj
dN\
b%1
f6y
m]3
l=M
dE&
l-|
iU.
fw>
g.=
e6$
bF]
j>J
bBu
a|W
jp|
jBg
k2R
il$
dnD
gu2
dXg
fY^
bDd
fev
eV'
k/3
eo#
f^\
gg'
a)p
bj-
l(:
ao<
i{p
ll.
l~L
i_H
fyb
a7\
cDy
c|6
kys
gW_
e/'
c_}
fk7
k$+
g].
g[o
jd:
hUG
ej"
f@B
hL}
lcJ
dE\
nu<
bQK
a1,
mH{
ela
bRO
ns~
cK~
gLC
ezL
fIC
l|9
lyK
mjc
asv
j.&
cE*
bY~
gZ]
i#v
fFN
eZE
a@A
i3I
a3.
h~8
cXS
e{g
eLT
kP<
mo4
a78
k6D
m4L
h!E
d.M
f<K
e(|
l+s
cO~
mmp
hY2
g3w
nbf
hQ2
ku1
e@?
cMY
fiN
ezO
jVT
k<Z
a[w
h_Q
cp9
fUo
md3
g~/
kk?
fuR
fMg
e(Z
h:g
nzF
lJ.
nzv
e|=
k[F
i^v
nbd
hkx
d!\
eVO
ks]
mx#
j=f
iKr
g`+
c.p
d"V
i<"
hd9
a{C
hWu
ee$
dvx
mXE
b\a
fzX
a#w
k]0
gZ?
h.+
gsW
gU&
l}Y
h')
k2<
e|{
l!a
mop
j7t
hob
g?"
k(&
g15
dtB
kO:
b{-
kZc
jy}
c!}
lf'
l2~
kEZ
g%x
k\Q
bs\
fz=
hOd
h0[
e&j
bjd
h4o
bW-
fwy
k}4
kq,
c]U
m.b
c):
fkc
k&[
nft
d4>
eDg
ke6
l9Z
nkx
a#G
l@n
e3e
ab1
aWF
jCN
gO1
i+k
bix
f%X
d^%
h"v
iT)
g%0
d/@
aZ~
e'l
dO2
e>w
g`3
b<n
co)
cH_
iy:
iFd
k|\
e*$
gNh
k+Y
fM6
kbG
i,$
jAz
fZ{
l7l
dni
j/7
mE<
g"R
b)e
lrR
a?g
cRt
myS
gW(
k~$
a-o
m{E
e>*
iKc
c@3
k[Y
h*!
h%"
dk>
bVQ
m)j
bg)
buC
gw>
d<#
htb
dNa
aU@
f8'
gSg
hg2
hin
i!&
c~Z
f{=
iK~
c?1
b~X
d~4
jZ<
eL3
erK
k@!
b'?
huT
cuv
i\Y
g&1
b<~
jfZ
bv{
a9J
i~L
ns2
k5o
gkP
kBb
h5h
a32
m_5
hwc
ny\
cW/
g%~
h0M
k}h
c%b
j_F
lML
lC]
g,"
a'b
jGt
clr
i#%
jC@
mfa
g_p
ab#
k#o
jyO
clP
lO,
c2@
bkX
l*>
jX=
h2O
bDD
mEQ
bXv
h)A
by,
j?>
i/t
fg{
cU%
eX}
iCr
m}x
l'q
dA"
cgl
j>j
c<^
k[*
h`?
jv<
gEH
hnH
avF
h-_
d<0
f^D
h3Q
bu-
acP
nAD
lHd
f4B
f%s
hij
gWW
k=Z
g^N
jU5
hET
lRK
myb
c3Q
fze
d'W
biQ
lZ`
kPp
mp$
mg!
bi@
c.P
bd*
hFo
d\\
i=b
hu9
jnf
k>B
f$N
iHP
dQk
gNi
l^u
jpB
f0y
cGR
c!e
kU<
f(&
ez0
fz%
iVS
nox
cti
gWd
b1g
i=_
eO!
d&6
njS
nk#
j7<
fK_
gmr
f,-
ngz
lCj
h!$
hFm
k2z
gDy
ija
b1r
lOE
fA6
fN0
h|"
bTM
fPZ
hHX
dyw
fR)
k`^
a)a
mJY
cjb
l@P
gdy
gC7
gy]
g"i
mlK
c?Z
e,c
fx%
a%j
elp
dF!
a%N
mUw
bt4
e!v
iJj
k8f
d:{
bZ~
drz
g[g
gqg
a]d
c4{
b:_
m@p
k?+
h(i
j?#
nij
a[e
gIa
f=N
ho,
e*4
i^G
jU<
cGY
jCd
mkr
ceF
aX'
kze
jsc
bKy
mcV
g|-
hNK
amI
kUA
cuf
cTW
f!"
f'T
lK#
e,:
iV:
d=5
ga:
asO
gV(
j/f
g?v
l"t
kA"
l9"
hE>
m>)
gHh
mKE
eO&
nwA
h)6
d&M
kl2
j|h
aIr
iI(
nal
ae1
ibo
cYB
g>n
ka3
fS2
l`f
j+J
a}G
h8{
lQ}
l-R
bA]
k8U
do1
k@M
kcs
kzg
iRj
k^m
j%m
eB-
kJ(
kWW
e<p
km1
l@e
f3~
hJU
a,g
b{D
fG5
bz~
m/x
m7q
dfH
b`x
egc
aL(
gxn
d3]
g=t
i9.
g+Q
iBV
i7n
nr5
m8f
b"u
lhc
llU
i/n
e#+
nj:
aTO
h]w
coW
a(~
c!r
d7q
hEn
m\(
a-M
a.^
lhF
jL=
kWx
lX#
c!\
b5h
gpr
c)#
jP9
h\e
mp4
dx8
dw\
j'T
d<{
f"A
i'M
aY1
aQH
eF/
h*s
kvz
kjR
cG9
k,[
m|4
cII
kQi
h~f
cYM
cuM
d!D
d7F
lhU
gBh
a}2
mWX
j!5
au|
l@-
aOv
gk&
i&Y
lg*
fL/
a*'
g@l
dN*
hs4
nAf
dV[
bdv
gQ~
cM8
iX/
am>
d4C
iSL
cH^
io'
j|C
m4G
g73
bee
a.p
hb|
kH+
nu4
cDY
jLo
lDr
b~E
i>T
aoM
gO^
hS=
lN3
k$v
h7/
d&v
gt+
f."
i}?
cgX
kk1
hlw
fs2
j`k
l[$
ag*
nbo
e&b
kOb
k5E
j~|
ltR
i&{
gAC
byS
d:D
d+U
fUB
lQo
eqd
c.(
aoQ
kTB
e~c
i{f
e\y
dr#
kBE
d2'
big
hh8
h|$
cO)
aok
fB8
h0&
a.m
f0P
g4C
hZA
i%$
b>T
bu2
m?Y
gk+
eA4
dzN
jmI
k[A
f4!
l}d
eGo
k%q
hg?
gg"
j:Z
ddB
jh#
dSa
h)(
bB,
lpc
haw
i-d
cf]
bX?
feq
iwy
b,d
nl@
jau
l5T
la2
hyY
d9|
d!K
lz!
aVj
lx&
eM]
gpX
l,*
gIZ
b+J
c8^
eLj
h"x
h<*
f/s
c.u
m^@
gS6
f*#
eNQ
lTh
nqn
e(P
ctd
lQn
hv*
i!-
gL1
d-3
mDL
cX?
ajF
c\7
l&q
jhG
eVK
bu6
do\
m{^
e0@
b02
h-6
a4_
g}A
eg6
iWE
m,v
aq\
d}#
g4'
cc+
e!g
jK0
fmL
c#j
bbU
c`t
j[B
aA8
ms.
d1]
g3h
j%y
b:`
b6c
lF&
cwa
h,j
k_6
nqL
bkK
m+0
aQL
e<7
e@h
mWQ
gI%
fF5
m$~
ag\
e?e
d0&
jyI
aBv
k=7
l{,
l&x
cLj
eS}
kpi
i2T
j-x
l$[
mOS
dRa
k`"
ly|
fQu
d8*
jEu
khl
jB&
gz+
bT7
g#F
ms~
bzi
gEM
eHC
dj*
a^q
jTn
iNU
l,b
d{I
c#p
h:E
h(`
kCC
a#_
m]V
mA)
gsF
b?D
a+x
iNT
dkC
iI+
i#B
hx~
f&-
fI+
e>J
kKW
fHH
j{r
f!0
jav
acL
jC0
l]_
aD]
k1C
i[H
i+)
k9R
cxI
jp<
c\k
hd\
dcG
j5N
c2)
gOv
a"6
eC+
jPY
j4w
j]B
k:B
i+z
iVu
cPq
aZ5
dhV
bxG
i7`
dNt
kCR
ex\
i0g
gaY
i?7
ih]
lPw
jV\
j:.
dw.
dQK
cyb
duf
hEb
kMG
i0t
aLv
d(A
b4r
c/'
gkk
jq|
hp`
kny
aj_
ktq
j#V
a$=
j)5
czY
l?V
jC^
b5"
my9
fJ6
j#y
kt&
j+M
d(~
e9a
hHR
dh@
bEh
nj`
kWR
jmN
f$`
e#~
c)&
c?:
kdE
a17
a\I
fi{
f+X
drK
am/
abj
fg5
fpl
f,.
kn(
a^"
e|n
jd%
m.)
iJQ
c-R
cuQ
hy$
alT
l|~
ni`
jYM
e0|
gCX
l[a
iB|
l|y
ltk
d%f
nds
aJC
hos
gHA
fK2
gJD
jG`
fzo
d,6
aKG
b#W
g=x
hH#
dUt
hJe
kBi
ba&
bC0
f+2
kB7
ai.
dus
e88
b(X
kjE
h]X
lL`
az7
en6
l]D
kB_
h-*
hk1
i{j
crm
jM~
i)(
h>E
bx.
dY6
fDa
bQ>
ijm
a~)
jqD
hE|
bQI
bpx
c.G
h~n
mCd
fF(
iw'
jQ?
l)_
fE$
m3y
bD}
cEU
a}z
j=a
ne6
dd'
jWG
a`q
fkR
h[k
k8.
d)F
b%J
ex"
f)c
ffO
i$B
aLI
c"\
g1d
f*{
f):
k*G
kv1
fT-
ccp
en:
c)a
l0x
k2u
c)O
a+V
mna
b5Q
f:P
e`V
h",
dKJ
fbv
ghJ
a`$
a#m
lPg
m42
h("
iaC
h2A
jv7
b7{
eGX
dcQ
h4w
c~c
e.W
d*O
gmd
fH^
f(D
i3Q
lo3
f>K
lzr
jDr
i:E
dlQ
j|+
h!t
k|Y
kk'
nlX
k4b
f]Q
aFh
d5\
m/(
m!G
dxo
jXc
e9\
iTa
bx\
k$F
bWZ
l_F
koM
h7D
hug
d$@
f!O
h`W
bX"
a%%
iIV
jqV
f!\
fNg
aK*
c{!
jXL
jiH
e_i
m2k
c1>
eb4
kN=
cGy
nv8
d6x
f5A
dIH
c]\
i{m
mrG
kpz
l#c
cND
lbi
cub
kdy
e96
g-_
k6]
d(x
jm]
fDw
cuW
bkF
k/F
dsu
l%,
c{s
m$h
iml
