likely_calculators
tender_prisoners
mobile_overvoltages
united_mitt
intact_scales
exotic_track
victorious_army
stuck_stapler
working_hygiene
splendid_wounds
voiceless_beings
dying_bail
alive_chases
damp_link
nineteenth_century_gardens
early_minutes
lonely_statement
continuous_balance
assistant_smoke
conservative_junctions
puzzled_drag
hollow_nonavailability
modest_detail
blue_july
mad_airspeeds
overseas_driller
shiny_gangway
helpful_religions
unfortunate_berries
western_parachutes
healthy_health
grotesque_illustrations
palestinian_labels
academic_listings
deep_insanities
prior_lashes
compact_donor
neat_installation
monthly_groan
horrible_ground
satisfied_legs
ok_longitudes
rational_wayside
loud_brushes
future_jumpers
primary_damages
ripe_cause
sensitive_restaurants
oral_warships
lengthy_hilltop
tired_watches
sad_much
late_tank
glad_odds
prominent_breeze
isolated_agreements
latin_paragraphs
exceptional_sleeves
mushy_trunk
desperate_beat
static_transiting
intermediate_giants
faint_capitals
radical_tendencies
excited_submission
registered_skirt
mathematical_blows
defensive_struts
satisfied_stuffing
nutritious_exhibit
spotty_monoliths
sole_boil
unsightly_ones
helpful_cleat
southern_wound
violent_rays
late_shelter
awake_header
quiet_prison
middle_class_conversion
standard_grip
encouraging_horizons
conceptual_trades
ordinary_summary
big_helmsman
fast_flights
capable_screw
boiling_shipping
compulsory_pull
final_launch
splendid_bang
foolish_tastes
asleep_glides
thoughtful_commendations
married_tapers
hungry_attesting
ashamed_candle
splendid_stairs
gigantic_nods
quick_qualifiers
distinct_disasters
initial_riddles
tasteless_tour
actual_respects
insufficient_plead
wet_documents
vague_missions
quickest_pier
artistic_savings
male_morning
delightful_fishes
right_emergencies
remaining_trees
interior_itinerary
manual_top
flat_kisses
democratic_region
outdoor_idea
capable_chock
ugly_turns
living_exceptions
stupid_trackers
little_zone
late_admiralty
medical_originals
strong_limit
immediate_meet
shivering_realignments
reasonable_rams
wet_peacetime
cheerful_prints
medical_cause
combative_fear
fun_stresses
damp_tracker
normal_rollouts
high_architecture
anxious_days
presidential_highlines
better_ropes
shy_curvature
wicked_soup
faint_programmers
young_mineral
occupational_torque
blue_change
living_space
sticky_adherences
minimal_fakes
acceptable_drags
beautiful_pipe
unwilling_housefall
boring_enlistments
thick_flashes
rubber_hub
everyday_rod
powerful_documentations
ugly_ornaments
exclusive_okays
disturbing_sevens
printed_loan
economic_centimeter
sad_expert
peaceful_comma
rare_capstans
preferred_rides
principal_hardware
excessive_harmony
inherent_guideline
fit_forecast
ugly_guard
hungry_aims
envious_duplicates
agricultural_door
unfortunate_taxi
exact_panels
repulsive_preference
tall_meters
strange_wells
quaint_macros
honest_validation
compulsory_lumps
scared_cement
interim_days
stuck_spray
upper_wake
joint_arrow
responsible_augmentation
successful_comparison
opposite_crawl
faint_daybreak
visible_requests
better_cellar
precious_bank
arrogant_listings
low_dial
poor_cliff
lazy_breast
international_hatch
thorough_entrances
outer_glove
intellectual_coders
modest_fuses
wasteful_plots
ugly_requisition
wicked_gaskets
overwhelming_student
roasted_cheat
dry_july
roman_latitudes
dirty_medicine
easy_salts
sweet_candles
closed_share
appropriate_firearms
wet_averages
only_lees
outdoor_detachments
exclusive_protection
unusual_autos
great_kit
long_overlays
colorful_advances
eventual_abrasion
purring_guidance
awkward_veterans
traditional_broadcast
funny_uniforms
orange_coordinators
cheerful_bends
white_diesels
uniform_swells
big_sabotage
british_forehead
low_start
frantic_stars
intellectual_door
neighbouring_violations
tasteless_tap
reduced_seamanship
italian_midnight
deep_technology
ultimate_sunset
cautious_love
chubby_claws
ripe_station
chinese_peck
lucky_illustration
tender_abbreviations
slim_gunfire
overall_tire
slow_jack
functional_chairpersons
voiceless_ribbon
bright_towers
annoyed_ices
grieving_shoes
registered_fetches
purple_object
big_slinging
vocational_shores
wicked_decision
nice_arms
muddy_shots
coming_goal
alright_amplifier
inquisitive_payment
brief_ticks
black_salutes
encouraging_screws
long_term_nail
inevitable_sales
dangerous_overtime
sophisticated_pears
latin_circles
systematic_minuses
relieved_challenge
entire_lubricant
uncomfortable_loaves
male_stub
unlikely_tilling
middle_class_highways
eligible_deed
reluctant_sponges
adjacent_oscillator
private_siren
electoral_files
convenient_cathodes
well_airships
rich_processes
swiss_income
large_scale_maps
emotional_discrepancies
chronic_ways
light_cards
uncomfortable_students
full_thirty
victorian_pier
original_mind
innocent_carburetor
wonderful_athwartship
dead_face
straight_parties
distinct_ammunition
identical_hills
sore_laboratory
crazy_controls
revolutionary_hems
electronic_buoy
hard_alcoholism
existing_prisoner
gastric_liquors
back_smoke
progressive_masts
reliable_trips
political_amperage
exceptional_usages
digital_gangways
compact_savings
moaning_participations
internal_marches
fine_hugs
ordinary_brothers
neighbouring_numbers
causal_respirations
extended_option
aware_pupil
controlled_puddles
corporate_checkout
inevitable_weapon
fluttering_deputies
occupational_hoops
pretty_welders
grumpy_dawns
complicated_ration
mushy_chains
content_blades
far_commendations
annoyed_distresses
frantic_keyboard
poor_wishes
back_adjectives
doubtful_possession
evolutionary_receiver
ratty_price
smoggy_days
valuable_fractions
novel_side
entire_specialists
ill_swamps
full_time_forests
democratic_capstan
victorian_performance
commercial_alphabet
fair_democracies
sharp_knee
dry_swab
net_chase
comparable_rumbles
zealous_helicopters
quick_examination
global_area
juicy_links
damp_can
wet_crafts
brilliant_bumps
fat_intents
silent_solenoids
central_knob
diplomatic_transmittal
commercial_windlasses
continuous_fireplugs
late_buckets
alright_shed
independent_diaphragms
eastern_freight
husky_average
near_processors
current_stamp
arbitrary_guideline
tough_recordkeeping
disturbed_humans
amused_moisture
diverse_problems
increased_mat
square_spray
empty_kites
super_representative
linear_dress
theoretical_slate
shared_streaks
fellow_crops
left_liver
fat_detonation
dynamic_representative
ethical_arraignment
prickly_loudspeaker
fortunate_shame
electronic_lasers
Sound_record
nursing_energy
agreed_recess
concrete_equivalent
gorgeous_events
slippery_brakes
long_meridian
adjacent_entrances
sexual_abrasions
ordinary_polices
tasteless_steamer
wonderful_plate
quickest_sizing
desperate_tendency
big_drip
fellow_smashes
witty_show
inherent_fruit
presidential_burglaries
continuing_shocks
loud_segment
wicked_sonar
closed_deposits
icy_economies
glad_daughter
gorgeous_sand
subtle_gallon
cold_checkpoint
juicy_pilots
ordinary_dabs
sacred_analog
brilliant_employees
orange_sums
tired_discontinuance
high_acre
physical_ribbon
fine_public
harsh_abbreviations
appropriate_bays
electoral_prevention
dark_semicolon
supporting_bar
unusual_loss
solar_lever
massive_insertion
imaginative_stump
careful_play
central_neutrons
electric_swivels
fundamental_organization
genuine_liquor
jittery_stapler
loud_citizen
collective_formats
disappointed_answers
precise_mast
separate_ceremony
homely_coordinator
sensitive_human
stable_cent
polish_dials
frantic_outing
mammoth_signalers
helpless_calendar
opposite_head
simple_rescues
wasteful_picture
silent_openings
philosophical_weight
middle_class_condensation
coastal_accountability
blank_pencil
retired_chocks
rigid_release
clean_calendars
roman_legging
renewed_shipments
thundering_elapses
jolly_indications
stupid_warship
grotesque_heat
melodic_machinery
frail_guard
magnetic_wound
negative_gyroscope
realistic_spoons
constant_aid
olympic_troubleshooters
clean_missiles
giant_barometers
comfortable_notation
elegant_transmission
green_interests
wide_eyed_minority
depressed_stump
charming_multimeter
regulatory_welds
controversial_secretaries
conservative_bulb
equivalent_purpose
loose_pins
active_encounter
full_countries
lively_machinery
hon_vessels
able_rag
okay_quartermasters
worried_crack
nervous_stools
advisory_companies
light_transfers
great_tie
known_number
molecular_shares
racial_voltage
sure_communication
faint_kick
full_discontinuations
correct_swims
stuck_welds
handicapped_time
sick_opinion
powerful_stresses
striking_mixture
surviving_object
practical_sewers
disappointed_axes
german_chairperson
permanent_coal
well_known_purposes
excited_commission
identical_resistance
complicated_july
sparkling_lender
tory_dears
sticky_texts
national_candle
israeli_thunder
bumpy_staff
cautious_petition
anxious_tire
resident_kick
intact_motion
quickest_lieutenant
polite_lines
fat_legs
tough_principle
melted_verses
uninterested_interests
impressed_cycle
ill_cleanser
mathematical_cement
wide_exits
cruel_extension
lazy_fours
concerned_portion
legitimate_turns
judicial_highways
embarrassed_logic
cautious_squeaks
irish_duress
respective_tables
forward_jail
proud_chests
odd_troubleshooter
stable_lapses
toxic_plays
joyous_deployments
ancient_pyramid
genuine_velocity
silent_runoffs
evident_engineering
individual_friends
usual_locomotives
residential_chest
thundering_marches
hollow_adjustments
fast_cave
labour_buoy
creative_shipmate
rotten_debit
considerable_effect
amused_scratchpads
economic_bite
essential_examples
crooked_educators
adequate_discoveries
initial_twig
new_coordination
mighty_replenishments
united_ribbons
quick_cost
ill_lot
poor_counselors
alleged_valve
marine_intensity
rising_tie
historical_east
disturbed_hour
frail_yards
convincing_header
full_time_admiralty
continued_hold
linear_diaries
desirable_physics
fond_lapse
cautious_screens
increased_feed
chronic_cannons
nursing_railways
damp_attachment
double_insulation
shrill_engineer
glad_refrigerators
olympic_crusts
expensive_requirements
junior_hiss
islamic_sevens
explicit_braid
successive_supply
scottish_bowls
impossible_cap
wrong_lights
zany_occurrences
wise_puncture
harsh_stones
flat_capacitances
unknown_biases
energetic_public
weekly_prompts
shocked_flange
absent_salvages
puzzled_marble
large_scale_illustrations
gleaming_contacts
remote_jumps
helpful_receptacle
chemical_integers
proposed_age
upset_servants
monthly_deputies
occupational_cause
perfect_worth
domestic_son
equal_condensers
obedient_boil
wonderful_road
convincing_tomorrow
tough_sweeps
emotional_typist
comfortable_regulator
gentle_guard
genuine_surprise
yellow_jails
united_lightning
magnetic_drainers
korean_toothpicks
huge_disease
alleged_shades
renewed_hands
happy_jump
gentle_chit
multiple_significance
boiling_affairs
aesthetic_miner
casual_injuries
grotesque_dioxides
key_injector
supporting_commander
comparative_transmissions
sacred_automobile
injured_managements
victorious_destroyers
scary_hitch
shiny_plastic
long_printouts
precise_lee
raw_ditch
systematic_misfit
registered_adherence
cold_bottoms
colonial_hoops
tiny_sterilizer
hon_entrapment
chosen_propulsions
increasing_hoses
environmental_overalls
prior_interaction
evil_straighteners
sick_bell
random_pistols
comparable_counselors
frightened_crop
fresh_totals
respectable_stare
thick_relations
costly_stones
essential_interchange
efficient_abuse
sudden_wrist
real_loan
crude_bins
missing_thyristors
gleaming_nines
wrong_inceptions
unpleasant_priorities
neat_lace
vital_helicopters
brilliant_measurements
dangerous_builders
underground_histories
broken_echelons
drab_bones
Sound_rugs
advisory_shadow
ok_zips
tiny_plexiglass
busy_angle
thundering_torques
arbitrary_captures
male_struts
outdoor_capabilities
concrete_chance
bitter_jurisdictions
long_unit
available_puddles
unwilling_threads
heavy_taper
unlikely_wholesale
living_plastic
teenage_sips
kind_trains
global_oaks
hostile_accountabilities
far_disciplines
helpful_tip
shiny_terminator
expected_owner
angry_galleys
kind_setting
naughty_messenger
elegant_abrasions
funny_session
joyous_aim
immense_filter
high_felt
wrong_deputies
crucial_cup
tasteless_volume
awful_positions
institutional_dopes
lengthy_submarining
sudden_screws
grubby_prime
steady_operator
cool_limps
comfortable_food
vital_railroads
sound_offers
familiar_sums
elegant_technology
strange_compressions
rolling_shelves
kind_differences
stiff_shaft
comparative_catalog
korean_solution
yellow_displacements
selected_commas
alternative_seam
innovative_inventions
loud_dip
diverse_artillery
long_buoy
big_primitives
civic_destruction
abstract_material
careful_vehicles
mobile_surprise
critical_intakes
many_cabinet
light_minimums
constitutional_hooks
round_canyons
many_master
encouraging_points
level_surveys
marine_deployment
jittery_flesh
cool_roads
soviet_commanders
intelligent_priority
embarrassed_submarining
embarrassed_currents
bored_entry
warm_desert
excessive_form
present_motions
crazy_purchaser
real_area
different_transits
confident_waste
odd_tree
living_rule
deaf_eighties
traditional_photos
willing_boresights
ashamed_size
nasty_conference
pretty_forces
noisy_bets
special_meetings
insufficient_listing
bored_process
low_quarterdecks
quiet_starts
splendid_laps
mathematical_thyristors
steep_flake
active_propose
neighbouring_prevention
big_offenses
useful_inspection
considerable_misalinements
flat_minuses
fatal_belt
causal_factors
orthodox_surfaces
well_known_anthem
violent_legend
monthly_sash
static_ditto
everyday_freights
light_batch
icy_resident
nuclear_shield
conventional_puff
continuing_relays
flexible_sewers
classical_apostrophe
aesthetic_boatswain
jealous_submissions
possible_sewer
mushy_builder
hollow_products
rough_settlements
conceptual_performance
hon_crank
electric_preliminaries
outer_nozzle
tough_procurements
gothic_manuals
nearby_chain
casual_carts
prepared_chairpersons
blue_satellites
glorious_searchlights
anxious_relocation
coloured_contributions
fluffy_acceptor
enthusiastic_logistics
ltd_weaves
agreeable_personalities
glorious_periods
assistant_standardizations
estimated_bracing
sure_turnarounds
alternative_government
concerned_subject
rolling_surprise
fiscal_check
encouraging_flange
few_housing
forward_differences
complex_reinforcement
light_opportunities
considerable_returns
yellow_volt
silent_continuity
ideal_landings
royal_camps
outdoor_addressee
quick_prices
strong_sunset
organic_coating
vocational_average
relieved_pops
varied_exercise
continental_marble
subtle_cannon
static_villages
fair_cycles
horizontal_jackboxes
strange_ponds
silky_compiler
dominant_fences
crowded_levers
initial_grooves
careful_discussions
soft_improvement
ethical_performance
historic_retrieval
occasional_moves
slow_jugs
fun_agreements
sparkling_lungs
great_symptom
conceptual_tenth
romantic_leaves
unemployed_cups
worrying_atom
shaggy_blueprints
scattered_lakes
ratty_dealers
irrelevant_pea
ashamed_codes
fierce_torque
helpful_pass
uncomfortable_mists
controlled_dependence
premier_cathodes
tender_withdrawal
intact_driver
wonderful_batteries
weak_hull
personal_sales
sound_gram
busy_options
economic_sip
agricultural_collectors
certain_camps
liable_bridges
sad_flickers
scottish_chairmen
warm_outlet
favourable_second
post_war_stopper
magnetic_diagonals
chief_effect
curly_contact
everyday_paygrades
brilliant_sockets
depressed_stators
sure_advantages
mighty_sail
productive_goal
crooked_visibilities
minimal_ordnance
rigid_season
open_ovens
sexual_maps
nasty_alibis
unwilling_occasions
diverse_medicine
forward_clearances
variable_soils
absolute_instances
light_instructors
bright_pages
helpful_panes
satisfied_warehouses
charming_act
used_turn
quick_allocations
orthodox_cuffs
quickest_chimney
loud_powders
registered_hazard
low_agent
conscious_touches
sour_daughters
influential_hisses
tall_umbrellas
tart_leaper
adorable_cracks
left_law
quickest_concern
skilled_intents
accurate_hope
injured_sirens
quick_pea
friendly_developments
unemployed_admiralties
mild_confidence
rolling_shoulder
dominant_vehicles
confused_drunks
lesser_engineer
well_known_mix
previous_railway
spiritual_liquors
uptight_fences
reduced_itineraries
sporting_halts
mighty_bay
visible_fixture
wooden_president
perfect_tan
cool_brakes
normal_tenth
coherent_seventies
puzzled_failure
eastern_fault
upset_dispatchers
ordinary_monitor
only_schedules
rapid_chambers
welcome_voids
nasty_appraisal
high_jellies
strange_tail
icy_telecommunications
eldest_percents
organisational_orifices
shiny_pistol
managerial_mass
icy_puff
brief_overcurrents
intelligent_signals
static_aluminums
monetary_burns
missing_agents
interior_technician
emotional_dash
nervous_complements
content_change
many_feather
subtle_outline
mighty_maintainability
narrow_charge
successive_focuses
worthy_percent
rapid_striker
faithful_educator
added_collections
romantic_circles
elderly_stair
significant_designators
spare_compressor
public_salutes
normal_cloths
minimal_hammers
dusty_contempt
wealthy_educators
vivacious_things
shiny_stone
different_deal
regulatory_education
terrible_terminologies
hurt_adjectives
busy_hoop
wee_catcher
realistic_knocks
noble_committees
worried_gallon
definite_company
continuing_rings
clever_swamps
simple_diamonds
extended_duties
assistant_compresses
marxist_fractures
filthy_aggravation
secondary_circumstances
strange_oscillations
mean_opinions
very_tests
angry_cases
gross_retirement
bad_specifications
ltd_lenders
marine_latch
just_amperages
imaginative_inaction
entire_memorandums
broken_miss
slippery_clearance
eager_alcohol
thorough_joints
flaky_peace
big_airplanes
patient_clothes
upset_mill
critical_radiator
divine_multisystems
wonderful_ocean
political_prefixes
isolated_vessel
strong_press
broken_comparison
soviet_dispatcher
ltd_nozzle
institutional_mechanics
perfect_bubbles
relaxed_eliminator
alright_paws
permanent_traps
inquisitive_silence
geographical_legend
theoretical_log
harsh_location
high_pitched_tricks
sweet_bridges
ancient_button
hollow_dimension
shiny_depletions
following_outfit
involved_pay
wise_parcels
english_bristle
marvellous_dividers
ordinary_places
spare_twin
furious_disabilities
vast_bars
cuddly_plots
angry_gap
visible_models
consistent_prompts
secondary_harbor
slight_component
eager_tailors
middle_procurement
tasteless_sling
different_pool
pure_residents
severe_diagnostics
shrill_batches
coastal_sunday
impossible_gap
encouraging_drop
increased_sleeve
comparable_schoolhouses
strong_fathom
mighty_battle
tart_paragraph
casual_aim
fluffy_releases
solar_ponds
quickest_delimiter
ultimate_balances
binding_trails
artificial_dispatcher
encouraging_breeze
sole_stamps
christian_increments
forthcoming_longitude
polish_hoods
lesser_researchers
communist_ammunition
organisational_tag
resonant_alcoholic
friendly_speeches
small_halt
juicy_bends
horrible_slash
wandering_piece
managerial_sill
added_fight
important_soups
motionless_loads
senior_sundays
expected_volts
anonymous_driller
eager_isolation
confidential_mothers
distinct_dust
loose_curl
rich_columns
successive_collector
appalling_boot
famous_fireplugs
feminist_accordance
tight_translator
vivid_fasteners
lonely_january
compulsory_cliffs
combined_hubs
enchanting_terminator
armed_hardware
fresh_reenlistments
ill_plots
steep_crowds
secure_intake
yummy_aircraft
rich_stock
continental_ribbon
northern_cases
adverse_accomplishment
disabled_azimuths
general_admirals
aware_need
native_spill
eventual_radius
palestinian_misalinement
stingy_pilots
scientific_vents
defensive_breakdowns
psychiatric_blaze
strange_warranties
accused_authority
artistic_mittens
strict_dollar
renewed_messes
vital_workload
green_catches
wee_wax
australian_surface
better_vision
responsible_verification
uncertain_annexs
interior_front
promising_kiloliters
modern_relief
dull_units
linguistic_task
residential_runways
chinese_thermometer
conservative_passbooks
soviet_convention
representative_belt
zealous_alarm
loyal_closure
soft_influence
classical_hit
helpful_jug
repulsive_runaways
marked_surges
conservative_subprogram
supreme_requirement
pale_girls
middle_class_parenthesis
zealous_sums
short_misalignments
rich_integers
academic_codes
intense_instance
underground_sticks
european_finishes
unconscious_flames
capable_cuffs
lonely_secretaries
contemporary_boosts
dull_appeals
remote_cockpits
unusual_cruisers
solid_blots
fancy_chattel
educational_skills
delicious_lips
surprised_commission
glad_streams
obnoxious_chairpersons
coloured_watches
testy_duplicates
lonely_event
ultimate_multiplex
striped_span
dizzy_tugs
scornful_electrodes
unable_tracker
giant_tourniquets
lonely_recommendations
bright_electron
many_station
scattered_marble
supporting_rain
tricky_interest
vivacious_accusation
breezy_square
gastric_inlets
fundamental_orifice
leading_swaps
intelligent_examples
protestant_arches
religious_antennas
flaky_compressions
red_demonstration
sudden_wonders
favourite_formats
sharp_briefing
latin_grounds
late_slaps
geographical_admiral
precious_circumferences
fat_saturdays
husky_coin
striped_ones
acute_deficiencies
main_wheels
prior_passes
superb_rowers
harsh_desertion
stormy_road
enthusiastic_toothpicks
changing_increase
fundamental_nines
future_choke
cold_bulkheads
full_time_weights
delicate_triggers
creative_throttle
big_checkouts
empirical_images
additional_dispatcher
clear_rivers
tense_inspections
ridiculous_blankets
surprising_ingredient
printed_designations
working_dimensions
strict_icing
exuberant_hum
nineteenth_century_commander
distinct_shovel
used_meter
institutional_candle
cold_memorandum
raspy_crop
occasional_discount
generous_spades
successful_discharges
slippery_lifeboats
civic_rejections
unfair_mosses
specific_saps
biological_exhausts
busy_plant
new_friction
silent_allocations
nervous_publication
horrible_legends
strange_maximum
shared_post
delightful_cab
able_individuals
low_armors
homeless_alloys
lazy_pronoun
traditional_rush
rotten_disadvantages
whole_files
unknown_gangways
competent_raincoats
abstract_requisitions
scrawny_hotels
judicial_swimmers
cultural_year
precious_sex
western_leap
creepy_packs
delighted_promotions
coloured_february
bold_gleam
mechanical_mailbox
calm_swimmer
splendid_fishes
big_messages
clean_flare
social_semicolons
unfair_compressions
victorious_skins
elated_rigging
green_voltage
fast_purchaser
faint_resolution
curious_assignment
dusty_utilities
bewildered_disabilities
practical_choke
vague_amplifiers
motionless_morning
fatal_crewmembers
cruel_status
handsome_cans
appropriate_exhausts
modern_top
puzzled_office
conceptual_rifles
different_fare
uneven_theories
empty_courtesies
immense_commitment
previous_blazes
ugliest_seamanship
little_slate
stable_airships
old_cell
awkward_humor
unusual_batches
instant_milligrams
scornful_mountain
ashamed_chapters
outside_dangers
mad_wave
intensive_cone
hungry_watches
anxious_eases
attractive_refurbishment
professional_journey
flying_livers
overseas_byte
grand_brackets
drab_photos
vertical_stuff
shiny_grasps
distinct_fares
tall_pistol
verbal_splice
tight_sap
pink_transportation
superior_attacker
deaf_cracks
shiny_fastener
crooked_evaporation
naval_decoders
muddy_trade
innovative_settlement
decisive_wire
glamorous_publication
strong_sets
whispering_seasoning
applicable_authorization
alleged_legend
fast_grades
plastic_ear
promising_swaps
friendly_briefings
famous_bins
different_mercury
colorful_destroyer
misty_rowboats
fixed_subjects
deliberate_tar
average_hickory
excellent_kill
beautiful_thursday
entire_income
middle_class_pipes
explicit_splashes
fancy_procedure
dreadful_worm
past_sinks
faithful_menu
red_tasks
slow_huts
comparative_thickness
costly_crop
quaint_ride
known_exchanges
running_drains
mysterious_store
zany_call
clumsy_classroom
sheer_rugs
perfect_whistle
curious_vessel
gradual_chairpersons
fresh_waxes
weary_stem
modern_escape
helpful_dangers
clever_cut
american_matches
local_peace
linguistic_sentry
mathematical_fold
lazy_accordance
rare_vices
ugly_rig
satisfied_heaps
steep_combs
reluctant_clay
calm_stage
bad_researchers
relieved_assignment
odd_waist
visiting_spares
flaky_butter
deaf_maps
redundant_manpower
novel_yolks
hungry_showers
medieval_tin
teenage_footing
alive_aluminums
protective_checkouts
isolated_hem
excessive_clerks
subjective_ceremony
married_servo
meaningful_authorization
wide_eyed_verses
live_alternate
teenage_feather
global_swabs
greek_insanities
psychiatric_gasket
military_swallow
rough_lenders
few_superlatives
important_song
outside_firers
very_blurs
outdoor_strokes
premier_libraries
leading_matter
related_lime
premier_workbook
specified_weapons
zany_payroll
surviving_completions
noble_highline
brave_stowage
sensitive_researchers
dirty_profits
misty_ideals
arbitrary_propose
crazy_howls
armed_winches
overall_lungs
blind_stool
theoretical_counsel
homely_electrons
central_grade
middle_class_latches
creepy_schoolhouses
lovely_tactics
negative_steeples
colossal_apples
handsome_pear
worried_farm
clear_violet
golden_residue
soft_reports
missing_caution
causal_greases
magenta_nations
informal_key
italian_deletion
greek_harness
tropical_junk
obliged_son
stuck_leapers
glad_dynamometers
bright_subtotal
big_qualifications
noisy_mechanisms
ugly_funds
reasonable_nineties
appalling_hand
exclusive_blot
labour_leggings
parliamentary_wafer
comparative_lessons
legislative_discrepancy
slippery_jail
alive_mention
silent_sip
shiny_flap
witty_observations
appalling_hulls
excess_citizen
hostile_executive
roman_scales
reliable_nylon
gross_advances
alert_densities
desirable_rake
delicate_pipes
long_tables
uncertain_vice
working_mine
voiceless_capacitance
objective_honors
remarkable_scale
partial_overcurrent
slim_anchor
prickly_sleeves
accepted_gates
short_term_endeavor
screeching_bite
occasional_barrels
principal_motel
profound_portion
long_term_gage
consistent_linen
conservative_hit
broad_college
leading_publication
classical_apprenticeships
payable_cars
aggregate_ones
uneven_nights
chubby_statement
qualified_cheaters
british_mess
outside_quality
annoyed_delegates
grand_auditors
coastal_employee
constant_weights
other_canisters
labour_apprenticeships
magenta_sample
curious_halves
russian_organ
whole_airports
independent_extension
sympathetic_staples
wandering_tick
required_admirals
major_growths
bitter_tapers
elegant_anchors
salty_observations
profound_balloons
embarrassing_coats
premier_escape
diverse_gear
alive_emitter
bizarre_dynamics
outrageous_subfunction
adjacent_ventilation
proud_dolly
continued_wines
formal_shadows
unique_blackboards
clear_fruits
mild_connection
mean_component
fundamental_loaf
ridiculous_tunnels
closed_freezes
technological_gram
dangerous_hunks
outdoor_can
appropriate_merchandise
compulsory_breach
fierce_malfunction
invisible_nerve
innocent_strike
daily_pit
dark_boots
broad_progress
persistent_buckets
civilian_quiet
industrial_fellows
cool_relationship
worthy_wholesale
administrative_routine
straight_curves
managing_creek
proud_mints
terrible_peak
straight_thousand
scottish_ball
uninterested_receipts
warm_lessons
thundering_checkers
generous_entrapment
rich_cents
diplomatic_spill
hostile_letters
bare_city
junior_shipmates
shallow_floors
artificial_addition
energetic_terminations
salty_day
urgent_compensations
patient_hangars
sexual_pool
wooden_relay
probable_claws
blank_nickels
happy_stool
wonderful_back
mass_strands
hostile_mate
blonde_haul
likely_shift
unusual_choices
clever_evidence
rear_oranges
mean_jeopardy
superb_grids
wasteful_rations
sure_moistures
hon_rowboats
many_deaths
wide_eyed_eligibility
polish_reservist
managing_adhesive
busy_pleads
qualified_spar
wide_eyed_representative
appalling_relay
cautious_signalmen
blue_composition
hon_diesels
stupid_handful
joint_libraries
burning_circuits
obnoxious_greases
bewildered_laws
efficient_morale
appropriate_howl
elegant_decibels
global_offense
wooden_application
shiny_configuration
weak_dealers
assistant_leggings
steep_list
improved_efficiency
occasional_buoy
stiff_ejection
normal_flight
motionless_offer
private_sets
determined_restrictions
pale_boxes
great_stripes
apparent_needles
violent_swivels
surprised_clothing
light_bin
worried_adjectives
so_called_principals
outstanding_taxi
effective_case
subsequent_fishes
intimate_overcoat
burning_cylinder
live_bushes
diverse_programmers
shrill_decorations
redundant_azimuths
nice_visions
great_hotel
subtle_sample
convenient_mind
fantastic_publications
magnificent_convention
thoughtful_drip
average_inferences
ancient_seam
electrical_request
anxious_ringing
artificial_back
comparative_navigations
fond_verse
willing_acids
soft_buds
helpful_mates
renewed_pints
unaware_grant
evolutionary_elbow
magnificent_attachments
empty_stoppering
hungry_cup
jewish_types
full_tears
european_calculators
sad_strengths
plain_probabilities
ready_smashes
purring_beginners
swiss_club
miserable_merchant
huge_doubt
scrawny_drums
odd_schoolroom
vocational_paragraph
printed_deduction
random_line
elaborate_opposites
collective_sister
american_contamination
homely_medals
anxious_cliffs
liberal_ounces
thoughtless_coordinate
wicked_substances
tasty_warfare
marginal_warehouses
outstanding_attribute
right_boards
disciplinary_sleds
short_cheats
identical_pistols
scattered_bus
linguistic_tapes
high_remains
regulatory_stone
plain_wash
quiet_cot
palestinian_propulsion
wide_setup
long_twin
exceptional_strip
petite_magnet
tall_introduction
polish_cathode
beautiful_attack
clear_cottons
live_construction
delicious_dittos
bottom_apple
accused_craft
creepy_policies
tame_coal
curved_journeys
rainy_tendency
mute_advertisement
experimental_canisters
green_orders
sweet_background
valuable_discards
adorable_acquisition
integrated_certificates
supporting_awards
vast_ending
agreeable_body
powerful_whispers
annual_steeple
minimal_cruiser
frightened_faults
troubled_countermeasure
current_reconfiguration
sure_messenger
sleepy_resources
unhappy_wastes
disciplinary_broadcast
ambitious_sugar
awful_fixture
efficient_chain
prickly_cylinder
missing_flower
breezy_shares
structural_world
direct_accomplishments
round_poles
mighty_manifests
subsequent_purges
royal_doorknobs
metropolitan_armfuls
suspicious_hose
gentle_surveyors
islamic_rowboat
continental_humidity
helpful_dimensions
curious_equipment
roasted_sod
musical_litres
full_time_fifty
toxic_subprograms
heavy_flares
defeated_props
fair_readers
right_compliance
unexpected_splitter
homeless_checkout
particular_debts
useless_prop
generous_recruiter
ltd_vectors
super_halt
retail_necks
bitter_revision
unlikely_impact
well_failures
private_frigates
moderate_rollers
fuzzy_overcoats
smooth_property
key_fences
respective_sister
right_root
continuous_negligence
strong_swamp
lonely_varieties
instant_coder
reluctant_classrooms
charming_giants
stormy_file
nutty_cause
crucial_sponge
satisfactory_stoppering
double_nods
hidden_sailors
fortunate_departments
mere_alternation
close_bullets
fellow_examinations
junior_latches
adequate_dam
worried_deaths
patient_crime
cautious_silver
digital_jeopardies
female_submarines
favourable_response
horrible_area
fascinating_proofs
expensive_mounts
brief_bilge
orange_volts
new_backup
remaining_raincoats
evolutionary_angle
parallel_charges
standard_loads
angry_bronze
plastic_gland
adequate_discontinuations
wide_meter
big_quartermasters
key_weeds
green_shows
integral_distributions
tight_handwriting
natural_juries
shy_antenna
mental_connection
metropolitan_copies
empty_view
tender_semaphores
medieval_squeaks
long_installation
global_reactance
male_partition
biological_burn
lovely_mates
registered_fabrication
abstract_figures
immense_sequences
pregnant_convenience
sleepy_lifetime
gradual_bails
social_occurrence
social_actions
marine_watts
poised_blackboards
available_mosses
red_round
criminal_fashions
conventional_thing
bitter_arms
objective_superstructures
creative_slides
scary_polisher
overwhelming_pile
naughty_strands
complicated_projectiles
clean_affiants
manual_motions
profitable_cycles
robust_substance
disastrous_energies
evident_presents
economic_yolks
busy_background
long_tack
fine_tax
tender_binders
uninterested_substance
logical_initials
eligible_software
cuddly_slaps
contemporary_nights
shy_rejection
tart_win
new_reproductions
rigid_vines
moaning_felt
allied_forecasts
religious_alphabet
stupid_pops
added_minority
puzzled_circulations
long_stabilization
grumpy_parachute
good_stitch
gorgeous_valleys
private_processors
determined_crime
helpless_salts
instant_helmets
broad_displacement
happy_levers
magnificent_hushes
elated_spoon
striped_bus
unconscious_destroyers
combative_engine
blushing_disasters
uneven_diaphragm
technological_smokes
gorgeous_fallout
ambitious_laugh
welcome_drags
operational_henrys
conscious_courts
encouraging_couplings
better_goggles
rapid_shortage
absolute_enemy
furious_cakes
autonomous_alternation
distinctive_reactions
sheer_liter
fancy_knee
independent_rumbles
entitled_daughter
purple_nation
strict_versions
added_interests
successive_books
smart_bar
minor_governments
upset_flickers
neat_release
wide_crew
sorry_twirls
healthy_calendar
quiet_totals
grim_platform
ministerial_compression
circular_worksheet
amused_holds
experienced_walls
firm_howl
charming_acronym
good_majors
sticky_interfaces
marine_speed
hot_market
optimistic_rotations
plain_project
straightforward_hate
thoughtless_frequency
thoughtless_destroyer
rotten_prisons
real_demonstrations
hurt_manufacturer
rainy_humans
usual_tooth
welsh_basin
unwilling_pans
injured_breeze
chief_tune
intimate_confidences
blank_hub
realistic_math
above_shears
random_scopes
excess_signs
black_chest
tart_cough
dry_selectors
related_generations
purring_signal
balanced_countries
distinctive_acres
curious_footing
ugly_transmittals
sweet_embosses
intense_fifties
awkward_cycles
diplomatic_glides
impossible_rollout
corresponding_direction
conventional_breaches
frail_puddles
occupational_apple
dry_reservist
chilly_benches
disgusted_grades
welcome_flashlights
impressive_distresses
different_thins
cruel_opinions
super_miss
supporting_inspections
circular_diaphragm
korean_energizer
architectural_buttons
technological_sweeper
lexical_appraisal
spotless_lent
puzzled_airfield
probable_machines
middle_reservist
classic_kilometers
excellent_stretches
tasty_injector
precious_wages
right_stress
australian_heaps
uninterested_possibility
stiff_rights
pleasant_supply
expensive_parity
brown_loans
delighted_drifts
natural_turnarounds
colonial_languages
alternative_drinks
nutty_dolly
wet_checkpoints
cooperative_garden
formal_fish
kind_projectile
territorial_equator
super_implementations
random_propellers
formidable_escapes
huge_spring
comfortable_knocks
swift_projectiles
disturbed_variety
hidden_lapses
cultural_halt
marine_brooms
damp_states
interesting_clicks
controlled_sort
english_weapon
solar_punishment
effective_milestones
preliminary_sod
complete_remains
noisy_pine
different_tide
electric_clap
doubtful_navy
worldwide_curvatures
bizarre_award
miserable_tones
fit_ream
common_practice
defensive_hairpins
hurt_dials
impossible_surplus
valuable_laps
particular_tooth
necessary_clips
wide_degree
clever_appellate
lovely_file
light_detonations
entitled_tin
managerial_sharpeners
crooked_drift
specified_file
happy_classes
intimate_leather
disabled_scales
active_delimiters
impossible_appropriation
dear_issues
outstanding_whips
retired_mistakes
direct_sneeze
lonely_planes
general_nines
naughty_desertions
beautiful_arrangements
curly_narcotics
funny_silk
fair_subsystem
foreign_pier
firm_dares
judicial_dwell
urban_debt
unaware_knowledge
improved_shirt
beneficial_sevenths
filthy_formulas
ugliest_peg
nervous_doorstep
residential_confusions
institutional_mirrors
light_equator
puny_foam
principal_evenings
handsome_procedures
jolly_coordinator
profitable_dollies
front_stage
bad_forks
christian_barge
continued_decorations
quick_officer
given_meters
registered_puffs
invisible_strip
ashamed_others
slow_bulbs
major_women
diplomatic_intent
civic_form
advisory_birth
gigantic_destinations
marine_raincoat
concerned_settlement
decisive_artilleries
autonomous_desertions
closed_falls
conscious_ingredients
comprehensive_coals
incredible_electrolytes
stormy_edge
short_command
whispering_parties
witty_flaps
coastal_destinations
agreed_reveille
racial_human
general_ray
big_kill
interesting_mat
plain_mug
alive_slaps
sophisticated_numerals
genetic_bandages
tired_switch
deaf_owner
hollow_stitch
deep_timers
weekly_selection
lengthy_features
german_chairmen
like_cap
productive_injectors
underlying_box
active_boils
intact_nature
foolish_programs
sad_carburetors
new_bud
far_transit
sudden_fists
varied_additive
random_envelope
indian_effectiveness
educational_stretches
striking_brains
great_azimuths
outstanding_compresses
respective_waxes
female_colon
ordinary_diary
courageous_educators
crude_birth
brave_calendars
only_depots
swift_sponsor
feminist_nonavailability
anxious_liver
cheap_flashes
innovative_messes
happy_waxes
varying_radiuses
tasty_lens
rival_catches
previous_hatch
subsequent_civilians
curved_misfit
conscious_sexes
many_boats
creepy_misfit
crooked_allegations
asian_jackets
dull_deployment
fantastic_rumbles
ethnic_compiler
civic_ices
sacred_police
filthy_discussion
appropriate_breaches
kind_hut
dependent_signatures
glad_calorie
ashamed_form
muddy_integers
historical_wagon
short_signatures
mental_beacon
rotten_downgrade
distant_combs
french_increment
architectural_cries
shallow_segment
small_counselor
intimate_hubs
happy_rushes
smoggy_twists
dramatic_washtubs
regulatory_attack
negative_soldiers
faint_pick
dry_divider
forward_spar
interior_arrows
available_society
complicated_facepieces
smooth_shaft
protective_shift
grubby_deals
disciplinary_custody
living_donors
sufficient_total
amazing_bonds
intimate_model
real_drug
many_bow
numerous_benches
ltd_file
immediate_width
orthodox_walks
rational_touch
dead_berry
standard_skin
intact_buckles
awkward_sheets
melodic_arches
persistent_haul
devoted_revision
sole_leaper
ridiculous_cities
artistic_latitude
ltd_nomenclature
efficient_horns
comfortable_reenlistments
smart_brightness
exceptional_tips
scary_drill
applicable_ceremonies
dead_voucher
Sound_alignment
constitutional_reams
intellectual_week
disastrous_subprogram
worried_states
confused_drive
better_limp
cheap_monitors
optimistic_security
spicy_peas
civilian_ladders
integrated_boiler
silly_offense
persistent_shot
rich_leaf
dead_collection
husky_badges
joyous_elevation
incredible_basics
little_sides
passing_half
bitter_excesses
mute_suspects
glorious_saturdays
specific_returns
narrow_crust
essential_addition
bewildered_remedy
explicit_situations
roasted_life
naval_yields
sound_helmsman
electrical_zeros
developed_cottons
awful_assignment
western_bottoms
nervous_chapter
electoral_lace
gentle_shirts
unfortunate_tar
modern_profiles
broad_armory
dangerous_centerlines
early_compliance
super_alibi
upset_hitches
eerie_crowns
unusual_braids
round_thirties
very_glands
eastern_prisons
essential_wall
detailed_cycle
principal_recommendation
combative_hole
spare_peak
usual_poles
sensible_allowances
hushed_growths
marvellous_float
fine_rate
nice_doorknobs
bored_rings
unusual_weld
lovely_hits
little_accounts
individual_shipmates
marginal_swallow
racial_crusts
naughty_smiles
sexual_letter
catholic_addition
changing_percents
substantial_fishes
old_fashioned_end
rigid_bolts
sufficient_condensers
impressive_locker
dull_dealer
fun_representatives
outrageous_autos
loose_proofs
powerful_pushup
mammoth_replenishment
autonomous_thunder
curious_tire
civilian_antennas
fantastic_letter
middle_total
pink_deeds
architectural_cans
appalling_river
monthly_aluminum
scornful_judge
obnoxious_discounts
individual_evenings
lonely_diagonals
white_wrecks
compact_heels
unconscious_swing
cruel_foreheads
contemporary_hulls
harsh_bather
ministerial_upside
long_magazine
wonderful_air
slippery_printout
resident_compounds
compatible_subprogram
living_clay
uniform_lake
olympic_moves
comfortable_arts
hissing_loudspeaker
original_creek
universal_servants
complete_assembly
strategic_egg
parliamentary_drums
ministerial_trap
decisive_slits
above_repair
future_freight
blue_quart
quiet_wagons
dusty_action
colorful_waterlines
upset_land
overseas_sunrise
magic_issues
helpful_soldier
progressive_bails
advanced_face
dear_probabilities
universal_drop
excellent_hisses
cheap_limes
feminist_containers
rigid_fashions
bitter_delegate
fixed_surrenders
soft_talker
interior_fluids
agreeable_compasses
homeless_prop
parental_births
peaceful_punishment
significant_examination
governing_direction
tired_vices
married_activity
sure_interruptions
near_advantage
short_algebra
indian_regulators
irish_bowls
correct_continuity
rational_jail
provincial_instructions
managerial_engineering
territorial_dusts
mean_drydocks
hurt_wings
meaningful_morphine
fast_looks
regulatory_applications
varied_address
cold_calories
coloured_decoration
automatic_formula
judicial_rule
spare_people
empty_buses
determined_friction
patient_reluctance
early_clump
gentle_vessels
naked_justice
respectable_defeat
tall_heat
nice_additives
embarrassed_hunk
selected_cliff
frequent_flags
wet_guy
boiling_activity
successive_value
crazy_classifications
compact_sides
marvellous_cottons
sad_concentrations
tragic_inductance
encouraging_harness
impressed_oven
just_routine
doubtful_feeders
liable_durability
encouraging_sharpener
cooing_schedulers
absent_recesses
crooked_transformer
nasty_nozzles
intensive_damping
outrageous_initials
advanced_linkage
curious_schedules
new_reactions
marvellous_aliases
dizzy_saddles
northern_action
contemporary_grain
hissing_feed
right_execution
diverse_halt
spicy_degree
prickly_hope
innocent_game
sudden_donors
great_thyristor
full_time_ejection
head_medicines
voiceless_calculator
nursing_altitudes
back_roadside
innovative_propellers
steep_buckle
short_term_receipts
diplomatic_firmware
nineteenth_century_license
alternative_electrodes
moral_worksheet
mechanical_ton
fluffy_signature
uneven_worm
numerous_warships
encouraging_custodian
resulting_shift
fundamental_deeds
secret_debt
sole_rejections
wet_airports
petite_processors
professional_procedure
exuberant_processors
slight_star
surviving_bundles
scientific_percentages
cool_adverb
dead_kiloliters
calm_stencil
intact_feed
partial_voices
surprised_capacities
wide_exhibits
neat_dope
active_hunks
right_freshwater
molecular_volume
average_electricity
mammoth_juries
parliamentary_primes
impressed_hilltop
numerous_responsibilities
frightened_adherence
still_shower
recent_trims
respectable_guards
determined_posts
deliberate_latches
unaware_regret
modest_jurisdictions
used_sexes
increased_picks
interesting_images
dry_stake
awful_arrangements
actual_saddles
plastic_pile
french_residue
marvellous_losses
dusty_platforms
ambitious_discharges
clear_programs
passing_beacons
dull_destruction
dynamic_tricks
hungry_gangs
exclusive_cries
particular_notation
chinese_rushes
big_centimeters
positive_writer
expected_minority
scattered_removals
extreme_distributors
yellow_batches
misty_opportunities
raspy_features
hostile_parachute
violent_churns
unacceptable_revisions
enchanting_protest
assistant_beaches
casual_tension
junior_site
principal_honor
ethnic_marble
artistic_necks
grey_pass
middle_class_legends
severe_centimeters
confused_pronoun
individual_fluid
inappropriate_destinations
unsightly_opportunities
involved_gases
raspy_interviews
incredible_poke
definite_ignition
dying_bonds
korean_cleat
inc_storage
tame_skill
sweet_aluminum
silly_washes
welsh_hulls
controlled_flight
juicy_meats
social_lapses
precious_flash
fresh_nod
principal_twins
normal_tours
wasteful_storm
sticky_discontinuation
nervous_scene
chief_bubble
selected_boxcars
beautiful_toolbox
kind_interrelation
continuous_lees
unable_cloudiness
giant_ratios
constant_variables
sole_arches
weekly_subsystem
panicky_possession
regional_touch
canadian_bushings
whole_shave
deafening_fare
mild_surges
comfortable_thousand
fortunate_warranty
inner_drives
inclined_navigations
coming_blade
lovely_math
victorian_tanks
multiple_angle
cute_brooks
poised_attesting
silent_figures
stingy_hilltop
constant_sunrise
sporting_copper
severe_hundreds
secret_tugs
frail_stitch
lengthy_bean
melted_accruals
abundant_nature
powerful_surveyors
acceptable_brooks
static_fantail
fair_housefall
eerie_stocks
friendly_subdivision
sunny_blanket
imperial_condensations
dusty_product
integrated_separation
capable_crown
korean_accountabilities
ltd_waters
involved_silence
english_stocks
fragile_books
thorough_swamp
passing_counts
grumpy_sill
changing_occasions
established_amplifiers
little_regulations
arab_canyons
canadian_trailers
dusty_path
misleading_installation
intermediate_admirals
tremendous_highway
front_attackers
warm_compiler
careful_limp
different_diseases
misleading_income
primitive_curvatures
cruel_accumulations
shocked_leaks
metropolitan_pegs
close_compromise
innovative_arc
wicked_screams
ratty_perforators
blind_sweeps
wooden_statements
architectural_sharpeners
eager_rack
outstanding_mosses
horrible_sponsor
super_beach
breakable_amusements
dear_hauls
odd_wardroom
hurt_cargoes
independent_signalmen
glorious_discrimination
successful_alkalinity
moral_withdrawals
shy_attempts
primary_cosal
known_knob
fat_flake
naked_kicks
doubtful_statement
sick_vent
sunny_dresses
canadian_public
elaborate_convention
plain_staple
delightful_self
intense_pitches
rare_keys
dreadful_limit
secondary_forehead
comfortable_platter
subjective_yaws
tragic_densities
strange_accident
closed_excesses
controlled_associates
total_threes
ugly_carriers
naughty_sights
spontaneous_forts
red_pins
afraid_element
grubby_arms
nursing_eves
relevant_bombs
poised_checkpoint
excess_drawer
controlled_flames
well_known_soils
maximum_ticks
deep_molecule
coastal_casualty
historical_integrity
verbal_usages
painful_generator
productive_apparatus
prominent_indexes
dull_compass
brief_organization
local_lake
principal_presumptions
painful_uniforms
helpful_twig
high_thermometers
brave_saving
peaceful_cell
scientific_stick
tricky_decreases
spicy_fruits
grumpy_paint
flat_interpreter
creepy_procurement
subtle_generators
quaint_showers
subsequent_gloves
curved_silicon
like_wiggles
straight_henry
criminal_rudders
imaginative_chairs
courageous_pocket
anxious_crawl
round_weaves
late_wave
panicky_dissemination
harsh_amperes
video_taped_majorities
important_liberties
contemporary_grease
anxious_components
witty_telecommunications
passive_pine
beautiful_arithmetic
important_quarts
kind_counselors
aesthetic_sting
feminist_clump
unlikely_asterisk
american_powder
verbal_bag
nasty_business
printed_supervision
unknown_military
immense_activities
aggressive_posts
worrying_junk
clean_engineering
round_sex
harsh_inventory
panicky_hint
diverse_drives
detailed_implements
skinny_reconfigurations
unusual_progress
statutory_sponges
helpless_hilltops
acute_mist
positive_submarined
ethnic_quiets
successful_cements
dangerous_seals
established_jack
crooked_defense
technical_sewers
unemployed_groom
still_spools
courageous_sonars
defensive_neglect
friendly_drink
unconscious_anchor
verbal_stocks
painful_comb
doubtful_disasters
glad_formations
increasing_elections
tense_thirty
distinguished_triggers
high_sole
mysterious_targets
deep_resistance
dangerous_accumulation
bare_mineral
fascinating_ordnance
careful_shirts
thirsty_sites
hostile_technician
cautious_confession
flexible_aptitudes
promising_alcohols
successful_ally
rich_turnarounds
ridiculous_trial
satisfied_fashion
conservation_customs
different_irons
rare_designation
modern_oak
uniform_elections
foolish_variation
significant_practice
naughty_class
furious_sterilizers
precious_properties
fine_blades
sexual_bubbles
thoughtless_debts
clear_interchanges
