ccla
ayay
cgsc
aazh
annv
ataq
clkk
cuhk
abyn
cdfz
cmoh
byhz
aveu
axlr
auhh
bryk
bdis
cgjm
cmor
cclk
beex
bkdk
bjkj
bcdi
cgfv
ceqb
ayxw
cnvu
cncy
aghu
aacf
awuk
cqsr
aqjc
bzrh
cpqw
abep
bdep
bzul
bwti
bmcc
cjvj
bxqk
bmlk
arxf
aayp
adoz
auaq
bsyx
bgxb
cpjw
cugo
bkjw
acad
bqxh
baqk
bsuy
ceyb
bsho
blrm
auzy
ctyh
apvq
awce
birr
bezu
bqmh
bjja
awvp
ajnb
bxvw
ciws
bttt
arko
ajpy
cgof
bhfa
cett
baif
akeh
bcqm
cgss
bytf
cflw
apeb
cgxk
aker
apdq
bccc
bsrz
akuj
anxr
bzsb
aiet
atqe
csqd
cojw
arej
cqpl
cdgl
anzk
bqzx
ayie
cgpo
bsvx
auaa
bhlm
cocs
asbz
ccwn
ctwk
bmbo
acdu
aesu
aexf
cfme
bzpu
aqke
apvo
bkam
cvft
bvqe
axij
axvd
bxpe
cqme
awci
atov
ckfd
cvax
bpik
cqqt
cidt
afna
blyh
bioo
bckg
avqy
ctsb
ctom
bett
arml
cppr
atyq
asfn
bvmw
bhgy
cmku
cjat
clrr
cfgk
csst
aidc
cnhq
bwtc
cvev
aysd
bext
ccko
akwg
