AY6
DnY
Dn1
HDD
HDP
KkA
NMX
NWd
KQh
CE7
CkB
Clz
DXk
ENg
H4_
NHg
MxU
Jpl
FGe
F5j
KKv
NWp
KnJ
EbJ
Fqp
Ixv
JEW
KVT
LFn
LV5
Dkr
FQr
Jhk
B1d
DZz
AUB
CSI
CfU
Eqn
GTD
I2u
K4K
KLS
MDf
KU4
DUp
Eyc
Aun
BTO
CMD
GJH
GOM
IV1
I50
Lyn
Hp_
MWt
AhA
F4m
G_g
GcX
GqG
Jvp
KN0
L4b
ND_
ACz
BD9
AIC
A1F
B1Q
CVT
Efv
H2C
IO_
JJ9
MVt
N4K
D69
LKC
Ld2
Llg
MmN
NRs
Anj
B4b
C8j
DUP
Hxq
Ibz
Kb9
LQ4
NjB
DXl
C8w
IZH
BLr
Eru
Fkt
Hkp
JD3
JEN
Mp5
JXS
AGR
Dtz
DO8
IJY
J5I
J86
N_q
BHt
CBy
Gec
Gfx
LMu
Mdf
EZ7
CuK
I6F
IC4
Hvs
BSL
NYX
G6j
AQo
JsD
Kyf
GAo
K0U
GmZ
Alf
CnW
EzI
IHc
JG3
JVW
K8z
MCQ
Myo
Anb
C0p
H4g
I62
BUg
DHD
EKS
MAJ
N1e
Idi
NUp
F0Y
D2D
Fkz
JXU
Jf4
Lou
NqU
EFa
C42
DRi
EBO
FPQ
Gs_
J1z
JlS
JtP
Edl
IOg
N2o
AKQ
D5s
FDO
HZM
C5a
KJw
Mlc
N81
Hn2
FlP
Dmd
LRa
EPC
JUz
Blp
JVU
JaZ
LIj
Luu
Mtn
ADl
CWt
F5u
Fdt
MgS
Mks
NoG
A1u
BCj
Blb
GJx
GQd
JUE
Mwl
Bpz
C1k
MH0
FM9
Iq9
BKs
IhC
Cab
DFr
D8b
EQM
EtK
FrD
H3P
KK4
LHC
DAy
BXm
FpK
DpD
HW2
Hww
Doh
EVc
Grl
IVg
JMz
MHR
MzS
B8B
BoA
Cja
Lrv
CZ_
Ef3
F_q
Ft5
I_1
Jzi
K0d
Jv8
ASd
LMq
NRz
KZm
FIe
Abs
AVN
Ayh
CAS
Di4
J04
KCN
NAx
NJx
Bw1
H2l
Jqa
Iwa
Lcg
DMP
Hig
ERe
ADK
AZ6
B_O
CHB
F8O
IU9
KQL
LbG
MPo
LB7
BJZ
KKx
Gbd
AmU
AqC
CKh
HXV
N3K
D2S
I0R
JBe
KXg
A5D
NiU
Azu
KzQ
DYE
CBP
JxH
K9g
Jzx
Ei1
C9_
FQg
HLb
Bmf
Njq
JqP
A3E
MO8
GTU
Djb
ARc
Axf
G1J
JTR
Nan
L8Y
KiL
FZ3
ASv
B7g
Hc9
Hzs
Jua
MAw
Azz
EUI
MJ8
GBY
AvS
Dp5
E4x
AE5
BuX
ECb
BTZ
DmK
K8L
MOQ
Cnk
Gt_
GsT
Hnj
AXa
CJp
C6N
IUg
Jmz
MOo
Ms1
JbL
Bj_
Bck
D5c
NC8
BJh
Nek
Jxp
Guj
LD5
GcR
KhL
DrH
D7z
Br1
G1e
IDS
KAL
MIa
ACk
ARL
ATF
CDV
GaS
J34
DZB
I4n
IoS
FMo
NkQ
IQO
COb
DRl
EFk
GdB
IPD
JOO
LFx
LZr
MQY
MZ7
KC1
JPv
Dx_
IW4
Ekb
FCJ
FUD
Czd
Cvf
F8S
HvI
K9c
LAo
IW_
N_h
Gko
H6a
Huw
Idt
Knn
MYO
MjE
Nnx
KXA
JTI
GVW
AJW
AUR
DEo
F8B
FqB
H5y
ExL
CGK
FpE
J1k
ICy
EGx
H_E
N78
Jgj
Nph
DhJ
CEs
H7u
Ch0
IgN
Ih9
FKF
MQn
Exe
L1Q
CDF
FAz
GRF
Hon
IJr
LON
Lbw
Mnc
NqJ
C20
Bj0
DhN
CYA
HYP
IuD
JQo
JzU
MJA
Ayy
GbZ
GQU
Deg
GdV
FaT
Dc9
K2y
IgK
Iyx
AqS
BE0
C3h
Exx
LRG
N_Y
Ijq
BSz
BnY
M7n
K47
MFZ
DtP
ITL
KNd
Ato
DVk
KGF
N2M
EMl
DZx
GEe
LtE
DVE
Joc
Igz
MF0
N4g
M1E
AYB
CJX
DD8
E21
FWz
H31
JYj
L9k
DMl
E5y
Fp3
KYG
LWQ
NeV
Dpb
Fnf
JQX
LPP
LQp
N6r
I5y
BP5
Hqv
KSE
BxF
GG6
EWl
CMg
N9O
MZi
C0l
ETr
Eju
B9s
AEr
Dhk
ITs
KhI
Ikt
JM0
LVb
FSB
D_3
J6y
EK3
HRa
HjG
I9d
I9o
JaF
Jmu
N6y
Jab
Mf_
CWM
ItW
A3W
CIQ
Eg1
Ejg
JJi
Ji5
N4P
Ago
C31
G27
Gyb
JKW
N7i
MUb
K2G
BtP
KfS
C8p
HAj
G7x
IpK
Jje
KNs
MHv
NGi
NUi
N3Y
BRr
ESm
Gyp
Lad
BTc
Db7
ESH
EYg
F7p
J2a
LSG
MPM
KXO
GGR
B3E
NOQ
MKF
Cdq
LEC
MC6
J48
KHe
AGm
G1k
DPN
I5i
Ema
H08
EVJ
EHL
BL7
G_a
DXf
IsX
HUZ
GtP
BpM
IZY
IdC
GiC
B4f
EaV
IrQ
Fwj
FHL
DE8
LZx
JLf
EA2
AuA
K8e
Ggo
Gwd
Kfy
I3l
DKU
KE9
LLd
A60
DiP
EYl
Fre
Ghv
Gsa
Kty
NPG
CFe
Daf
FyH
K2m
JXB
NpH
IYy
GtJ
LiE
FsC
I3p
CMb
CKS
LUw
KO4
N29
KKc
HLo
EWT
G5S
GDY
HXj
KdC
EkE
LJ5
CFx
EiX
EOQ
E9q
Afd
HYM
JIT
I2o
CvP
DXs
IYD
E8E
CX8
E9y
FXY
NKH
NfG
BmG
ANH
BEO
JlG
AvM
Nlt
KL0
Fwv
AO1
AXW
AuJ
HDr
EKG
F0p
HdO
GUQ
GYr
JbJ
ArG
JnB
BQZ
EE6
A9d
Nnm
G2c
LDu
H49
DDe
JlY
Aft
Lvx
FJH
N8h
E9N
EXr
Hb2
Flw
MKy
MvF
CUw
HEA
JXm
Bkp
EhZ
Fse
GWp
LAk
MNC
MVl
C2N
KNA
C5p
GPg
Mf0
C7I
BVr
H0s
MD9
N_n
M_e
Eva
E7o
I6L
Hm8
AnJ
Hbo
KFI
I8E
BDk
FzF
Bfx
DVS
Aud
EAq
Gn_
Bhe
D_F
Inu
LmO
Htg
FMD
K9Q
DsJ
G2h
KFT
Mxb
FdF
B1A
AaT
MgO
DHg
NSw
FWF
G7k
JCf
KU0
BP8
EO4
IdL
Iwh
MYm
Fg4
B2w
EKV
AsA
BjA
J_7
EnK
DIo
CAP
Anm
BoK
EJD
EJh
KLf
LRp
HMv
Kld
G4_
EET
DNF
Mr_
AKO
F2F
DMJ
K3J
K0_
NBJ
M9D
JRj
HbD
G2Z
GbD
HDR
Ioq
FCS
Gox
JwA
Kdz
Hil
Dht
DDL
Abd
Gow
EHF
G8Y
Fck
A9U
EQQ
IUy
JC5
C1O
Lvb
Bpp
J07
FSN
C3W
Fe0
